2022-12-25 15:23:39,808:WARNING:
'cuml' is a soft dependency and not included in the pycaret installation. Please run: `pip install cuml` to install.
2022-12-25 15:23:39,808:WARNING:
'cuml' is a soft dependency and not included in the pycaret installation. Please run: `pip install cuml` to install.
2022-12-25 15:23:39,808:WARNING:
'cuml' is a soft dependency and not included in the pycaret installation. Please run: `pip install cuml` to install.
2022-12-25 15:23:39,808:WARNING:
'cuml' is a soft dependency and not included in the pycaret installation. Please run: `pip install cuml` to install.
2022-12-25 15:23:40,201:WARNING:
'prophet' is a soft dependency and not included in the pycaret installation. Please run: `pip install prophet` to install.
2022-12-25 15:23:40,296:INFO:PyCaret RegressionExperiment
2022-12-25 15:23:40,296:INFO:Logging name: diamond
2022-12-25 15:23:40,297:INFO:ML Usecase: MLUsecase.REGRESSION
2022-12-25 15:23:40,297:INFO:version 3.0.0.rc6
2022-12-25 15:23:40,297:INFO:Initializing setup()
2022-12-25 15:23:40,297:INFO:self.USI: 75b8
2022-12-25 15:23:40,297:INFO:self._variable_keys: {'gpu_param', 'X', '_ml_usecase', 'exp_id', 'gpu_n_jobs_param', 'y_test', 'X_test', 'fold_generator', 'memory', 'target_param', 'y', 'fold_shuffle_param', 'log_plots_param', 'idx', '_available_plots', 'fold_groups_param', 'exp_name_log', 'n_jobs_param', 'USI', 'seed', 'logging_param', 'html_param', 'X_train', 'pipeline', 'transform_target_param', 'data', 'y_train'}
2022-12-25 15:23:40,297:INFO:Checking environment
2022-12-25 15:23:40,297:INFO:python_version: 3.10.4
2022-12-25 15:23:40,297:INFO:python_build: ('v3.10.4:9d38120e33', 'Mar 23 2022 17:29:05')
2022-12-25 15:23:40,297:INFO:machine: x86_64
2022-12-25 15:23:40,297:INFO:platform: macOS-12.6.2-x86_64-i386-64bit
2022-12-25 15:23:40,298:INFO:Memory: svmem(total=8589934592, available=3581243392, percent=58.3, used=4895088640, free=70012928, active=3519221760, inactive=3348652032, wired=1375866880)
2022-12-25 15:23:40,298:INFO:Physical Core: 2
2022-12-25 15:23:40,298:INFO:Logical Core: 4
2022-12-25 15:23:40,298:INFO:Checking libraries
2022-12-25 15:23:40,298:INFO:System:
2022-12-25 15:23:40,298:INFO:    python: 3.10.4 (v3.10.4:9d38120e33, Mar 23 2022, 17:29:05) [Clang 13.0.0 (clang-1300.0.29.30)]
2022-12-25 15:23:40,298:INFO:executable: /Library/Frameworks/Python.framework/Versions/3.10/bin/python3.10
2022-12-25 15:23:40,298:INFO:   machine: macOS-12.6.2-x86_64-i386-64bit
2022-12-25 15:23:40,298:INFO:PyCaret required dependencies:
2022-12-25 15:23:40,298:INFO:                 pip: 22.3.1
2022-12-25 15:23:40,298:INFO:          setuptools: 65.6.3
2022-12-25 15:23:40,298:INFO:             pycaret: 3.0.0rc6
2022-12-25 15:23:40,298:INFO:             IPython: 8.7.0
2022-12-25 15:23:40,298:INFO:          ipywidgets: 8.0.4
2022-12-25 15:23:40,298:INFO:                tqdm: 4.64.1
2022-12-25 15:23:40,299:INFO:               numpy: 1.22.4
2022-12-25 15:23:40,299:INFO:              pandas: 1.5.1
2022-12-25 15:23:40,299:INFO:              jinja2: 3.1.2
2022-12-25 15:23:40,299:INFO:               scipy: 1.9.3
2022-12-25 15:23:40,299:INFO:              joblib: 1.2.0
2022-12-25 15:23:40,299:INFO:             sklearn: 1.1.3
2022-12-25 15:23:40,299:INFO:                pyod: 1.0.7
2022-12-25 15:23:40,299:INFO:            imblearn: 0.10.0
2022-12-25 15:23:40,299:INFO:   category_encoders: 2.5.1.post0
2022-12-25 15:23:40,299:INFO:            lightgbm: 3.3.3
2022-12-25 15:23:40,299:INFO:               numba: 0.56.4
2022-12-25 15:23:40,299:INFO:            requests: 2.28.1
2022-12-25 15:23:40,299:INFO:          matplotlib: 3.6.2
2022-12-25 15:23:40,299:INFO:          scikitplot: 0.3.7
2022-12-25 15:23:40,299:INFO:         yellowbrick: 1.5
2022-12-25 15:23:40,299:INFO:              plotly: 5.11.0
2022-12-25 15:23:40,299:INFO:             kaleido: 0.2.1
2022-12-25 15:23:40,299:INFO:         statsmodels: 0.13.5
2022-12-25 15:23:40,299:INFO:              sktime: 0.14.1
2022-12-25 15:23:40,299:INFO:               tbats: 1.1.2
2022-12-25 15:23:40,300:INFO:            pmdarima: 2.0.2
2022-12-25 15:23:40,300:INFO:              psutil: 5.9.4
2022-12-25 15:23:40,300:INFO:PyCaret optional dependencies:
2022-12-25 15:23:40,308:INFO:                shap: 0.41.0
2022-12-25 15:23:40,308:INFO:           interpret: Not installed
2022-12-25 15:23:40,308:INFO:                umap: Not installed
2022-12-25 15:23:40,308:INFO:    pandas_profiling: Not installed
2022-12-25 15:23:40,308:INFO:  explainerdashboard: Not installed
2022-12-25 15:23:40,308:INFO:             autoviz: Not installed
2022-12-25 15:23:40,308:INFO:           fairlearn: Not installed
2022-12-25 15:23:40,308:INFO:             xgboost: Not installed
2022-12-25 15:23:40,308:INFO:            catboost: Not installed
2022-12-25 15:23:40,308:INFO:              kmodes: Not installed
2022-12-25 15:23:40,309:INFO:             mlxtend: Not installed
2022-12-25 15:23:40,309:INFO:       statsforecast: Not installed
2022-12-25 15:23:40,309:INFO:        tune_sklearn: Not installed
2022-12-25 15:23:40,309:INFO:                 ray: Not installed
2022-12-25 15:23:40,309:INFO:            hyperopt: Not installed
2022-12-25 15:23:40,309:INFO:              optuna: Not installed
2022-12-25 15:23:40,309:INFO:               skopt: Not installed
2022-12-25 15:23:40,309:INFO:              mlflow: 2.0.1
2022-12-25 15:23:40,309:INFO:              gradio: Not installed
2022-12-25 15:23:40,309:INFO:             fastapi: Not installed
2022-12-25 15:23:40,309:INFO:             uvicorn: Not installed
2022-12-25 15:23:40,309:INFO:              m2cgen: Not installed
2022-12-25 15:23:40,309:INFO:           evidently: Not installed
2022-12-25 15:23:40,309:INFO:                nltk: Not installed
2022-12-25 15:23:40,309:INFO:            pyLDAvis: Not installed
2022-12-25 15:23:40,309:INFO:              gensim: Not installed
2022-12-25 15:23:40,310:INFO:               spacy: Not installed
2022-12-25 15:23:40,310:INFO:           wordcloud: Not installed
2022-12-25 15:23:40,310:INFO:            textblob: Not installed
2022-12-25 15:23:40,310:INFO:               fugue: Not installed
2022-12-25 15:23:40,310:INFO:           streamlit: Not installed
2022-12-25 15:23:40,310:INFO:             prophet: Not installed
2022-12-25 15:23:40,310:INFO:None
2022-12-25 15:23:40,310:INFO:Set up data.
2022-12-25 15:23:40,326:INFO:Set up train/test split.
2022-12-25 15:23:40,335:INFO:Set up index.
2022-12-25 15:23:40,335:INFO:Set up folding strategy.
2022-12-25 15:23:40,335:INFO:Assigning column types.
2022-12-25 15:23:40,343:INFO:Engine successfully changes for model 'lr' to 'sklearn'.
2022-12-25 15:23:40,343:INFO:Engine for model 'lasso' has not been set explicitly, hence returning None.
2022-12-25 15:23:40,352:INFO:Engine for model 'ridge' has not been set explicitly, hence returning None.
2022-12-25 15:23:40,360:INFO:Engine for model 'en' has not been set explicitly, hence returning None.
2022-12-25 15:23:40,466:INFO:Engine for model 'svm' has not been set explicitly, hence returning None.
2022-12-25 15:23:40,546:INFO:Engine for model 'knn' has not been set explicitly, hence returning None.
2022-12-25 15:23:40,548:WARNING:
'xgboost' is a soft dependency and not included in the pycaret installation. Please run: `pip install xgboost` to install.
Alternately, you can install this by running `pip install pycaret[models]`
2022-12-25 15:23:40,587:WARNING:
'catboost' is a soft dependency and not included in the pycaret installation. Please run: `pip install catboost` to install.
Alternately, you can install this by running `pip install pycaret[models]`
2022-12-25 15:23:40,587:INFO:Engine for model 'lasso' has not been set explicitly, hence returning None.
2022-12-25 15:23:40,595:INFO:Engine for model 'ridge' has not been set explicitly, hence returning None.
2022-12-25 15:23:40,602:INFO:Engine for model 'en' has not been set explicitly, hence returning None.
2022-12-25 15:23:40,690:INFO:Engine for model 'svm' has not been set explicitly, hence returning None.
2022-12-25 15:23:40,757:INFO:Engine for model 'knn' has not been set explicitly, hence returning None.
2022-12-25 15:23:40,757:WARNING:
'xgboost' is a soft dependency and not included in the pycaret installation. Please run: `pip install xgboost` to install.
Alternately, you can install this by running `pip install pycaret[models]`
2022-12-25 15:23:40,758:WARNING:
'catboost' is a soft dependency and not included in the pycaret installation. Please run: `pip install catboost` to install.
Alternately, you can install this by running `pip install pycaret[models]`
2022-12-25 15:23:40,758:INFO:Engine successfully changes for model 'lasso' to 'sklearn'.
2022-12-25 15:23:40,765:INFO:Engine for model 'ridge' has not been set explicitly, hence returning None.
2022-12-25 15:23:40,772:INFO:Engine for model 'en' has not been set explicitly, hence returning None.
2022-12-25 15:23:40,858:INFO:Engine for model 'svm' has not been set explicitly, hence returning None.
2022-12-25 15:23:40,925:INFO:Engine for model 'knn' has not been set explicitly, hence returning None.
2022-12-25 15:23:40,925:WARNING:
'xgboost' is a soft dependency and not included in the pycaret installation. Please run: `pip install xgboost` to install.
Alternately, you can install this by running `pip install pycaret[models]`
2022-12-25 15:23:40,926:WARNING:
'catboost' is a soft dependency and not included in the pycaret installation. Please run: `pip install catboost` to install.
Alternately, you can install this by running `pip install pycaret[models]`
2022-12-25 15:23:40,933:INFO:Engine for model 'ridge' has not been set explicitly, hence returning None.
2022-12-25 15:23:40,940:INFO:Engine for model 'en' has not been set explicitly, hence returning None.
2022-12-25 15:23:41,026:INFO:Engine for model 'svm' has not been set explicitly, hence returning None.
2022-12-25 15:23:41,092:INFO:Engine for model 'knn' has not been set explicitly, hence returning None.
2022-12-25 15:23:41,093:WARNING:
'xgboost' is a soft dependency and not included in the pycaret installation. Please run: `pip install xgboost` to install.
Alternately, you can install this by running `pip install pycaret[models]`
2022-12-25 15:23:41,093:WARNING:
'catboost' is a soft dependency and not included in the pycaret installation. Please run: `pip install catboost` to install.
Alternately, you can install this by running `pip install pycaret[models]`
2022-12-25 15:23:41,093:INFO:Engine successfully changes for model 'ridge' to 'sklearn'.
2022-12-25 15:23:41,107:INFO:Engine for model 'en' has not been set explicitly, hence returning None.
2022-12-25 15:23:41,196:INFO:Engine for model 'svm' has not been set explicitly, hence returning None.
2022-12-25 15:23:41,262:INFO:Engine for model 'knn' has not been set explicitly, hence returning None.
2022-12-25 15:23:41,263:WARNING:
'xgboost' is a soft dependency and not included in the pycaret installation. Please run: `pip install xgboost` to install.
Alternately, you can install this by running `pip install pycaret[models]`
2022-12-25 15:23:41,263:WARNING:
'catboost' is a soft dependency and not included in the pycaret installation. Please run: `pip install catboost` to install.
Alternately, you can install this by running `pip install pycaret[models]`
2022-12-25 15:23:41,277:INFO:Engine for model 'en' has not been set explicitly, hence returning None.
2022-12-25 15:23:41,363:INFO:Engine for model 'svm' has not been set explicitly, hence returning None.
2022-12-25 15:23:41,430:INFO:Engine for model 'knn' has not been set explicitly, hence returning None.
2022-12-25 15:23:41,431:WARNING:
'xgboost' is a soft dependency and not included in the pycaret installation. Please run: `pip install xgboost` to install.
Alternately, you can install this by running `pip install pycaret[models]`
2022-12-25 15:23:41,431:WARNING:
'catboost' is a soft dependency and not included in the pycaret installation. Please run: `pip install catboost` to install.
Alternately, you can install this by running `pip install pycaret[models]`
2022-12-25 15:23:41,431:INFO:Engine successfully changes for model 'en' to 'sklearn'.
2022-12-25 15:23:41,539:INFO:Engine for model 'svm' has not been set explicitly, hence returning None.
2022-12-25 15:23:41,614:INFO:Engine for model 'knn' has not been set explicitly, hence returning None.
2022-12-25 15:23:41,616:WARNING:
'xgboost' is a soft dependency and not included in the pycaret installation. Please run: `pip install xgboost` to install.
Alternately, you can install this by running `pip install pycaret[models]`
2022-12-25 15:23:41,616:WARNING:
'catboost' is a soft dependency and not included in the pycaret installation. Please run: `pip install catboost` to install.
Alternately, you can install this by running `pip install pycaret[models]`
2022-12-25 15:23:41,749:INFO:Engine for model 'svm' has not been set explicitly, hence returning None.
2022-12-25 15:23:41,816:INFO:Engine for model 'knn' has not been set explicitly, hence returning None.
2022-12-25 15:23:41,821:WARNING:
'xgboost' is a soft dependency and not included in the pycaret installation. Please run: `pip install xgboost` to install.
Alternately, you can install this by running `pip install pycaret[models]`
2022-12-25 15:23:41,822:WARNING:
'catboost' is a soft dependency and not included in the pycaret installation. Please run: `pip install catboost` to install.
Alternately, you can install this by running `pip install pycaret[models]`
2022-12-25 15:23:41,822:INFO:Engine successfully changes for model 'knn' to 'sklearn'.
2022-12-25 15:23:41,924:INFO:Engine for model 'svm' has not been set explicitly, hence returning None.
2022-12-25 15:23:41,991:WARNING:
'xgboost' is a soft dependency and not included in the pycaret installation. Please run: `pip install xgboost` to install.
Alternately, you can install this by running `pip install pycaret[models]`
2022-12-25 15:23:41,991:WARNING:
'catboost' is a soft dependency and not included in the pycaret installation. Please run: `pip install catboost` to install.
Alternately, you can install this by running `pip install pycaret[models]`
2022-12-25 15:23:42,093:INFO:Engine for model 'svm' has not been set explicitly, hence returning None.
2022-12-25 15:23:42,161:WARNING:
'xgboost' is a soft dependency and not included in the pycaret installation. Please run: `pip install xgboost` to install.
Alternately, you can install this by running `pip install pycaret[models]`
2022-12-25 15:23:42,161:WARNING:
'catboost' is a soft dependency and not included in the pycaret installation. Please run: `pip install catboost` to install.
Alternately, you can install this by running `pip install pycaret[models]`
2022-12-25 15:23:42,162:INFO:Engine successfully changes for model 'svm' to 'sklearn'.
2022-12-25 15:23:42,394:WARNING:
'xgboost' is a soft dependency and not included in the pycaret installation. Please run: `pip install xgboost` to install.
Alternately, you can install this by running `pip install pycaret[models]`
2022-12-25 15:23:42,394:WARNING:
'catboost' is a soft dependency and not included in the pycaret installation. Please run: `pip install catboost` to install.
Alternately, you can install this by running `pip install pycaret[models]`
2022-12-25 15:23:42,562:WARNING:
'xgboost' is a soft dependency and not included in the pycaret installation. Please run: `pip install xgboost` to install.
Alternately, you can install this by running `pip install pycaret[models]`
2022-12-25 15:23:42,562:WARNING:
'catboost' is a soft dependency and not included in the pycaret installation. Please run: `pip install catboost` to install.
Alternately, you can install this by running `pip install pycaret[models]`
2022-12-25 15:23:42,563:INFO:Preparing preprocessing pipeline...
2022-12-25 15:23:42,564:INFO:Set up target transformation.
2022-12-25 15:23:42,564:INFO:Set up simple imputation.
2022-12-25 15:23:42,569:INFO:Set up encoding of ordinal features.
2022-12-25 15:23:42,571:INFO:Set up encoding of categorical features.
2022-12-25 15:23:43,041:WARNING:/Library/Frameworks/Python.framework/Versions/3.10/lib/python3.10/site-packages/category_encoders/one_hot.py:145: FutureWarning:

iteritems is deprecated and will be removed in a future version. Use .items instead.


2022-12-25 15:23:43,044:WARNING:/Library/Frameworks/Python.framework/Versions/3.10/lib/python3.10/site-packages/category_encoders/one_hot.py:145: FutureWarning:

iteritems is deprecated and will be removed in a future version. Use .items instead.


2022-12-25 15:23:43,047:WARNING:/Library/Frameworks/Python.framework/Versions/3.10/lib/python3.10/site-packages/category_encoders/one_hot.py:145: FutureWarning:

iteritems is deprecated and will be removed in a future version. Use .items instead.


2022-12-25 15:23:43,051:WARNING:/Library/Frameworks/Python.framework/Versions/3.10/lib/python3.10/site-packages/category_encoders/one_hot.py:145: FutureWarning:

iteritems is deprecated and will be removed in a future version. Use .items instead.


2022-12-25 15:23:43,054:WARNING:/Library/Frameworks/Python.framework/Versions/3.10/lib/python3.10/site-packages/category_encoders/one_hot.py:145: FutureWarning:

iteritems is deprecated and will be removed in a future version. Use .items instead.


2022-12-25 15:23:43,087:INFO:Finished creating preprocessing pipeline.
2022-12-25 15:23:43,105:INFO:Pipeline: Pipeline(memory=Memory(location=/var/folders/tx/tvrbt_d50h975szsn64bw3yr0000gn/T/joblib),
         steps=[('target_transformation',
                 TransformerWrapperWithInverse(transformer=TargetTransformer(estimator=PowerTransformer(standardize=False)))),
                ('numerical_imputer',
                 TransformerWrapper(include=['Carat Weight'],
                                    transformer=SimpleImputer())),
                ('categorical_imputer',
                 Tra...
                                    transformer=OrdinalEncoder(cols=['Report'],
                                                               handle_missing='return_nan',
                                                               mapping=[{'col': 'Report',
                                                                         'mapping': {nan: -1,
                                                                                     'AGSL': 0,
                                                                                     'GIA': 1}}]))),
                ('onehot_encoding',
                 TransformerWrapper(include=['Cut', 'Color', 'Clarity',
                                             'Polish', 'Symmetry'],
                                    transformer=OneHotEncoder(cols=['Cut',
                                                                    'Color',
                                                                    'Clarity',
                                                                    'Polish',
                                                                    'Symmetry'],
                                                              handle_missing='return_nan',
                                                              use_cat_names=True)))])
2022-12-25 15:23:43,105:INFO:Creating final display dataframe.
2022-12-25 15:23:45,414:INFO:Setup _display_container:                  Description         Value
0                 Session id          8916
1                     Target         Price
2                Target type    Regression
3                 Data shape    (6000, 29)
4           Train data shape    (4200, 29)
5            Test data shape    (1800, 29)
6           Ordinal features             1
7           Numeric features             1
8       Categorical features             6
9                 Preprocess          True
10           Imputation type        simple
11        Numeric imputation          mean
12    Categorical imputation          mode
13  Maximum one-hot encoding            25
14           Encoding method          None
15          Transform target          True
16   Transform target method   yeo-johnson
17            Fold Generator         KFold
18               Fold Number            10
19                  CPU Jobs            -1
20                   Use GPU         False
21            Log Experiment  MlflowLogger
22           Experiment Name       diamond
23                       USI          75b8
2022-12-25 15:23:45,627:WARNING:
'xgboost' is a soft dependency and not included in the pycaret installation. Please run: `pip install xgboost` to install.
Alternately, you can install this by running `pip install pycaret[models]`
2022-12-25 15:23:45,628:WARNING:
'catboost' is a soft dependency and not included in the pycaret installation. Please run: `pip install catboost` to install.
Alternately, you can install this by running `pip install pycaret[models]`
2022-12-25 15:23:45,798:WARNING:
'xgboost' is a soft dependency and not included in the pycaret installation. Please run: `pip install xgboost` to install.
Alternately, you can install this by running `pip install pycaret[models]`
2022-12-25 15:23:45,798:WARNING:
'catboost' is a soft dependency and not included in the pycaret installation. Please run: `pip install catboost` to install.
Alternately, you can install this by running `pip install pycaret[models]`
2022-12-25 15:23:45,799:INFO:Logging experiment in loggers
2022-12-25 15:23:46,107:INFO:SubProcess save_model() called ==================================
2022-12-25 15:23:46,167:INFO:Initializing save_model()
2022-12-25 15:23:46,167:INFO:save_model(model=Pipeline(memory=Memory(location=/var/folders/tx/tvrbt_d50h975szsn64bw3yr0000gn/T/joblib),
         steps=[('target_transformation',
                 TransformerWrapperWithInverse(transformer=TargetTransformer(estimator=PowerTransformer(standardize=False)))),
                ('numerical_imputer',
                 TransformerWrapper(include=['Carat Weight'],
                                    transformer=SimpleImputer())),
                ('categorical_imputer',
                 Tra...
                                    transformer=OrdinalEncoder(cols=['Report'],
                                                               handle_missing='return_nan',
                                                               mapping=[{'col': 'Report',
                                                                         'mapping': {nan: -1,
                                                                                     'AGSL': 0,
                                                                                     'GIA': 1}}]))),
                ('onehot_encoding',
                 TransformerWrapper(include=['Cut', 'Color', 'Clarity',
                                             'Polish', 'Symmetry'],
                                    transformer=OneHotEncoder(cols=['Cut',
                                                                    'Color',
                                                                    'Clarity',
                                                                    'Polish',
                                                                    'Symmetry'],
                                                              handle_missing='return_nan',
                                                              use_cat_names=True)))]), model_name=/var/folders/tx/tvrbt_d50h975szsn64bw3yr0000gn/T/tmphcl2alz7/Transformation Pipeline, prep_pipe_=Pipeline(memory=Memory(location=/var/folders/tx/tvrbt_d50h975szsn64bw3yr0000gn/T/joblib),
         steps=[('target_transformation',
                 TransformerWrapperWithInverse(transformer=TargetTransformer(estimator=PowerTransformer(standardize=False)))),
                ('numerical_imputer',
                 TransformerWrapper(include=['Carat Weight'],
                                    transformer=SimpleImputer())),
                ('categorical_imputer',
                 Tra...
                                    transformer=OrdinalEncoder(cols=['Report'],
                                                               handle_missing='return_nan',
                                                               mapping=[{'col': 'Report',
                                                                         'mapping': {nan: -1,
                                                                                     'AGSL': 0,
                                                                                     'GIA': 1}}]))),
                ('onehot_encoding',
                 TransformerWrapper(include=['Cut', 'Color', 'Clarity',
                                             'Polish', 'Symmetry'],
                                    transformer=OneHotEncoder(cols=['Cut',
                                                                    'Color',
                                                                    'Clarity',
                                                                    'Polish',
                                                                    'Symmetry'],
                                                              handle_missing='return_nan',
                                                              use_cat_names=True)))]), verbose=False, use_case=MLUsecase.REGRESSION, kwargs={})
2022-12-25 15:23:46,168:INFO:Adding model into prep_pipe
2022-12-25 15:23:46,172:WARNING:Only Model saved as it was a pipeline.
2022-12-25 15:23:46,190:INFO:/var/folders/tx/tvrbt_d50h975szsn64bw3yr0000gn/T/tmphcl2alz7/Transformation Pipeline.pkl saved in current working directory
2022-12-25 15:23:46,224:INFO:Pipeline(memory=Memory(location=/var/folders/tx/tvrbt_d50h975szsn64bw3yr0000gn/T/joblib),
         steps=[('target_transformation',
                 TransformerWrapperWithInverse(transformer=TargetTransformer(estimator=PowerTransformer(standardize=False)))),
                ('numerical_imputer',
                 TransformerWrapper(include=['Carat Weight'],
                                    transformer=SimpleImputer())),
                ('categorical_imputer',
                 Tra...
                                    transformer=OrdinalEncoder(cols=['Report'],
                                                               handle_missing='return_nan',
                                                               mapping=[{'col': 'Report',
                                                                         'mapping': {nan: -1,
                                                                                     'AGSL': 0,
                                                                                     'GIA': 1}}]))),
                ('onehot_encoding',
                 TransformerWrapper(include=['Cut', 'Color', 'Clarity',
                                             'Polish', 'Symmetry'],
                                    transformer=OneHotEncoder(cols=['Cut',
                                                                    'Color',
                                                                    'Clarity',
                                                                    'Polish',
                                                                    'Symmetry'],
                                                              handle_missing='return_nan',
                                                              use_cat_names=True)))])
2022-12-25 15:23:46,224:INFO:save_model() successfully completed......................................
2022-12-25 15:23:46,378:INFO:SubProcess save_model() end ==================================
2022-12-25 15:23:46,386:INFO:setup() successfully completed in 5.5s...............
2022-12-25 15:23:49,293:INFO:Initializing compare_models()
2022-12-25 15:23:49,294:INFO:compare_models(self=<pycaret.regression.oop.RegressionExperiment object at 0x127ed2b60>, include=None, fold=None, round=4, cross_validation=True, sort=R2, n_select=1, budget_time=None, turbo=True, errors=ignore, fit_kwargs=None, groups=None, experiment_custom_tags=None, probability_threshold=None, verbose=True, parallel=None, caller_params={'self': <pycaret.regression.oop.RegressionExperiment object at 0x127ed2b60>, 'include': None, 'exclude': None, 'fold': None, 'round': 4, 'cross_validation': True, 'sort': 'R2', 'n_select': 1, 'budget_time': None, 'turbo': True, 'errors': 'ignore', 'fit_kwargs': None, 'groups': None, 'experiment_custom_tags': None, 'engine': None, 'verbose': True, 'parallel': None, '__class__': <class 'pycaret.regression.oop.RegressionExperiment'>}, exclude=None)
2022-12-25 15:23:49,295:INFO:Checking exceptions
2022-12-25 15:23:49,300:INFO:Preparing display monitor
2022-12-25 15:23:49,444:INFO:Initializing Linear Regression
2022-12-25 15:23:49,445:INFO:Total runtime is 1.095136006673177e-05 minutes
2022-12-25 15:23:49,452:INFO:SubProcess create_model() called ==================================
2022-12-25 15:23:49,453:INFO:Initializing create_model()
2022-12-25 15:23:49,453:INFO:create_model(self=<pycaret.regression.oop.RegressionExperiment object at 0x127ed2b60>, estimator=lr, fold=KFold(n_splits=10, random_state=None, shuffle=False), round=4, cross_validation=True, predict=True, fit_kwargs={}, groups=None, refit=False, probability_threshold=None, experiment_custom_tags=None, verbose=False, system=False, add_to_model_list=True, metrics=None, display=<pycaret.internal.display.display.CommonDisplay object at 0x10b1bc9a0>, model_only=True, return_train_score=False, kwargs={})
2022-12-25 15:23:49,454:INFO:Checking exceptions
2022-12-25 15:23:49,454:INFO:Importing libraries
2022-12-25 15:23:49,455:INFO:Copying training dataset
2022-12-25 15:23:49,475:INFO:Defining folds
2022-12-25 15:23:49,475:INFO:Declaring metric variables
2022-12-25 15:23:49,481:INFO:Importing untrained model
2022-12-25 15:23:49,490:INFO:Linear Regression Imported successfully
2022-12-25 15:23:49,508:INFO:Starting cross validation
2022-12-25 15:23:49,529:INFO:Cross validating with KFold(n_splits=10, random_state=None, shuffle=False), n_jobs=-1
2022-12-25 15:23:58,173:WARNING:/Library/Frameworks/Python.framework/Versions/3.10/lib/python3.10/site-packages/category_encoders/one_hot.py:145: FutureWarning: iteritems is deprecated and will be removed in a future version. Use .items instead.
  for cat_name, class_ in values.iteritems():

2022-12-25 15:23:58,180:WARNING:/Library/Frameworks/Python.framework/Versions/3.10/lib/python3.10/site-packages/category_encoders/one_hot.py:145: FutureWarning: iteritems is deprecated and will be removed in a future version. Use .items instead.
  for cat_name, class_ in values.iteritems():

2022-12-25 15:23:58,180:WARNING:/Library/Frameworks/Python.framework/Versions/3.10/lib/python3.10/site-packages/category_encoders/one_hot.py:145: FutureWarning: iteritems is deprecated and will be removed in a future version. Use .items instead.
  for cat_name, class_ in values.iteritems():

2022-12-25 15:23:58,183:WARNING:/Library/Frameworks/Python.framework/Versions/3.10/lib/python3.10/site-packages/category_encoders/one_hot.py:145: FutureWarning: iteritems is deprecated and will be removed in a future version. Use .items instead.
  for cat_name, class_ in values.iteritems():

2022-12-25 15:23:58,185:WARNING:/Library/Frameworks/Python.framework/Versions/3.10/lib/python3.10/site-packages/category_encoders/one_hot.py:145: FutureWarning: iteritems is deprecated and will be removed in a future version. Use .items instead.
  for cat_name, class_ in values.iteritems():

2022-12-25 15:23:58,186:WARNING:/Library/Frameworks/Python.framework/Versions/3.10/lib/python3.10/site-packages/category_encoders/one_hot.py:145: FutureWarning: iteritems is deprecated and will be removed in a future version. Use .items instead.
  for cat_name, class_ in values.iteritems():

2022-12-25 15:23:58,188:WARNING:/Library/Frameworks/Python.framework/Versions/3.10/lib/python3.10/site-packages/category_encoders/one_hot.py:145: FutureWarning: iteritems is deprecated and will be removed in a future version. Use .items instead.
  for cat_name, class_ in values.iteritems():

2022-12-25 15:23:58,189:WARNING:/Library/Frameworks/Python.framework/Versions/3.10/lib/python3.10/site-packages/category_encoders/one_hot.py:145: FutureWarning: iteritems is deprecated and will be removed in a future version. Use .items instead.
  for cat_name, class_ in values.iteritems():

2022-12-25 15:23:58,191:WARNING:/Library/Frameworks/Python.framework/Versions/3.10/lib/python3.10/site-packages/category_encoders/one_hot.py:145: FutureWarning: iteritems is deprecated and will be removed in a future version. Use .items instead.
  for cat_name, class_ in values.iteritems():

2022-12-25 15:23:58,194:WARNING:/Library/Frameworks/Python.framework/Versions/3.10/lib/python3.10/site-packages/category_encoders/one_hot.py:145: FutureWarning: iteritems is deprecated and will be removed in a future version. Use .items instead.
  for cat_name, class_ in values.iteritems():

2022-12-25 15:23:58,197:WARNING:/Library/Frameworks/Python.framework/Versions/3.10/lib/python3.10/site-packages/category_encoders/one_hot.py:145: FutureWarning: iteritems is deprecated and will be removed in a future version. Use .items instead.
  for cat_name, class_ in values.iteritems():

2022-12-25 15:23:58,198:WARNING:/Library/Frameworks/Python.framework/Versions/3.10/lib/python3.10/site-packages/category_encoders/one_hot.py:145: FutureWarning: iteritems is deprecated and will be removed in a future version. Use .items instead.
  for cat_name, class_ in values.iteritems():

2022-12-25 15:23:58,198:WARNING:/Library/Frameworks/Python.framework/Versions/3.10/lib/python3.10/site-packages/category_encoders/one_hot.py:145: FutureWarning: iteritems is deprecated and will be removed in a future version. Use .items instead.
  for cat_name, class_ in values.iteritems():

2022-12-25 15:23:58,201:WARNING:/Library/Frameworks/Python.framework/Versions/3.10/lib/python3.10/site-packages/category_encoders/one_hot.py:145: FutureWarning: iteritems is deprecated and will be removed in a future version. Use .items instead.
  for cat_name, class_ in values.iteritems():

2022-12-25 15:23:58,204:WARNING:/Library/Frameworks/Python.framework/Versions/3.10/lib/python3.10/site-packages/category_encoders/one_hot.py:145: FutureWarning: iteritems is deprecated and will be removed in a future version. Use .items instead.
  for cat_name, class_ in values.iteritems():

2022-12-25 15:23:58,204:WARNING:/Library/Frameworks/Python.framework/Versions/3.10/lib/python3.10/site-packages/category_encoders/one_hot.py:145: FutureWarning: iteritems is deprecated and will be removed in a future version. Use .items instead.
  for cat_name, class_ in values.iteritems():

2022-12-25 15:23:58,205:WARNING:/Library/Frameworks/Python.framework/Versions/3.10/lib/python3.10/site-packages/category_encoders/one_hot.py:145: FutureWarning: iteritems is deprecated and will be removed in a future version. Use .items instead.
  for cat_name, class_ in values.iteritems():

2022-12-25 15:23:58,209:WARNING:/Library/Frameworks/Python.framework/Versions/3.10/lib/python3.10/site-packages/category_encoders/one_hot.py:145: FutureWarning: iteritems is deprecated and will be removed in a future version. Use .items instead.
  for cat_name, class_ in values.iteritems():

2022-12-25 15:23:58,209:WARNING:/Library/Frameworks/Python.framework/Versions/3.10/lib/python3.10/site-packages/category_encoders/one_hot.py:145: FutureWarning: iteritems is deprecated and will be removed in a future version. Use .items instead.
  for cat_name, class_ in values.iteritems():

2022-12-25 15:23:58,211:WARNING:/Library/Frameworks/Python.framework/Versions/3.10/lib/python3.10/site-packages/category_encoders/one_hot.py:145: FutureWarning: iteritems is deprecated and will be removed in a future version. Use .items instead.
  for cat_name, class_ in values.iteritems():

2022-12-25 15:23:59,119:WARNING:/Library/Frameworks/Python.framework/Versions/3.10/lib/python3.10/site-packages/sklearn/base.py:493: FutureWarning: The feature names should match those that were passed during fit. Starting version 1.2, an error will be raised.
Feature names unseen at fit time:
- target
Feature names seen at fit time, yet now missing:
- Price

  warnings.warn(message, FutureWarning)

2022-12-25 15:23:59,121:WARNING:/Library/Frameworks/Python.framework/Versions/3.10/lib/python3.10/site-packages/sklearn/base.py:493: FutureWarning: The feature names should match those that were passed during fit. Starting version 1.2, an error will be raised.
Feature names unseen at fit time:
- target
Feature names seen at fit time, yet now missing:
- Price

  warnings.warn(message, FutureWarning)

2022-12-25 15:23:59,127:WARNING:/Library/Frameworks/Python.framework/Versions/3.10/lib/python3.10/site-packages/sklearn/base.py:493: FutureWarning: The feature names should match those that were passed during fit. Starting version 1.2, an error will be raised.
Feature names unseen at fit time:
- target
Feature names seen at fit time, yet now missing:
- Price

  warnings.warn(message, FutureWarning)

2022-12-25 15:23:59,145:WARNING:/Library/Frameworks/Python.framework/Versions/3.10/lib/python3.10/site-packages/sklearn/base.py:493: FutureWarning: The feature names should match those that were passed during fit. Starting version 1.2, an error will be raised.
Feature names unseen at fit time:
- target
Feature names seen at fit time, yet now missing:
- Price

  warnings.warn(message, FutureWarning)

2022-12-25 15:24:00,515:WARNING:/Library/Frameworks/Python.framework/Versions/3.10/lib/python3.10/site-packages/category_encoders/one_hot.py:145: FutureWarning: iteritems is deprecated and will be removed in a future version. Use .items instead.
  for cat_name, class_ in values.iteritems():

2022-12-25 15:24:00,520:WARNING:/Library/Frameworks/Python.framework/Versions/3.10/lib/python3.10/site-packages/category_encoders/one_hot.py:145: FutureWarning: iteritems is deprecated and will be removed in a future version. Use .items instead.
  for cat_name, class_ in values.iteritems():

2022-12-25 15:24:00,527:WARNING:/Library/Frameworks/Python.framework/Versions/3.10/lib/python3.10/site-packages/category_encoders/one_hot.py:145: FutureWarning: iteritems is deprecated and will be removed in a future version. Use .items instead.
  for cat_name, class_ in values.iteritems():

2022-12-25 15:24:00,533:WARNING:/Library/Frameworks/Python.framework/Versions/3.10/lib/python3.10/site-packages/category_encoders/one_hot.py:145: FutureWarning: iteritems is deprecated and will be removed in a future version. Use .items instead.
  for cat_name, class_ in values.iteritems():

2022-12-25 15:24:00,539:WARNING:/Library/Frameworks/Python.framework/Versions/3.10/lib/python3.10/site-packages/category_encoders/one_hot.py:145: FutureWarning: iteritems is deprecated and will be removed in a future version. Use .items instead.
  for cat_name, class_ in values.iteritems():

2022-12-25 15:24:00,552:WARNING:/Library/Frameworks/Python.framework/Versions/3.10/lib/python3.10/site-packages/category_encoders/one_hot.py:145: FutureWarning: iteritems is deprecated and will be removed in a future version. Use .items instead.
  for cat_name, class_ in values.iteritems():

2022-12-25 15:24:00,559:WARNING:/Library/Frameworks/Python.framework/Versions/3.10/lib/python3.10/site-packages/category_encoders/one_hot.py:145: FutureWarning: iteritems is deprecated and will be removed in a future version. Use .items instead.
  for cat_name, class_ in values.iteritems():

2022-12-25 15:24:00,564:WARNING:/Library/Frameworks/Python.framework/Versions/3.10/lib/python3.10/site-packages/category_encoders/one_hot.py:145: FutureWarning: iteritems is deprecated and will be removed in a future version. Use .items instead.
  for cat_name, class_ in values.iteritems():

2022-12-25 15:24:00,571:WARNING:/Library/Frameworks/Python.framework/Versions/3.10/lib/python3.10/site-packages/category_encoders/one_hot.py:145: FutureWarning: iteritems is deprecated and will be removed in a future version. Use .items instead.
  for cat_name, class_ in values.iteritems():

2022-12-25 15:24:00,575:WARNING:/Library/Frameworks/Python.framework/Versions/3.10/lib/python3.10/site-packages/category_encoders/one_hot.py:145: FutureWarning: iteritems is deprecated and will be removed in a future version. Use .items instead.
  for cat_name, class_ in values.iteritems():

2022-12-25 15:24:00,577:WARNING:/Library/Frameworks/Python.framework/Versions/3.10/lib/python3.10/site-packages/category_encoders/one_hot.py:145: FutureWarning: iteritems is deprecated and will be removed in a future version. Use .items instead.
  for cat_name, class_ in values.iteritems():

2022-12-25 15:24:00,577:WARNING:/Library/Frameworks/Python.framework/Versions/3.10/lib/python3.10/site-packages/category_encoders/one_hot.py:145: FutureWarning: iteritems is deprecated and will be removed in a future version. Use .items instead.
  for cat_name, class_ in values.iteritems():

2022-12-25 15:24:00,583:WARNING:/Library/Frameworks/Python.framework/Versions/3.10/lib/python3.10/site-packages/category_encoders/one_hot.py:145: FutureWarning: iteritems is deprecated and will be removed in a future version. Use .items instead.
  for cat_name, class_ in values.iteritems():

2022-12-25 15:24:00,585:WARNING:/Library/Frameworks/Python.framework/Versions/3.10/lib/python3.10/site-packages/category_encoders/one_hot.py:145: FutureWarning: iteritems is deprecated and will be removed in a future version. Use .items instead.
  for cat_name, class_ in values.iteritems():

2022-12-25 15:24:00,590:WARNING:/Library/Frameworks/Python.framework/Versions/3.10/lib/python3.10/site-packages/category_encoders/one_hot.py:145: FutureWarning: iteritems is deprecated and will be removed in a future version. Use .items instead.
  for cat_name, class_ in values.iteritems():

2022-12-25 15:24:00,593:WARNING:/Library/Frameworks/Python.framework/Versions/3.10/lib/python3.10/site-packages/category_encoders/one_hot.py:145: FutureWarning: iteritems is deprecated and will be removed in a future version. Use .items instead.
  for cat_name, class_ in values.iteritems():

2022-12-25 15:24:00,598:WARNING:/Library/Frameworks/Python.framework/Versions/3.10/lib/python3.10/site-packages/category_encoders/one_hot.py:145: FutureWarning: iteritems is deprecated and will be removed in a future version. Use .items instead.
  for cat_name, class_ in values.iteritems():

2022-12-25 15:24:00,600:WARNING:/Library/Frameworks/Python.framework/Versions/3.10/lib/python3.10/site-packages/category_encoders/one_hot.py:145: FutureWarning: iteritems is deprecated and will be removed in a future version. Use .items instead.
  for cat_name, class_ in values.iteritems():

2022-12-25 15:24:00,603:WARNING:/Library/Frameworks/Python.framework/Versions/3.10/lib/python3.10/site-packages/category_encoders/one_hot.py:145: FutureWarning: iteritems is deprecated and will be removed in a future version. Use .items instead.
  for cat_name, class_ in values.iteritems():

2022-12-25 15:24:00,606:WARNING:/Library/Frameworks/Python.framework/Versions/3.10/lib/python3.10/site-packages/category_encoders/one_hot.py:145: FutureWarning: iteritems is deprecated and will be removed in a future version. Use .items instead.
  for cat_name, class_ in values.iteritems():

2022-12-25 15:24:01,446:WARNING:/Library/Frameworks/Python.framework/Versions/3.10/lib/python3.10/site-packages/sklearn/base.py:493: FutureWarning: The feature names should match those that were passed during fit. Starting version 1.2, an error will be raised.
Feature names unseen at fit time:
- target
Feature names seen at fit time, yet now missing:
- Price

  warnings.warn(message, FutureWarning)

2022-12-25 15:24:01,484:WARNING:/Library/Frameworks/Python.framework/Versions/3.10/lib/python3.10/site-packages/sklearn/base.py:493: FutureWarning: The feature names should match those that were passed during fit. Starting version 1.2, an error will be raised.
Feature names unseen at fit time:
- target
Feature names seen at fit time, yet now missing:
- Price

  warnings.warn(message, FutureWarning)

2022-12-25 15:24:01,515:WARNING:/Library/Frameworks/Python.framework/Versions/3.10/lib/python3.10/site-packages/sklearn/base.py:493: FutureWarning: The feature names should match those that were passed during fit. Starting version 1.2, an error will be raised.
Feature names unseen at fit time:
- target
Feature names seen at fit time, yet now missing:
- Price

  warnings.warn(message, FutureWarning)

2022-12-25 15:24:01,521:WARNING:/Library/Frameworks/Python.framework/Versions/3.10/lib/python3.10/site-packages/sklearn/base.py:493: FutureWarning: The feature names should match those that were passed during fit. Starting version 1.2, an error will be raised.
Feature names unseen at fit time:
- target
Feature names seen at fit time, yet now missing:
- Price

  warnings.warn(message, FutureWarning)

2022-12-25 15:24:02,162:WARNING:/Library/Frameworks/Python.framework/Versions/3.10/lib/python3.10/site-packages/category_encoders/one_hot.py:145: FutureWarning: iteritems is deprecated and will be removed in a future version. Use .items instead.
  for cat_name, class_ in values.iteritems():

2022-12-25 15:24:02,166:WARNING:/Library/Frameworks/Python.framework/Versions/3.10/lib/python3.10/site-packages/category_encoders/one_hot.py:145: FutureWarning: iteritems is deprecated and will be removed in a future version. Use .items instead.
  for cat_name, class_ in values.iteritems():

2022-12-25 15:24:02,170:WARNING:/Library/Frameworks/Python.framework/Versions/3.10/lib/python3.10/site-packages/category_encoders/one_hot.py:145: FutureWarning: iteritems is deprecated and will be removed in a future version. Use .items instead.
  for cat_name, class_ in values.iteritems():

2022-12-25 15:24:02,174:WARNING:/Library/Frameworks/Python.framework/Versions/3.10/lib/python3.10/site-packages/category_encoders/one_hot.py:145: FutureWarning: iteritems is deprecated and will be removed in a future version. Use .items instead.
  for cat_name, class_ in values.iteritems():

2022-12-25 15:24:02,178:WARNING:/Library/Frameworks/Python.framework/Versions/3.10/lib/python3.10/site-packages/category_encoders/one_hot.py:145: FutureWarning: iteritems is deprecated and will be removed in a future version. Use .items instead.
  for cat_name, class_ in values.iteritems():

2022-12-25 15:24:02,188:WARNING:/Library/Frameworks/Python.framework/Versions/3.10/lib/python3.10/site-packages/category_encoders/one_hot.py:145: FutureWarning: iteritems is deprecated and will be removed in a future version. Use .items instead.
  for cat_name, class_ in values.iteritems():

2022-12-25 15:24:02,192:WARNING:/Library/Frameworks/Python.framework/Versions/3.10/lib/python3.10/site-packages/category_encoders/one_hot.py:145: FutureWarning: iteritems is deprecated and will be removed in a future version. Use .items instead.
  for cat_name, class_ in values.iteritems():

2022-12-25 15:24:02,196:WARNING:/Library/Frameworks/Python.framework/Versions/3.10/lib/python3.10/site-packages/category_encoders/one_hot.py:145: FutureWarning: iteritems is deprecated and will be removed in a future version. Use .items instead.
  for cat_name, class_ in values.iteritems():

2022-12-25 15:24:02,200:WARNING:/Library/Frameworks/Python.framework/Versions/3.10/lib/python3.10/site-packages/category_encoders/one_hot.py:145: FutureWarning: iteritems is deprecated and will be removed in a future version. Use .items instead.
  for cat_name, class_ in values.iteritems():

2022-12-25 15:24:02,203:WARNING:/Library/Frameworks/Python.framework/Versions/3.10/lib/python3.10/site-packages/category_encoders/one_hot.py:145: FutureWarning: iteritems is deprecated and will be removed in a future version. Use .items instead.
  for cat_name, class_ in values.iteritems():

2022-12-25 15:24:02,687:WARNING:/Library/Frameworks/Python.framework/Versions/3.10/lib/python3.10/site-packages/sklearn/base.py:493: FutureWarning: The feature names should match those that were passed during fit. Starting version 1.2, an error will be raised.
Feature names unseen at fit time:
- target
Feature names seen at fit time, yet now missing:
- Price

  warnings.warn(message, FutureWarning)

2022-12-25 15:24:02,713:WARNING:/Library/Frameworks/Python.framework/Versions/3.10/lib/python3.10/site-packages/sklearn/base.py:493: FutureWarning: The feature names should match those that were passed during fit. Starting version 1.2, an error will be raised.
Feature names unseen at fit time:
- target
Feature names seen at fit time, yet now missing:
- Price

  warnings.warn(message, FutureWarning)

2022-12-25 15:24:02,718:INFO:Calculating mean and std
2022-12-25 15:24:02,720:INFO:Creating metrics dataframe
2022-12-25 15:24:02,727:INFO:Uploading results into container
2022-12-25 15:24:02,728:INFO:Uploading model into container now
2022-12-25 15:24:02,729:INFO:_master_model_container: 1
2022-12-25 15:24:02,729:INFO:_display_container: 2
2022-12-25 15:24:02,729:INFO:LinearRegression(n_jobs=-1)
2022-12-25 15:24:02,730:INFO:create_model() successfully completed......................................
2022-12-25 15:24:02,870:INFO:SubProcess create_model() end ==================================
2022-12-25 15:24:02,871:INFO:Creating metrics dataframe
2022-12-25 15:24:02,883:INFO:Initializing Lasso Regression
2022-12-25 15:24:02,883:INFO:Total runtime is 0.22398391564687092 minutes
2022-12-25 15:24:02,889:INFO:SubProcess create_model() called ==================================
2022-12-25 15:24:02,889:INFO:Initializing create_model()
2022-12-25 15:24:02,889:INFO:create_model(self=<pycaret.regression.oop.RegressionExperiment object at 0x127ed2b60>, estimator=lasso, fold=KFold(n_splits=10, random_state=None, shuffle=False), round=4, cross_validation=True, predict=True, fit_kwargs={}, groups=None, refit=False, probability_threshold=None, experiment_custom_tags=None, verbose=False, system=False, add_to_model_list=True, metrics=None, display=<pycaret.internal.display.display.CommonDisplay object at 0x10b1bc9a0>, model_only=True, return_train_score=False, kwargs={})
2022-12-25 15:24:02,890:INFO:Checking exceptions
2022-12-25 15:24:02,890:INFO:Importing libraries
2022-12-25 15:24:02,890:INFO:Copying training dataset
2022-12-25 15:24:02,899:INFO:Defining folds
2022-12-25 15:24:02,899:INFO:Declaring metric variables
2022-12-25 15:24:02,908:INFO:Importing untrained model
2022-12-25 15:24:02,919:INFO:Lasso Regression Imported successfully
2022-12-25 15:24:02,942:INFO:Starting cross validation
2022-12-25 15:24:02,944:INFO:Cross validating with KFold(n_splits=10, random_state=None, shuffle=False), n_jobs=-1
2022-12-25 15:24:03,699:WARNING:/Library/Frameworks/Python.framework/Versions/3.10/lib/python3.10/site-packages/sklearn/base.py:493: FutureWarning: The feature names should match those that were passed during fit. Starting version 1.2, an error will be raised.
Feature names unseen at fit time:
- target
Feature names seen at fit time, yet now missing:
- Price

  warnings.warn(message, FutureWarning)

2022-12-25 15:24:03,731:WARNING:/Library/Frameworks/Python.framework/Versions/3.10/lib/python3.10/site-packages/sklearn/base.py:493: FutureWarning: The feature names should match those that were passed during fit. Starting version 1.2, an error will be raised.
Feature names unseen at fit time:
- target
Feature names seen at fit time, yet now missing:
- Price

  warnings.warn(message, FutureWarning)

2022-12-25 15:24:03,769:WARNING:/Library/Frameworks/Python.framework/Versions/3.10/lib/python3.10/site-packages/sklearn/base.py:493: FutureWarning: The feature names should match those that were passed during fit. Starting version 1.2, an error will be raised.
Feature names unseen at fit time:
- target
Feature names seen at fit time, yet now missing:
- Price

  warnings.warn(message, FutureWarning)

2022-12-25 15:24:03,890:WARNING:/Library/Frameworks/Python.framework/Versions/3.10/lib/python3.10/site-packages/sklearn/base.py:493: FutureWarning: The feature names should match those that were passed during fit. Starting version 1.2, an error will be raised.
Feature names unseen at fit time:
- target
Feature names seen at fit time, yet now missing:
- Price

  warnings.warn(message, FutureWarning)

2022-12-25 15:24:04,471:WARNING:/Library/Frameworks/Python.framework/Versions/3.10/lib/python3.10/site-packages/sklearn/base.py:493: FutureWarning: The feature names should match those that were passed during fit. Starting version 1.2, an error will be raised.
Feature names unseen at fit time:
- target
Feature names seen at fit time, yet now missing:
- Price

  warnings.warn(message, FutureWarning)

2022-12-25 15:24:04,494:WARNING:/Library/Frameworks/Python.framework/Versions/3.10/lib/python3.10/site-packages/sklearn/base.py:493: FutureWarning: The feature names should match those that were passed during fit. Starting version 1.2, an error will be raised.
Feature names unseen at fit time:
- target
Feature names seen at fit time, yet now missing:
- Price

  warnings.warn(message, FutureWarning)

2022-12-25 15:24:04,536:WARNING:/Library/Frameworks/Python.framework/Versions/3.10/lib/python3.10/site-packages/sklearn/base.py:493: FutureWarning: The feature names should match those that were passed during fit. Starting version 1.2, an error will be raised.
Feature names unseen at fit time:
- target
Feature names seen at fit time, yet now missing:
- Price

  warnings.warn(message, FutureWarning)

2022-12-25 15:24:04,615:WARNING:/Library/Frameworks/Python.framework/Versions/3.10/lib/python3.10/site-packages/sklearn/base.py:493: FutureWarning: The feature names should match those that were passed during fit. Starting version 1.2, an error will be raised.
Feature names unseen at fit time:
- target
Feature names seen at fit time, yet now missing:
- Price

  warnings.warn(message, FutureWarning)

2022-12-25 15:24:04,932:WARNING:/Library/Frameworks/Python.framework/Versions/3.10/lib/python3.10/site-packages/sklearn/base.py:493: FutureWarning: The feature names should match those that were passed during fit. Starting version 1.2, an error will be raised.
Feature names unseen at fit time:
- target
Feature names seen at fit time, yet now missing:
- Price

  warnings.warn(message, FutureWarning)

2022-12-25 15:24:04,947:WARNING:/Library/Frameworks/Python.framework/Versions/3.10/lib/python3.10/site-packages/sklearn/base.py:493: FutureWarning: The feature names should match those that were passed during fit. Starting version 1.2, an error will be raised.
Feature names unseen at fit time:
- target
Feature names seen at fit time, yet now missing:
- Price

  warnings.warn(message, FutureWarning)

2022-12-25 15:24:04,952:INFO:Calculating mean and std
2022-12-25 15:24:04,953:INFO:Creating metrics dataframe
2022-12-25 15:24:04,958:INFO:Uploading results into container
2022-12-25 15:24:04,959:INFO:Uploading model into container now
2022-12-25 15:24:04,960:INFO:_master_model_container: 2
2022-12-25 15:24:04,960:INFO:_display_container: 2
2022-12-25 15:24:04,961:INFO:Lasso(random_state=8916)
2022-12-25 15:24:04,961:INFO:create_model() successfully completed......................................
2022-12-25 15:24:05,080:INFO:SubProcess create_model() end ==================================
2022-12-25 15:24:05,080:INFO:Creating metrics dataframe
2022-12-25 15:24:05,093:INFO:Initializing Ridge Regression
2022-12-25 15:24:05,093:INFO:Total runtime is 0.26081730127334596 minutes
2022-12-25 15:24:05,099:INFO:SubProcess create_model() called ==================================
2022-12-25 15:24:05,100:INFO:Initializing create_model()
2022-12-25 15:24:05,100:INFO:create_model(self=<pycaret.regression.oop.RegressionExperiment object at 0x127ed2b60>, estimator=ridge, fold=KFold(n_splits=10, random_state=None, shuffle=False), round=4, cross_validation=True, predict=True, fit_kwargs={}, groups=None, refit=False, probability_threshold=None, experiment_custom_tags=None, verbose=False, system=False, add_to_model_list=True, metrics=None, display=<pycaret.internal.display.display.CommonDisplay object at 0x10b1bc9a0>, model_only=True, return_train_score=False, kwargs={})
2022-12-25 15:24:05,100:INFO:Checking exceptions
2022-12-25 15:24:05,101:INFO:Importing libraries
2022-12-25 15:24:05,101:INFO:Copying training dataset
2022-12-25 15:24:05,113:INFO:Defining folds
2022-12-25 15:24:05,113:INFO:Declaring metric variables
2022-12-25 15:24:05,127:INFO:Importing untrained model
2022-12-25 15:24:05,134:INFO:Ridge Regression Imported successfully
2022-12-25 15:24:05,151:INFO:Starting cross validation
2022-12-25 15:24:05,154:INFO:Cross validating with KFold(n_splits=10, random_state=None, shuffle=False), n_jobs=-1
2022-12-25 15:24:05,790:WARNING:/Library/Frameworks/Python.framework/Versions/3.10/lib/python3.10/site-packages/sklearn/base.py:493: FutureWarning: The feature names should match those that were passed during fit. Starting version 1.2, an error will be raised.
Feature names unseen at fit time:
- target
Feature names seen at fit time, yet now missing:
- Price

  warnings.warn(message, FutureWarning)

2022-12-25 15:24:05,821:WARNING:/Library/Frameworks/Python.framework/Versions/3.10/lib/python3.10/site-packages/sklearn/base.py:493: FutureWarning: The feature names should match those that were passed during fit. Starting version 1.2, an error will be raised.
Feature names unseen at fit time:
- target
Feature names seen at fit time, yet now missing:
- Price

  warnings.warn(message, FutureWarning)

2022-12-25 15:24:05,823:WARNING:/Library/Frameworks/Python.framework/Versions/3.10/lib/python3.10/site-packages/sklearn/base.py:493: FutureWarning: The feature names should match those that were passed during fit. Starting version 1.2, an error will be raised.
Feature names unseen at fit time:
- target
Feature names seen at fit time, yet now missing:
- Price

  warnings.warn(message, FutureWarning)

2022-12-25 15:24:05,870:WARNING:/Library/Frameworks/Python.framework/Versions/3.10/lib/python3.10/site-packages/sklearn/base.py:493: FutureWarning: The feature names should match those that were passed during fit. Starting version 1.2, an error will be raised.
Feature names unseen at fit time:
- target
Feature names seen at fit time, yet now missing:
- Price

  warnings.warn(message, FutureWarning)

2022-12-25 15:24:06,362:WARNING:/Library/Frameworks/Python.framework/Versions/3.10/lib/python3.10/site-packages/sklearn/base.py:493: FutureWarning: The feature names should match those that were passed during fit. Starting version 1.2, an error will be raised.
Feature names unseen at fit time:
- target
Feature names seen at fit time, yet now missing:
- Price

  warnings.warn(message, FutureWarning)

2022-12-25 15:24:06,384:WARNING:/Library/Frameworks/Python.framework/Versions/3.10/lib/python3.10/site-packages/sklearn/base.py:493: FutureWarning: The feature names should match those that were passed during fit. Starting version 1.2, an error will be raised.
Feature names unseen at fit time:
- target
Feature names seen at fit time, yet now missing:
- Price

  warnings.warn(message, FutureWarning)

2022-12-25 15:24:06,395:WARNING:/Library/Frameworks/Python.framework/Versions/3.10/lib/python3.10/site-packages/sklearn/base.py:493: FutureWarning: The feature names should match those that were passed during fit. Starting version 1.2, an error will be raised.
Feature names unseen at fit time:
- target
Feature names seen at fit time, yet now missing:
- Price

  warnings.warn(message, FutureWarning)

2022-12-25 15:24:06,417:WARNING:/Library/Frameworks/Python.framework/Versions/3.10/lib/python3.10/site-packages/sklearn/base.py:493: FutureWarning: The feature names should match those that were passed during fit. Starting version 1.2, an error will be raised.
Feature names unseen at fit time:
- target
Feature names seen at fit time, yet now missing:
- Price

  warnings.warn(message, FutureWarning)

2022-12-25 15:24:06,685:WARNING:/Library/Frameworks/Python.framework/Versions/3.10/lib/python3.10/site-packages/sklearn/base.py:493: FutureWarning: The feature names should match those that were passed during fit. Starting version 1.2, an error will be raised.
Feature names unseen at fit time:
- target
Feature names seen at fit time, yet now missing:
- Price

  warnings.warn(message, FutureWarning)

2022-12-25 15:24:06,698:WARNING:/Library/Frameworks/Python.framework/Versions/3.10/lib/python3.10/site-packages/sklearn/base.py:493: FutureWarning: The feature names should match those that were passed during fit. Starting version 1.2, an error will be raised.
Feature names unseen at fit time:
- target
Feature names seen at fit time, yet now missing:
- Price

  warnings.warn(message, FutureWarning)

2022-12-25 15:24:06,703:INFO:Calculating mean and std
2022-12-25 15:24:06,704:INFO:Creating metrics dataframe
2022-12-25 15:24:06,709:INFO:Uploading results into container
2022-12-25 15:24:06,710:INFO:Uploading model into container now
2022-12-25 15:24:06,711:INFO:_master_model_container: 3
2022-12-25 15:24:06,711:INFO:_display_container: 2
2022-12-25 15:24:06,711:INFO:Ridge(random_state=8916)
2022-12-25 15:24:06,711:INFO:create_model() successfully completed......................................
2022-12-25 15:24:06,832:INFO:SubProcess create_model() end ==================================
2022-12-25 15:24:06,833:INFO:Creating metrics dataframe
2022-12-25 15:24:06,846:INFO:Initializing Elastic Net
2022-12-25 15:24:06,846:INFO:Total runtime is 0.29003225167592367 minutes
2022-12-25 15:24:06,851:INFO:SubProcess create_model() called ==================================
2022-12-25 15:24:06,852:INFO:Initializing create_model()
2022-12-25 15:24:06,852:INFO:create_model(self=<pycaret.regression.oop.RegressionExperiment object at 0x127ed2b60>, estimator=en, fold=KFold(n_splits=10, random_state=None, shuffle=False), round=4, cross_validation=True, predict=True, fit_kwargs={}, groups=None, refit=False, probability_threshold=None, experiment_custom_tags=None, verbose=False, system=False, add_to_model_list=True, metrics=None, display=<pycaret.internal.display.display.CommonDisplay object at 0x10b1bc9a0>, model_only=True, return_train_score=False, kwargs={})
2022-12-25 15:24:06,853:INFO:Checking exceptions
2022-12-25 15:24:06,853:INFO:Importing libraries
2022-12-25 15:24:06,853:INFO:Copying training dataset
2022-12-25 15:24:06,864:INFO:Defining folds
2022-12-25 15:24:06,864:INFO:Declaring metric variables
2022-12-25 15:24:06,881:INFO:Importing untrained model
2022-12-25 15:24:06,896:INFO:Elastic Net Imported successfully
2022-12-25 15:24:06,913:INFO:Starting cross validation
2022-12-25 15:24:06,915:INFO:Cross validating with KFold(n_splits=10, random_state=None, shuffle=False), n_jobs=-1
2022-12-25 15:24:07,481:WARNING:/Library/Frameworks/Python.framework/Versions/3.10/lib/python3.10/site-packages/sklearn/base.py:493: FutureWarning: The feature names should match those that were passed during fit. Starting version 1.2, an error will be raised.
Feature names unseen at fit time:
- target
Feature names seen at fit time, yet now missing:
- Price

  warnings.warn(message, FutureWarning)

2022-12-25 15:24:07,541:WARNING:/Library/Frameworks/Python.framework/Versions/3.10/lib/python3.10/site-packages/sklearn/base.py:493: FutureWarning: The feature names should match those that were passed during fit. Starting version 1.2, an error will be raised.
Feature names unseen at fit time:
- target
Feature names seen at fit time, yet now missing:
- Price

  warnings.warn(message, FutureWarning)

2022-12-25 15:24:07,541:WARNING:/Library/Frameworks/Python.framework/Versions/3.10/lib/python3.10/site-packages/sklearn/base.py:493: FutureWarning: The feature names should match those that were passed during fit. Starting version 1.2, an error will be raised.
Feature names unseen at fit time:
- target
Feature names seen at fit time, yet now missing:
- Price

  warnings.warn(message, FutureWarning)

2022-12-25 15:24:07,569:WARNING:/Library/Frameworks/Python.framework/Versions/3.10/lib/python3.10/site-packages/sklearn/base.py:493: FutureWarning: The feature names should match those that were passed during fit. Starting version 1.2, an error will be raised.
Feature names unseen at fit time:
- target
Feature names seen at fit time, yet now missing:
- Price

  warnings.warn(message, FutureWarning)

2022-12-25 15:24:08,066:WARNING:/Library/Frameworks/Python.framework/Versions/3.10/lib/python3.10/site-packages/sklearn/base.py:493: FutureWarning: The feature names should match those that were passed during fit. Starting version 1.2, an error will be raised.
Feature names unseen at fit time:
- target
Feature names seen at fit time, yet now missing:
- Price

  warnings.warn(message, FutureWarning)

2022-12-25 15:24:08,081:WARNING:/Library/Frameworks/Python.framework/Versions/3.10/lib/python3.10/site-packages/sklearn/base.py:493: FutureWarning: The feature names should match those that were passed during fit. Starting version 1.2, an error will be raised.
Feature names unseen at fit time:
- target
Feature names seen at fit time, yet now missing:
- Price

  warnings.warn(message, FutureWarning)

2022-12-25 15:24:08,100:WARNING:/Library/Frameworks/Python.framework/Versions/3.10/lib/python3.10/site-packages/sklearn/base.py:493: FutureWarning: The feature names should match those that were passed during fit. Starting version 1.2, an error will be raised.
Feature names unseen at fit time:
- target
Feature names seen at fit time, yet now missing:
- Price

  warnings.warn(message, FutureWarning)

2022-12-25 15:24:08,126:WARNING:/Library/Frameworks/Python.framework/Versions/3.10/lib/python3.10/site-packages/sklearn/base.py:493: FutureWarning: The feature names should match those that were passed during fit. Starting version 1.2, an error will be raised.
Feature names unseen at fit time:
- target
Feature names seen at fit time, yet now missing:
- Price

  warnings.warn(message, FutureWarning)

2022-12-25 15:24:08,383:WARNING:/Library/Frameworks/Python.framework/Versions/3.10/lib/python3.10/site-packages/sklearn/base.py:493: FutureWarning: The feature names should match those that were passed during fit. Starting version 1.2, an error will be raised.
Feature names unseen at fit time:
- target
Feature names seen at fit time, yet now missing:
- Price

  warnings.warn(message, FutureWarning)

2022-12-25 15:24:08,398:WARNING:/Library/Frameworks/Python.framework/Versions/3.10/lib/python3.10/site-packages/sklearn/base.py:493: FutureWarning: The feature names should match those that were passed during fit. Starting version 1.2, an error will be raised.
Feature names unseen at fit time:
- target
Feature names seen at fit time, yet now missing:
- Price

  warnings.warn(message, FutureWarning)

2022-12-25 15:24:08,402:INFO:Calculating mean and std
2022-12-25 15:24:08,404:INFO:Creating metrics dataframe
2022-12-25 15:24:08,409:INFO:Uploading results into container
2022-12-25 15:24:08,410:INFO:Uploading model into container now
2022-12-25 15:24:08,410:INFO:_master_model_container: 4
2022-12-25 15:24:08,411:INFO:_display_container: 2
2022-12-25 15:24:08,411:INFO:ElasticNet(random_state=8916)
2022-12-25 15:24:08,411:INFO:create_model() successfully completed......................................
2022-12-25 15:24:08,532:INFO:SubProcess create_model() end ==================================
2022-12-25 15:24:08,532:INFO:Creating metrics dataframe
2022-12-25 15:24:08,547:INFO:Initializing Least Angle Regression
2022-12-25 15:24:08,547:INFO:Total runtime is 0.3183750828107198 minutes
2022-12-25 15:24:08,551:INFO:SubProcess create_model() called ==================================
2022-12-25 15:24:08,552:INFO:Initializing create_model()
2022-12-25 15:24:08,552:INFO:create_model(self=<pycaret.regression.oop.RegressionExperiment object at 0x127ed2b60>, estimator=lar, fold=KFold(n_splits=10, random_state=None, shuffle=False), round=4, cross_validation=True, predict=True, fit_kwargs={}, groups=None, refit=False, probability_threshold=None, experiment_custom_tags=None, verbose=False, system=False, add_to_model_list=True, metrics=None, display=<pycaret.internal.display.display.CommonDisplay object at 0x10b1bc9a0>, model_only=True, return_train_score=False, kwargs={})
2022-12-25 15:24:08,552:INFO:Checking exceptions
2022-12-25 15:24:08,552:INFO:Importing libraries
2022-12-25 15:24:08,553:INFO:Copying training dataset
2022-12-25 15:24:08,560:INFO:Defining folds
2022-12-25 15:24:08,560:INFO:Declaring metric variables
2022-12-25 15:24:08,569:INFO:Importing untrained model
2022-12-25 15:24:08,583:INFO:Least Angle Regression Imported successfully
2022-12-25 15:24:08,612:INFO:Starting cross validation
2022-12-25 15:24:08,615:INFO:Cross validating with KFold(n_splits=10, random_state=None, shuffle=False), n_jobs=-1
2022-12-25 15:24:09,089:WARNING:/Library/Frameworks/Python.framework/Versions/3.10/lib/python3.10/site-packages/sklearn/linear_model/_base.py:133: FutureWarning: The default of 'normalize' will be set to False in version 1.2 and deprecated in version 1.4.
If you wish to scale the data, use Pipeline with a StandardScaler in a preprocessing stage. To reproduce the previous behavior:

from sklearn.pipeline import make_pipeline

model = make_pipeline(StandardScaler(with_mean=False), Lars())

If you wish to pass a sample_weight parameter, you need to pass it as a fit parameter to each step of the pipeline as follows:

kwargs = {s[0] + '__sample_weight': sample_weight for s in model.steps}
model.fit(X, y, **kwargs)


  warnings.warn(

2022-12-25 15:24:09,092:WARNING:/Library/Frameworks/Python.framework/Versions/3.10/lib/python3.10/site-packages/sklearn/linear_model/_base.py:133: FutureWarning: The default of 'normalize' will be set to False in version 1.2 and deprecated in version 1.4.
If you wish to scale the data, use Pipeline with a StandardScaler in a preprocessing stage. To reproduce the previous behavior:

from sklearn.pipeline import make_pipeline

model = make_pipeline(StandardScaler(with_mean=False), Lars())

If you wish to pass a sample_weight parameter, you need to pass it as a fit parameter to each step of the pipeline as follows:

kwargs = {s[0] + '__sample_weight': sample_weight for s in model.steps}
model.fit(X, y, **kwargs)


  warnings.warn(

2022-12-25 15:24:09,095:WARNING:/Library/Frameworks/Python.framework/Versions/3.10/lib/python3.10/site-packages/sklearn/linear_model/_base.py:133: FutureWarning: The default of 'normalize' will be set to False in version 1.2 and deprecated in version 1.4.
If you wish to scale the data, use Pipeline with a StandardScaler in a preprocessing stage. To reproduce the previous behavior:

from sklearn.pipeline import make_pipeline

model = make_pipeline(StandardScaler(with_mean=False), Lars())

If you wish to pass a sample_weight parameter, you need to pass it as a fit parameter to each step of the pipeline as follows:

kwargs = {s[0] + '__sample_weight': sample_weight for s in model.steps}
model.fit(X, y, **kwargs)


  warnings.warn(

2022-12-25 15:24:09,115:WARNING:/Library/Frameworks/Python.framework/Versions/3.10/lib/python3.10/site-packages/sklearn/linear_model/_least_angle.py:649: ConvergenceWarning: Regressors in active set degenerate. Dropping a regressor, after 29 iterations, i.e. alpha=3.735e-06, with an active set of 25 regressors, and the smallest cholesky pivot element being 3.495e-08. Reduce max_iter or increase eps parameters.
  warnings.warn(

2022-12-25 15:24:09,116:WARNING:/Library/Frameworks/Python.framework/Versions/3.10/lib/python3.10/site-packages/sklearn/linear_model/_least_angle.py:649: ConvergenceWarning: Regressors in active set degenerate. Dropping a regressor, after 29 iterations, i.e. alpha=3.700e-06, with an active set of 25 regressors, and the smallest cholesky pivot element being 8.162e-08. Reduce max_iter or increase eps parameters.
  warnings.warn(

2022-12-25 15:24:09,116:WARNING:/Library/Frameworks/Python.framework/Versions/3.10/lib/python3.10/site-packages/sklearn/linear_model/_least_angle.py:649: ConvergenceWarning: Regressors in active set degenerate. Dropping a regressor, after 29 iterations, i.e. alpha=2.675e-06, with an active set of 25 regressors, and the smallest cholesky pivot element being 8.162e-08. Reduce max_iter or increase eps parameters.
  warnings.warn(

2022-12-25 15:24:09,122:WARNING:/Library/Frameworks/Python.framework/Versions/3.10/lib/python3.10/site-packages/sklearn/linear_model/_base.py:133: FutureWarning: The default of 'normalize' will be set to False in version 1.2 and deprecated in version 1.4.
If you wish to scale the data, use Pipeline with a StandardScaler in a preprocessing stage. To reproduce the previous behavior:

from sklearn.pipeline import make_pipeline

model = make_pipeline(StandardScaler(with_mean=False), Lars())

If you wish to pass a sample_weight parameter, you need to pass it as a fit parameter to each step of the pipeline as follows:

kwargs = {s[0] + '__sample_weight': sample_weight for s in model.steps}
model.fit(X, y, **kwargs)


  warnings.warn(

2022-12-25 15:24:09,223:WARNING:/Library/Frameworks/Python.framework/Versions/3.10/lib/python3.10/site-packages/sklearn/base.py:493: FutureWarning: The feature names should match those that were passed during fit. Starting version 1.2, an error will be raised.
Feature names unseen at fit time:
- target
Feature names seen at fit time, yet now missing:
- Price

  warnings.warn(message, FutureWarning)

2022-12-25 15:24:09,225:WARNING:/Library/Frameworks/Python.framework/Versions/3.10/lib/python3.10/site-packages/sklearn/base.py:493: FutureWarning: The feature names should match those that were passed during fit. Starting version 1.2, an error will be raised.
Feature names unseen at fit time:
- target
Feature names seen at fit time, yet now missing:
- Price

  warnings.warn(message, FutureWarning)

2022-12-25 15:24:09,234:WARNING:/Library/Frameworks/Python.framework/Versions/3.10/lib/python3.10/site-packages/sklearn/base.py:493: FutureWarning: The feature names should match those that were passed during fit. Starting version 1.2, an error will be raised.
Feature names unseen at fit time:
- target
Feature names seen at fit time, yet now missing:
- Price

  warnings.warn(message, FutureWarning)

2022-12-25 15:24:09,247:WARNING:/Library/Frameworks/Python.framework/Versions/3.10/lib/python3.10/site-packages/sklearn/base.py:493: FutureWarning: The feature names should match those that were passed during fit. Starting version 1.2, an error will be raised.
Feature names unseen at fit time:
- target
Feature names seen at fit time, yet now missing:
- Price

  warnings.warn(message, FutureWarning)

2022-12-25 15:24:09,665:WARNING:/Library/Frameworks/Python.framework/Versions/3.10/lib/python3.10/site-packages/sklearn/linear_model/_base.py:133: FutureWarning: The default of 'normalize' will be set to False in version 1.2 and deprecated in version 1.4.
If you wish to scale the data, use Pipeline with a StandardScaler in a preprocessing stage. To reproduce the previous behavior:

from sklearn.pipeline import make_pipeline

model = make_pipeline(StandardScaler(with_mean=False), Lars())

If you wish to pass a sample_weight parameter, you need to pass it as a fit parameter to each step of the pipeline as follows:

kwargs = {s[0] + '__sample_weight': sample_weight for s in model.steps}
model.fit(X, y, **kwargs)


  warnings.warn(

2022-12-25 15:24:09,698:WARNING:/Library/Frameworks/Python.framework/Versions/3.10/lib/python3.10/site-packages/sklearn/linear_model/_least_angle.py:649: ConvergenceWarning: Regressors in active set degenerate. Dropping a regressor, after 24 iterations, i.e. alpha=1.748e-07, with an active set of 23 regressors, and the smallest cholesky pivot element being 4.470e-08. Reduce max_iter or increase eps parameters.
  warnings.warn(

2022-12-25 15:24:09,699:WARNING:/Library/Frameworks/Python.framework/Versions/3.10/lib/python3.10/site-packages/sklearn/linear_model/_least_angle.py:649: ConvergenceWarning: Regressors in active set degenerate. Dropping a regressor, after 24 iterations, i.e. alpha=1.711e-07, with an active set of 23 regressors, and the smallest cholesky pivot element being 7.598e-08. Reduce max_iter or increase eps parameters.
  warnings.warn(

2022-12-25 15:24:09,701:WARNING:/Library/Frameworks/Python.framework/Versions/3.10/lib/python3.10/site-packages/sklearn/linear_model/_base.py:133: FutureWarning: The default of 'normalize' will be set to False in version 1.2 and deprecated in version 1.4.
If you wish to scale the data, use Pipeline with a StandardScaler in a preprocessing stage. To reproduce the previous behavior:

from sklearn.pipeline import make_pipeline

model = make_pipeline(StandardScaler(with_mean=False), Lars())

If you wish to pass a sample_weight parameter, you need to pass it as a fit parameter to each step of the pipeline as follows:

kwargs = {s[0] + '__sample_weight': sample_weight for s in model.steps}
model.fit(X, y, **kwargs)


  warnings.warn(

2022-12-25 15:24:09,713:WARNING:/Library/Frameworks/Python.framework/Versions/3.10/lib/python3.10/site-packages/sklearn/linear_model/_base.py:133: FutureWarning: The default of 'normalize' will be set to False in version 1.2 and deprecated in version 1.4.
If you wish to scale the data, use Pipeline with a StandardScaler in a preprocessing stage. To reproduce the previous behavior:

from sklearn.pipeline import make_pipeline

model = make_pipeline(StandardScaler(with_mean=False), Lars())

If you wish to pass a sample_weight parameter, you need to pass it as a fit parameter to each step of the pipeline as follows:

kwargs = {s[0] + '__sample_weight': sample_weight for s in model.steps}
model.fit(X, y, **kwargs)


  warnings.warn(

2022-12-25 15:24:09,715:WARNING:/Library/Frameworks/Python.framework/Versions/3.10/lib/python3.10/site-packages/sklearn/linear_model/_least_angle.py:649: ConvergenceWarning: Regressors in active set degenerate. Dropping a regressor, after 26 iterations, i.e. alpha=1.094e-06, with an active set of 24 regressors, and the smallest cholesky pivot element being 7.376e-08. Reduce max_iter or increase eps parameters.
  warnings.warn(

2022-12-25 15:24:09,715:WARNING:/Library/Frameworks/Python.framework/Versions/3.10/lib/python3.10/site-packages/sklearn/linear_model/_least_angle.py:649: ConvergenceWarning: Regressors in active set degenerate. Dropping a regressor, after 26 iterations, i.e. alpha=1.004e-06, with an active set of 24 regressors, and the smallest cholesky pivot element being 9.940e-08. Reduce max_iter or increase eps parameters.
  warnings.warn(

2022-12-25 15:24:09,716:WARNING:/Library/Frameworks/Python.framework/Versions/3.10/lib/python3.10/site-packages/sklearn/linear_model/_least_angle.py:649: ConvergenceWarning: Regressors in active set degenerate. Dropping a regressor, after 26 iterations, i.e. alpha=2.134e-07, with an active set of 24 regressors, and the smallest cholesky pivot element being 5.475e-08. Reduce max_iter or increase eps parameters.
  warnings.warn(

2022-12-25 15:24:09,718:WARNING:/Library/Frameworks/Python.framework/Versions/3.10/lib/python3.10/site-packages/sklearn/linear_model/_base.py:133: FutureWarning: The default of 'normalize' will be set to False in version 1.2 and deprecated in version 1.4.
If you wish to scale the data, use Pipeline with a StandardScaler in a preprocessing stage. To reproduce the previous behavior:

from sklearn.pipeline import make_pipeline

model = make_pipeline(StandardScaler(with_mean=False), Lars())

If you wish to pass a sample_weight parameter, you need to pass it as a fit parameter to each step of the pipeline as follows:

kwargs = {s[0] + '__sample_weight': sample_weight for s in model.steps}
model.fit(X, y, **kwargs)


  warnings.warn(

2022-12-25 15:24:09,725:WARNING:/Library/Frameworks/Python.framework/Versions/3.10/lib/python3.10/site-packages/sklearn/linear_model/_least_angle.py:649: ConvergenceWarning: Regressors in active set degenerate. Dropping a regressor, after 21 iterations, i.e. alpha=4.434e-06, with an active set of 20 regressors, and the smallest cholesky pivot element being 1.490e-08. Reduce max_iter or increase eps parameters.
  warnings.warn(

2022-12-25 15:24:09,726:WARNING:/Library/Frameworks/Python.framework/Versions/3.10/lib/python3.10/site-packages/sklearn/linear_model/_least_angle.py:649: ConvergenceWarning: Regressors in active set degenerate. Dropping a regressor, after 22 iterations, i.e. alpha=2.479e-06, with an active set of 21 regressors, and the smallest cholesky pivot element being 1.490e-08. Reduce max_iter or increase eps parameters.
  warnings.warn(

2022-12-25 15:24:09,727:WARNING:/Library/Frameworks/Python.framework/Versions/3.10/lib/python3.10/site-packages/sklearn/linear_model/_least_angle.py:649: ConvergenceWarning: Regressors in active set degenerate. Dropping a regressor, after 23 iterations, i.e. alpha=1.832e-06, with an active set of 22 regressors, and the smallest cholesky pivot element being 1.490e-08. Reduce max_iter or increase eps parameters.
  warnings.warn(

2022-12-25 15:24:09,728:WARNING:/Library/Frameworks/Python.framework/Versions/3.10/lib/python3.10/site-packages/sklearn/linear_model/_least_angle.py:649: ConvergenceWarning: Regressors in active set degenerate. Dropping a regressor, after 24 iterations, i.e. alpha=1.391e-06, with an active set of 23 regressors, and the smallest cholesky pivot element being 1.490e-08. Reduce max_iter or increase eps parameters.
  warnings.warn(

2022-12-25 15:24:09,728:WARNING:/Library/Frameworks/Python.framework/Versions/3.10/lib/python3.10/site-packages/sklearn/linear_model/_least_angle.py:649: ConvergenceWarning: Regressors in active set degenerate. Dropping a regressor, after 24 iterations, i.e. alpha=1.322e-06, with an active set of 23 regressors, and the smallest cholesky pivot element being 8.093e-08. Reduce max_iter or increase eps parameters.
  warnings.warn(

2022-12-25 15:24:09,729:WARNING:/Library/Frameworks/Python.framework/Versions/3.10/lib/python3.10/site-packages/sklearn/linear_model/_least_angle.py:649: ConvergenceWarning: Regressors in active set degenerate. Dropping a regressor, after 24 iterations, i.e. alpha=3.682e-07, with an active set of 23 regressors, and the smallest cholesky pivot element being 9.771e-08. Reduce max_iter or increase eps parameters.
  warnings.warn(

2022-12-25 15:24:09,732:WARNING:/Library/Frameworks/Python.framework/Versions/3.10/lib/python3.10/site-packages/sklearn/linear_model/_least_angle.py:649: ConvergenceWarning: Regressors in active set degenerate. Dropping a regressor, after 28 iterations, i.e. alpha=4.361e-06, with an active set of 24 regressors, and the smallest cholesky pivot element being 6.495e-08. Reduce max_iter or increase eps parameters.
  warnings.warn(

2022-12-25 15:24:09,732:WARNING:/Library/Frameworks/Python.framework/Versions/3.10/lib/python3.10/site-packages/sklearn/linear_model/_least_angle.py:649: ConvergenceWarning: Regressors in active set degenerate. Dropping a regressor, after 28 iterations, i.e. alpha=2.085e-06, with an active set of 24 regressors, and the smallest cholesky pivot element being 6.495e-08. Reduce max_iter or increase eps parameters.
  warnings.warn(

2022-12-25 15:24:09,734:WARNING:/Library/Frameworks/Python.framework/Versions/3.10/lib/python3.10/site-packages/sklearn/linear_model/_least_angle.py:649: ConvergenceWarning: Regressors in active set degenerate. Dropping a regressor, after 30 iterations, i.e. alpha=2.363e-06, with an active set of 25 regressors, and the smallest cholesky pivot element being 6.495e-08. Reduce max_iter or increase eps parameters.
  warnings.warn(

2022-12-25 15:24:09,734:WARNING:/Library/Frameworks/Python.framework/Versions/3.10/lib/python3.10/site-packages/sklearn/linear_model/_least_angle.py:649: ConvergenceWarning: Regressors in active set degenerate. Dropping a regressor, after 30 iterations, i.e. alpha=5.041e-07, with an active set of 25 regressors, and the smallest cholesky pivot element being 9.599e-08. Reduce max_iter or increase eps parameters.
  warnings.warn(

2022-12-25 15:24:09,735:WARNING:/Library/Frameworks/Python.framework/Versions/3.10/lib/python3.10/site-packages/sklearn/linear_model/_least_angle.py:649: ConvergenceWarning: Regressors in active set degenerate. Dropping a regressor, after 30 iterations, i.e. alpha=3.391e-07, with an active set of 25 regressors, and the smallest cholesky pivot element being 9.599e-08. Reduce max_iter or increase eps parameters.
  warnings.warn(

2022-12-25 15:24:09,810:WARNING:/Library/Frameworks/Python.framework/Versions/3.10/lib/python3.10/site-packages/sklearn/base.py:493: FutureWarning: The feature names should match those that were passed during fit. Starting version 1.2, an error will be raised.
Feature names unseen at fit time:
- target
Feature names seen at fit time, yet now missing:
- Price

  warnings.warn(message, FutureWarning)

2022-12-25 15:24:09,832:WARNING:/Library/Frameworks/Python.framework/Versions/3.10/lib/python3.10/site-packages/sklearn/base.py:493: FutureWarning: The feature names should match those that were passed during fit. Starting version 1.2, an error will be raised.
Feature names unseen at fit time:
- target
Feature names seen at fit time, yet now missing:
- Price

  warnings.warn(message, FutureWarning)

2022-12-25 15:24:09,837:WARNING:/Library/Frameworks/Python.framework/Versions/3.10/lib/python3.10/site-packages/sklearn/base.py:493: FutureWarning: The feature names should match those that were passed during fit. Starting version 1.2, an error will be raised.
Feature names unseen at fit time:
- target
Feature names seen at fit time, yet now missing:
- Price

  warnings.warn(message, FutureWarning)

2022-12-25 15:24:09,846:WARNING:/Library/Frameworks/Python.framework/Versions/3.10/lib/python3.10/site-packages/sklearn/base.py:493: FutureWarning: The feature names should match those that were passed during fit. Starting version 1.2, an error will be raised.
Feature names unseen at fit time:
- target
Feature names seen at fit time, yet now missing:
- Price

  warnings.warn(message, FutureWarning)

2022-12-25 15:24:10,051:WARNING:/Library/Frameworks/Python.framework/Versions/3.10/lib/python3.10/site-packages/sklearn/linear_model/_base.py:133: FutureWarning: The default of 'normalize' will be set to False in version 1.2 and deprecated in version 1.4.
If you wish to scale the data, use Pipeline with a StandardScaler in a preprocessing stage. To reproduce the previous behavior:

from sklearn.pipeline import make_pipeline

model = make_pipeline(StandardScaler(with_mean=False), Lars())

If you wish to pass a sample_weight parameter, you need to pass it as a fit parameter to each step of the pipeline as follows:

kwargs = {s[0] + '__sample_weight': sample_weight for s in model.steps}
model.fit(X, y, **kwargs)


  warnings.warn(

2022-12-25 15:24:10,058:WARNING:/Library/Frameworks/Python.framework/Versions/3.10/lib/python3.10/site-packages/sklearn/linear_model/_least_angle.py:649: ConvergenceWarning: Regressors in active set degenerate. Dropping a regressor, after 22 iterations, i.e. alpha=5.472e-06, with an active set of 21 regressors, and the smallest cholesky pivot element being 9.306e-08. Reduce max_iter or increase eps parameters.
  warnings.warn(

2022-12-25 15:24:10,058:WARNING:/Library/Frameworks/Python.framework/Versions/3.10/lib/python3.10/site-packages/sklearn/linear_model/_least_angle.py:649: ConvergenceWarning: Regressors in active set degenerate. Dropping a regressor, after 24 iterations, i.e. alpha=5.551e-06, with an active set of 22 regressors, and the smallest cholesky pivot element being 9.306e-08. Reduce max_iter or increase eps parameters.
  warnings.warn(

2022-12-25 15:24:10,059:WARNING:/Library/Frameworks/Python.framework/Versions/3.10/lib/python3.10/site-packages/sklearn/linear_model/_least_angle.py:649: ConvergenceWarning: Regressors in active set degenerate. Dropping a regressor, after 26 iterations, i.e. alpha=1.911e-06, with an active set of 24 regressors, and the smallest cholesky pivot element being 6.664e-08. Reduce max_iter or increase eps parameters.
  warnings.warn(

2022-12-25 15:24:10,059:WARNING:/Library/Frameworks/Python.framework/Versions/3.10/lib/python3.10/site-packages/sklearn/linear_model/_least_angle.py:649: ConvergenceWarning: Regressors in active set degenerate. Dropping a regressor, after 26 iterations, i.e. alpha=1.726e-06, with an active set of 24 regressors, and the smallest cholesky pivot element being 3.942e-08. Reduce max_iter or increase eps parameters.
  warnings.warn(

2022-12-25 15:24:10,059:WARNING:/Library/Frameworks/Python.framework/Versions/3.10/lib/python3.10/site-packages/sklearn/linear_model/_least_angle.py:649: ConvergenceWarning: Regressors in active set degenerate. Dropping a regressor, after 26 iterations, i.e. alpha=1.266e-06, with an active set of 24 regressors, and the smallest cholesky pivot element being 9.306e-08. Reduce max_iter or increase eps parameters.
  warnings.warn(

2022-12-25 15:24:10,060:WARNING:/Library/Frameworks/Python.framework/Versions/3.10/lib/python3.10/site-packages/sklearn/linear_model/_least_angle.py:649: ConvergenceWarning: Regressors in active set degenerate. Dropping a regressor, after 26 iterations, i.e. alpha=2.624e-07, with an active set of 24 regressors, and the smallest cholesky pivot element being 1.490e-08. Reduce max_iter or increase eps parameters.
  warnings.warn(

2022-12-25 15:24:10,065:WARNING:/Library/Frameworks/Python.framework/Versions/3.10/lib/python3.10/site-packages/sklearn/linear_model/_base.py:133: FutureWarning: The default of 'normalize' will be set to False in version 1.2 and deprecated in version 1.4.
If you wish to scale the data, use Pipeline with a StandardScaler in a preprocessing stage. To reproduce the previous behavior:

from sklearn.pipeline import make_pipeline

model = make_pipeline(StandardScaler(with_mean=False), Lars())

If you wish to pass a sample_weight parameter, you need to pass it as a fit parameter to each step of the pipeline as follows:

kwargs = {s[0] + '__sample_weight': sample_weight for s in model.steps}
model.fit(X, y, **kwargs)


  warnings.warn(

2022-12-25 15:24:10,072:WARNING:/Library/Frameworks/Python.framework/Versions/3.10/lib/python3.10/site-packages/sklearn/linear_model/_least_angle.py:649: ConvergenceWarning: Regressors in active set degenerate. Dropping a regressor, after 22 iterations, i.e. alpha=2.643e-06, with an active set of 21 regressors, and the smallest cholesky pivot element being 4.593e-08. Reduce max_iter or increase eps parameters.
  warnings.warn(

2022-12-25 15:24:10,072:WARNING:/Library/Frameworks/Python.framework/Versions/3.10/lib/python3.10/site-packages/sklearn/linear_model/_least_angle.py:649: ConvergenceWarning: Regressors in active set degenerate. Dropping a regressor, after 23 iterations, i.e. alpha=6.974e-07, with an active set of 22 regressors, and the smallest cholesky pivot element being 2.581e-08. Reduce max_iter or increase eps parameters.
  warnings.warn(

2022-12-25 15:24:10,073:WARNING:/Library/Frameworks/Python.framework/Versions/3.10/lib/python3.10/site-packages/sklearn/linear_model/_least_angle.py:649: ConvergenceWarning: Regressors in active set degenerate. Dropping a regressor, after 24 iterations, i.e. alpha=4.310e-07, with an active set of 23 regressors, and the smallest cholesky pivot element being 7.814e-08. Reduce max_iter or increase eps parameters.
  warnings.warn(

2022-12-25 15:24:10,073:WARNING:/Library/Frameworks/Python.framework/Versions/3.10/lib/python3.10/site-packages/sklearn/linear_model/_least_angle.py:649: ConvergenceWarning: Regressors in active set degenerate. Dropping a regressor, after 24 iterations, i.e. alpha=2.904e-07, with an active set of 23 regressors, and the smallest cholesky pivot element being 7.451e-08. Reduce max_iter or increase eps parameters.
  warnings.warn(

2022-12-25 15:24:10,073:WARNING:/Library/Frameworks/Python.framework/Versions/3.10/lib/python3.10/site-packages/sklearn/linear_model/_least_angle.py:649: ConvergenceWarning: Regressors in active set degenerate. Dropping a regressor, after 24 iterations, i.e. alpha=1.345e-07, with an active set of 23 regressors, and the smallest cholesky pivot element being 7.451e-08. Reduce max_iter or increase eps parameters.
  warnings.warn(

2022-12-25 15:24:10,119:WARNING:/Library/Frameworks/Python.framework/Versions/3.10/lib/python3.10/site-packages/sklearn/base.py:493: FutureWarning: The feature names should match those that were passed during fit. Starting version 1.2, an error will be raised.
Feature names unseen at fit time:
- target
Feature names seen at fit time, yet now missing:
- Price

  warnings.warn(message, FutureWarning)

2022-12-25 15:24:10,132:WARNING:/Library/Frameworks/Python.framework/Versions/3.10/lib/python3.10/site-packages/sklearn/base.py:493: FutureWarning: The feature names should match those that were passed during fit. Starting version 1.2, an error will be raised.
Feature names unseen at fit time:
- target
Feature names seen at fit time, yet now missing:
- Price

  warnings.warn(message, FutureWarning)

2022-12-25 15:24:10,136:INFO:Calculating mean and std
2022-12-25 15:24:10,138:INFO:Creating metrics dataframe
2022-12-25 15:24:10,143:INFO:Uploading results into container
2022-12-25 15:24:10,144:INFO:Uploading model into container now
2022-12-25 15:24:10,145:INFO:_master_model_container: 5
2022-12-25 15:24:10,145:INFO:_display_container: 2
2022-12-25 15:24:10,145:INFO:Lars(random_state=8916)
2022-12-25 15:24:10,145:INFO:create_model() successfully completed......................................
2022-12-25 15:24:10,255:INFO:SubProcess create_model() end ==================================
2022-12-25 15:24:10,255:INFO:Creating metrics dataframe
2022-12-25 15:24:10,275:INFO:Initializing Lasso Least Angle Regression
2022-12-25 15:24:10,275:INFO:Total runtime is 0.34717525243759156 minutes
2022-12-25 15:24:10,290:INFO:SubProcess create_model() called ==================================
2022-12-25 15:24:10,291:INFO:Initializing create_model()
2022-12-25 15:24:10,291:INFO:create_model(self=<pycaret.regression.oop.RegressionExperiment object at 0x127ed2b60>, estimator=llar, fold=KFold(n_splits=10, random_state=None, shuffle=False), round=4, cross_validation=True, predict=True, fit_kwargs={}, groups=None, refit=False, probability_threshold=None, experiment_custom_tags=None, verbose=False, system=False, add_to_model_list=True, metrics=None, display=<pycaret.internal.display.display.CommonDisplay object at 0x10b1bc9a0>, model_only=True, return_train_score=False, kwargs={})
2022-12-25 15:24:10,291:INFO:Checking exceptions
2022-12-25 15:24:10,291:INFO:Importing libraries
2022-12-25 15:24:10,292:INFO:Copying training dataset
2022-12-25 15:24:10,300:INFO:Defining folds
2022-12-25 15:24:10,300:INFO:Declaring metric variables
2022-12-25 15:24:10,318:INFO:Importing untrained model
2022-12-25 15:24:10,332:INFO:Lasso Least Angle Regression Imported successfully
2022-12-25 15:24:10,346:INFO:Starting cross validation
2022-12-25 15:24:10,353:INFO:Cross validating with KFold(n_splits=10, random_state=None, shuffle=False), n_jobs=-1
2022-12-25 15:24:10,790:WARNING:/Library/Frameworks/Python.framework/Versions/3.10/lib/python3.10/site-packages/sklearn/linear_model/_base.py:133: FutureWarning: The default of 'normalize' will be set to False in version 1.2 and deprecated in version 1.4.
If you wish to scale the data, use Pipeline with a StandardScaler in a preprocessing stage. To reproduce the previous behavior:

from sklearn.pipeline import make_pipeline

model = make_pipeline(StandardScaler(with_mean=False), LassoLars())

If you wish to pass a sample_weight parameter, you need to pass it as a fit parameter to each step of the pipeline as follows:

kwargs = {s[0] + '__sample_weight': sample_weight for s in model.steps}
model.fit(X, y, **kwargs)

Set parameter alpha to: original_alpha * np.sqrt(n_samples). 
  warnings.warn(

2022-12-25 15:24:10,804:WARNING:/Library/Frameworks/Python.framework/Versions/3.10/lib/python3.10/site-packages/sklearn/linear_model/_base.py:133: FutureWarning: The default of 'normalize' will be set to False in version 1.2 and deprecated in version 1.4.
If you wish to scale the data, use Pipeline with a StandardScaler in a preprocessing stage. To reproduce the previous behavior:

from sklearn.pipeline import make_pipeline

model = make_pipeline(StandardScaler(with_mean=False), LassoLars())

If you wish to pass a sample_weight parameter, you need to pass it as a fit parameter to each step of the pipeline as follows:

kwargs = {s[0] + '__sample_weight': sample_weight for s in model.steps}
model.fit(X, y, **kwargs)

Set parameter alpha to: original_alpha * np.sqrt(n_samples). 
  warnings.warn(

2022-12-25 15:24:10,833:WARNING:/Library/Frameworks/Python.framework/Versions/3.10/lib/python3.10/site-packages/sklearn/linear_model/_base.py:133: FutureWarning: The default of 'normalize' will be set to False in version 1.2 and deprecated in version 1.4.
If you wish to scale the data, use Pipeline with a StandardScaler in a preprocessing stage. To reproduce the previous behavior:

from sklearn.pipeline import make_pipeline

model = make_pipeline(StandardScaler(with_mean=False), LassoLars())

If you wish to pass a sample_weight parameter, you need to pass it as a fit parameter to each step of the pipeline as follows:

kwargs = {s[0] + '__sample_weight': sample_weight for s in model.steps}
model.fit(X, y, **kwargs)

Set parameter alpha to: original_alpha * np.sqrt(n_samples). 
  warnings.warn(

2022-12-25 15:24:10,844:WARNING:/Library/Frameworks/Python.framework/Versions/3.10/lib/python3.10/site-packages/sklearn/linear_model/_base.py:133: FutureWarning: The default of 'normalize' will be set to False in version 1.2 and deprecated in version 1.4.
If you wish to scale the data, use Pipeline with a StandardScaler in a preprocessing stage. To reproduce the previous behavior:

from sklearn.pipeline import make_pipeline

model = make_pipeline(StandardScaler(with_mean=False), LassoLars())

If you wish to pass a sample_weight parameter, you need to pass it as a fit parameter to each step of the pipeline as follows:

kwargs = {s[0] + '__sample_weight': sample_weight for s in model.steps}
model.fit(X, y, **kwargs)

Set parameter alpha to: original_alpha * np.sqrt(n_samples). 
  warnings.warn(

2022-12-25 15:24:10,901:WARNING:/Library/Frameworks/Python.framework/Versions/3.10/lib/python3.10/site-packages/sklearn/base.py:493: FutureWarning: The feature names should match those that were passed during fit. Starting version 1.2, an error will be raised.
Feature names unseen at fit time:
- target
Feature names seen at fit time, yet now missing:
- Price

  warnings.warn(message, FutureWarning)

2022-12-25 15:24:10,918:WARNING:/Library/Frameworks/Python.framework/Versions/3.10/lib/python3.10/site-packages/sklearn/base.py:493: FutureWarning: The feature names should match those that were passed during fit. Starting version 1.2, an error will be raised.
Feature names unseen at fit time:
- target
Feature names seen at fit time, yet now missing:
- Price

  warnings.warn(message, FutureWarning)

2022-12-25 15:24:10,944:WARNING:/Library/Frameworks/Python.framework/Versions/3.10/lib/python3.10/site-packages/sklearn/base.py:493: FutureWarning: The feature names should match those that were passed during fit. Starting version 1.2, an error will be raised.
Feature names unseen at fit time:
- target
Feature names seen at fit time, yet now missing:
- Price

  warnings.warn(message, FutureWarning)

2022-12-25 15:24:10,951:WARNING:/Library/Frameworks/Python.framework/Versions/3.10/lib/python3.10/site-packages/sklearn/base.py:493: FutureWarning: The feature names should match those that were passed during fit. Starting version 1.2, an error will be raised.
Feature names unseen at fit time:
- target
Feature names seen at fit time, yet now missing:
- Price

  warnings.warn(message, FutureWarning)

2022-12-25 15:24:11,314:WARNING:/Library/Frameworks/Python.framework/Versions/3.10/lib/python3.10/site-packages/sklearn/linear_model/_base.py:133: FutureWarning: The default of 'normalize' will be set to False in version 1.2 and deprecated in version 1.4.
If you wish to scale the data, use Pipeline with a StandardScaler in a preprocessing stage. To reproduce the previous behavior:

from sklearn.pipeline import make_pipeline

model = make_pipeline(StandardScaler(with_mean=False), LassoLars())

If you wish to pass a sample_weight parameter, you need to pass it as a fit parameter to each step of the pipeline as follows:

kwargs = {s[0] + '__sample_weight': sample_weight for s in model.steps}
model.fit(X, y, **kwargs)

Set parameter alpha to: original_alpha * np.sqrt(n_samples). 
  warnings.warn(

2022-12-25 15:24:11,366:WARNING:/Library/Frameworks/Python.framework/Versions/3.10/lib/python3.10/site-packages/sklearn/linear_model/_base.py:133: FutureWarning: The default of 'normalize' will be set to False in version 1.2 and deprecated in version 1.4.
If you wish to scale the data, use Pipeline with a StandardScaler in a preprocessing stage. To reproduce the previous behavior:

from sklearn.pipeline import make_pipeline

model = make_pipeline(StandardScaler(with_mean=False), LassoLars())

If you wish to pass a sample_weight parameter, you need to pass it as a fit parameter to each step of the pipeline as follows:

kwargs = {s[0] + '__sample_weight': sample_weight for s in model.steps}
model.fit(X, y, **kwargs)

Set parameter alpha to: original_alpha * np.sqrt(n_samples). 
  warnings.warn(

2022-12-25 15:24:11,377:WARNING:/Library/Frameworks/Python.framework/Versions/3.10/lib/python3.10/site-packages/sklearn/linear_model/_base.py:133: FutureWarning: The default of 'normalize' will be set to False in version 1.2 and deprecated in version 1.4.
If you wish to scale the data, use Pipeline with a StandardScaler in a preprocessing stage. To reproduce the previous behavior:

from sklearn.pipeline import make_pipeline

model = make_pipeline(StandardScaler(with_mean=False), LassoLars())

If you wish to pass a sample_weight parameter, you need to pass it as a fit parameter to each step of the pipeline as follows:

kwargs = {s[0] + '__sample_weight': sample_weight for s in model.steps}
model.fit(X, y, **kwargs)

Set parameter alpha to: original_alpha * np.sqrt(n_samples). 
  warnings.warn(

2022-12-25 15:24:11,406:WARNING:/Library/Frameworks/Python.framework/Versions/3.10/lib/python3.10/site-packages/sklearn/linear_model/_base.py:133: FutureWarning: The default of 'normalize' will be set to False in version 1.2 and deprecated in version 1.4.
If you wish to scale the data, use Pipeline with a StandardScaler in a preprocessing stage. To reproduce the previous behavior:

from sklearn.pipeline import make_pipeline

model = make_pipeline(StandardScaler(with_mean=False), LassoLars())

If you wish to pass a sample_weight parameter, you need to pass it as a fit parameter to each step of the pipeline as follows:

kwargs = {s[0] + '__sample_weight': sample_weight for s in model.steps}
model.fit(X, y, **kwargs)

Set parameter alpha to: original_alpha * np.sqrt(n_samples). 
  warnings.warn(

2022-12-25 15:24:11,431:WARNING:/Library/Frameworks/Python.framework/Versions/3.10/lib/python3.10/site-packages/sklearn/base.py:493: FutureWarning: The feature names should match those that were passed during fit. Starting version 1.2, an error will be raised.
Feature names unseen at fit time:
- target
Feature names seen at fit time, yet now missing:
- Price

  warnings.warn(message, FutureWarning)

2022-12-25 15:24:11,477:WARNING:/Library/Frameworks/Python.framework/Versions/3.10/lib/python3.10/site-packages/sklearn/base.py:493: FutureWarning: The feature names should match those that were passed during fit. Starting version 1.2, an error will be raised.
Feature names unseen at fit time:
- target
Feature names seen at fit time, yet now missing:
- Price

  warnings.warn(message, FutureWarning)

2022-12-25 15:24:11,487:WARNING:/Library/Frameworks/Python.framework/Versions/3.10/lib/python3.10/site-packages/sklearn/base.py:493: FutureWarning: The feature names should match those that were passed during fit. Starting version 1.2, an error will be raised.
Feature names unseen at fit time:
- target
Feature names seen at fit time, yet now missing:
- Price

  warnings.warn(message, FutureWarning)

2022-12-25 15:24:11,511:WARNING:/Library/Frameworks/Python.framework/Versions/3.10/lib/python3.10/site-packages/sklearn/base.py:493: FutureWarning: The feature names should match those that were passed during fit. Starting version 1.2, an error will be raised.
Feature names unseen at fit time:
- target
Feature names seen at fit time, yet now missing:
- Price

  warnings.warn(message, FutureWarning)

2022-12-25 15:24:11,710:WARNING:/Library/Frameworks/Python.framework/Versions/3.10/lib/python3.10/site-packages/sklearn/linear_model/_base.py:133: FutureWarning: The default of 'normalize' will be set to False in version 1.2 and deprecated in version 1.4.
If you wish to scale the data, use Pipeline with a StandardScaler in a preprocessing stage. To reproduce the previous behavior:

from sklearn.pipeline import make_pipeline

model = make_pipeline(StandardScaler(with_mean=False), LassoLars())

If you wish to pass a sample_weight parameter, you need to pass it as a fit parameter to each step of the pipeline as follows:

kwargs = {s[0] + '__sample_weight': sample_weight for s in model.steps}
model.fit(X, y, **kwargs)

Set parameter alpha to: original_alpha * np.sqrt(n_samples). 
  warnings.warn(

2022-12-25 15:24:11,747:WARNING:/Library/Frameworks/Python.framework/Versions/3.10/lib/python3.10/site-packages/sklearn/linear_model/_base.py:133: FutureWarning: The default of 'normalize' will be set to False in version 1.2 and deprecated in version 1.4.
If you wish to scale the data, use Pipeline with a StandardScaler in a preprocessing stage. To reproduce the previous behavior:

from sklearn.pipeline import make_pipeline

model = make_pipeline(StandardScaler(with_mean=False), LassoLars())

If you wish to pass a sample_weight parameter, you need to pass it as a fit parameter to each step of the pipeline as follows:

kwargs = {s[0] + '__sample_weight': sample_weight for s in model.steps}
model.fit(X, y, **kwargs)

Set parameter alpha to: original_alpha * np.sqrt(n_samples). 
  warnings.warn(

2022-12-25 15:24:11,770:WARNING:/Library/Frameworks/Python.framework/Versions/3.10/lib/python3.10/site-packages/sklearn/base.py:493: FutureWarning: The feature names should match those that were passed during fit. Starting version 1.2, an error will be raised.
Feature names unseen at fit time:
- target
Feature names seen at fit time, yet now missing:
- Price

  warnings.warn(message, FutureWarning)

2022-12-25 15:24:11,804:WARNING:/Library/Frameworks/Python.framework/Versions/3.10/lib/python3.10/site-packages/sklearn/base.py:493: FutureWarning: The feature names should match those that were passed during fit. Starting version 1.2, an error will be raised.
Feature names unseen at fit time:
- target
Feature names seen at fit time, yet now missing:
- Price

  warnings.warn(message, FutureWarning)

2022-12-25 15:24:11,809:INFO:Calculating mean and std
2022-12-25 15:24:11,811:INFO:Creating metrics dataframe
2022-12-25 15:24:11,815:INFO:Uploading results into container
2022-12-25 15:24:11,816:INFO:Uploading model into container now
2022-12-25 15:24:11,817:INFO:_master_model_container: 6
2022-12-25 15:24:11,817:INFO:_display_container: 2
2022-12-25 15:24:11,817:INFO:LassoLars(random_state=8916)
2022-12-25 15:24:11,817:INFO:create_model() successfully completed......................................
2022-12-25 15:24:11,933:INFO:SubProcess create_model() end ==================================
2022-12-25 15:24:11,933:INFO:Creating metrics dataframe
2022-12-25 15:24:11,951:INFO:Initializing Orthogonal Matching Pursuit
2022-12-25 15:24:11,951:INFO:Total runtime is 0.37511433362960817 minutes
2022-12-25 15:24:11,957:INFO:SubProcess create_model() called ==================================
2022-12-25 15:24:11,958:INFO:Initializing create_model()
2022-12-25 15:24:11,958:INFO:create_model(self=<pycaret.regression.oop.RegressionExperiment object at 0x127ed2b60>, estimator=omp, fold=KFold(n_splits=10, random_state=None, shuffle=False), round=4, cross_validation=True, predict=True, fit_kwargs={}, groups=None, refit=False, probability_threshold=None, experiment_custom_tags=None, verbose=False, system=False, add_to_model_list=True, metrics=None, display=<pycaret.internal.display.display.CommonDisplay object at 0x10b1bc9a0>, model_only=True, return_train_score=False, kwargs={})
2022-12-25 15:24:11,959:INFO:Checking exceptions
2022-12-25 15:24:11,959:INFO:Importing libraries
2022-12-25 15:24:11,959:INFO:Copying training dataset
2022-12-25 15:24:11,968:INFO:Defining folds
2022-12-25 15:24:11,968:INFO:Declaring metric variables
2022-12-25 15:24:11,988:INFO:Importing untrained model
2022-12-25 15:24:12,000:INFO:Orthogonal Matching Pursuit Imported successfully
2022-12-25 15:24:12,017:INFO:Starting cross validation
2022-12-25 15:24:12,020:INFO:Cross validating with KFold(n_splits=10, random_state=None, shuffle=False), n_jobs=-1
2022-12-25 15:24:12,485:WARNING:/Library/Frameworks/Python.framework/Versions/3.10/lib/python3.10/site-packages/sklearn/linear_model/_base.py:133: FutureWarning: The default of 'normalize' will be set to False in version 1.2 and deprecated in version 1.4.
If you wish to scale the data, use Pipeline with a StandardScaler in a preprocessing stage. To reproduce the previous behavior:

from sklearn.pipeline import make_pipeline

model = make_pipeline(StandardScaler(with_mean=False), OrthogonalMatchingPursuit())

If you wish to pass a sample_weight parameter, you need to pass it as a fit parameter to each step of the pipeline as follows:

kwargs = {s[0] + '__sample_weight': sample_weight for s in model.steps}
model.fit(X, y, **kwargs)


  warnings.warn(

2022-12-25 15:24:12,486:WARNING:/Library/Frameworks/Python.framework/Versions/3.10/lib/python3.10/site-packages/sklearn/linear_model/_base.py:133: FutureWarning: The default of 'normalize' will be set to False in version 1.2 and deprecated in version 1.4.
If you wish to scale the data, use Pipeline with a StandardScaler in a preprocessing stage. To reproduce the previous behavior:

from sklearn.pipeline import make_pipeline

model = make_pipeline(StandardScaler(with_mean=False), OrthogonalMatchingPursuit())

If you wish to pass a sample_weight parameter, you need to pass it as a fit parameter to each step of the pipeline as follows:

kwargs = {s[0] + '__sample_weight': sample_weight for s in model.steps}
model.fit(X, y, **kwargs)


  warnings.warn(

2022-12-25 15:24:12,491:WARNING:/Library/Frameworks/Python.framework/Versions/3.10/lib/python3.10/site-packages/sklearn/linear_model/_base.py:133: FutureWarning: The default of 'normalize' will be set to False in version 1.2 and deprecated in version 1.4.
If you wish to scale the data, use Pipeline with a StandardScaler in a preprocessing stage. To reproduce the previous behavior:

from sklearn.pipeline import make_pipeline

model = make_pipeline(StandardScaler(with_mean=False), OrthogonalMatchingPursuit())

If you wish to pass a sample_weight parameter, you need to pass it as a fit parameter to each step of the pipeline as follows:

kwargs = {s[0] + '__sample_weight': sample_weight for s in model.steps}
model.fit(X, y, **kwargs)


  warnings.warn(

2022-12-25 15:24:12,507:WARNING:/Library/Frameworks/Python.framework/Versions/3.10/lib/python3.10/site-packages/sklearn/linear_model/_base.py:133: FutureWarning: The default of 'normalize' will be set to False in version 1.2 and deprecated in version 1.4.
If you wish to scale the data, use Pipeline with a StandardScaler in a preprocessing stage. To reproduce the previous behavior:

from sklearn.pipeline import make_pipeline

model = make_pipeline(StandardScaler(with_mean=False), OrthogonalMatchingPursuit())

If you wish to pass a sample_weight parameter, you need to pass it as a fit parameter to each step of the pipeline as follows:

kwargs = {s[0] + '__sample_weight': sample_weight for s in model.steps}
model.fit(X, y, **kwargs)


  warnings.warn(

2022-12-25 15:24:12,602:WARNING:/Library/Frameworks/Python.framework/Versions/3.10/lib/python3.10/site-packages/sklearn/base.py:493: FutureWarning: The feature names should match those that were passed during fit. Starting version 1.2, an error will be raised.
Feature names unseen at fit time:
- target
Feature names seen at fit time, yet now missing:
- Price

  warnings.warn(message, FutureWarning)

2022-12-25 15:24:12,607:WARNING:/Library/Frameworks/Python.framework/Versions/3.10/lib/python3.10/site-packages/sklearn/base.py:493: FutureWarning: The feature names should match those that were passed during fit. Starting version 1.2, an error will be raised.
Feature names unseen at fit time:
- target
Feature names seen at fit time, yet now missing:
- Price

  warnings.warn(message, FutureWarning)

2022-12-25 15:24:12,611:WARNING:/Library/Frameworks/Python.framework/Versions/3.10/lib/python3.10/site-packages/sklearn/base.py:493: FutureWarning: The feature names should match those that were passed during fit. Starting version 1.2, an error will be raised.
Feature names unseen at fit time:
- target
Feature names seen at fit time, yet now missing:
- Price

  warnings.warn(message, FutureWarning)

2022-12-25 15:24:12,631:WARNING:/Library/Frameworks/Python.framework/Versions/3.10/lib/python3.10/site-packages/sklearn/base.py:493: FutureWarning: The feature names should match those that were passed during fit. Starting version 1.2, an error will be raised.
Feature names unseen at fit time:
- target
Feature names seen at fit time, yet now missing:
- Price

  warnings.warn(message, FutureWarning)

2022-12-25 15:24:13,017:WARNING:/Library/Frameworks/Python.framework/Versions/3.10/lib/python3.10/site-packages/sklearn/linear_model/_base.py:133: FutureWarning: The default of 'normalize' will be set to False in version 1.2 and deprecated in version 1.4.
If you wish to scale the data, use Pipeline with a StandardScaler in a preprocessing stage. To reproduce the previous behavior:

from sklearn.pipeline import make_pipeline

model = make_pipeline(StandardScaler(with_mean=False), OrthogonalMatchingPursuit())

If you wish to pass a sample_weight parameter, you need to pass it as a fit parameter to each step of the pipeline as follows:

kwargs = {s[0] + '__sample_weight': sample_weight for s in model.steps}
model.fit(X, y, **kwargs)


  warnings.warn(

2022-12-25 15:24:13,030:WARNING:/Library/Frameworks/Python.framework/Versions/3.10/lib/python3.10/site-packages/sklearn/linear_model/_base.py:133: FutureWarning: The default of 'normalize' will be set to False in version 1.2 and deprecated in version 1.4.
If you wish to scale the data, use Pipeline with a StandardScaler in a preprocessing stage. To reproduce the previous behavior:

from sklearn.pipeline import make_pipeline

model = make_pipeline(StandardScaler(with_mean=False), OrthogonalMatchingPursuit())

If you wish to pass a sample_weight parameter, you need to pass it as a fit parameter to each step of the pipeline as follows:

kwargs = {s[0] + '__sample_weight': sample_weight for s in model.steps}
model.fit(X, y, **kwargs)


  warnings.warn(

2022-12-25 15:24:13,056:WARNING:/Library/Frameworks/Python.framework/Versions/3.10/lib/python3.10/site-packages/sklearn/linear_model/_base.py:133: FutureWarning: The default of 'normalize' will be set to False in version 1.2 and deprecated in version 1.4.
If you wish to scale the data, use Pipeline with a StandardScaler in a preprocessing stage. To reproduce the previous behavior:

from sklearn.pipeline import make_pipeline

model = make_pipeline(StandardScaler(with_mean=False), OrthogonalMatchingPursuit())

If you wish to pass a sample_weight parameter, you need to pass it as a fit parameter to each step of the pipeline as follows:

kwargs = {s[0] + '__sample_weight': sample_weight for s in model.steps}
model.fit(X, y, **kwargs)


  warnings.warn(

2022-12-25 15:24:13,085:WARNING:/Library/Frameworks/Python.framework/Versions/3.10/lib/python3.10/site-packages/sklearn/linear_model/_base.py:133: FutureWarning: The default of 'normalize' will be set to False in version 1.2 and deprecated in version 1.4.
If you wish to scale the data, use Pipeline with a StandardScaler in a preprocessing stage. To reproduce the previous behavior:

from sklearn.pipeline import make_pipeline

model = make_pipeline(StandardScaler(with_mean=False), OrthogonalMatchingPursuit())

If you wish to pass a sample_weight parameter, you need to pass it as a fit parameter to each step of the pipeline as follows:

kwargs = {s[0] + '__sample_weight': sample_weight for s in model.steps}
model.fit(X, y, **kwargs)


  warnings.warn(

2022-12-25 15:24:13,126:WARNING:/Library/Frameworks/Python.framework/Versions/3.10/lib/python3.10/site-packages/sklearn/base.py:493: FutureWarning: The feature names should match those that were passed during fit. Starting version 1.2, an error will be raised.
Feature names unseen at fit time:
- target
Feature names seen at fit time, yet now missing:
- Price

  warnings.warn(message, FutureWarning)

2022-12-25 15:24:13,168:WARNING:/Library/Frameworks/Python.framework/Versions/3.10/lib/python3.10/site-packages/sklearn/base.py:493: FutureWarning: The feature names should match those that were passed during fit. Starting version 1.2, an error will be raised.
Feature names unseen at fit time:
- target
Feature names seen at fit time, yet now missing:
- Price

  warnings.warn(message, FutureWarning)

2022-12-25 15:24:13,178:WARNING:/Library/Frameworks/Python.framework/Versions/3.10/lib/python3.10/site-packages/sklearn/base.py:493: FutureWarning: The feature names should match those that were passed during fit. Starting version 1.2, an error will be raised.
Feature names unseen at fit time:
- target
Feature names seen at fit time, yet now missing:
- Price

  warnings.warn(message, FutureWarning)

2022-12-25 15:24:13,201:WARNING:/Library/Frameworks/Python.framework/Versions/3.10/lib/python3.10/site-packages/sklearn/base.py:493: FutureWarning: The feature names should match those that were passed during fit. Starting version 1.2, an error will be raised.
Feature names unseen at fit time:
- target
Feature names seen at fit time, yet now missing:
- Price

  warnings.warn(message, FutureWarning)

2022-12-25 15:24:13,381:WARNING:/Library/Frameworks/Python.framework/Versions/3.10/lib/python3.10/site-packages/sklearn/linear_model/_base.py:133: FutureWarning: The default of 'normalize' will be set to False in version 1.2 and deprecated in version 1.4.
If you wish to scale the data, use Pipeline with a StandardScaler in a preprocessing stage. To reproduce the previous behavior:

from sklearn.pipeline import make_pipeline

model = make_pipeline(StandardScaler(with_mean=False), OrthogonalMatchingPursuit())

If you wish to pass a sample_weight parameter, you need to pass it as a fit parameter to each step of the pipeline as follows:

kwargs = {s[0] + '__sample_weight': sample_weight for s in model.steps}
model.fit(X, y, **kwargs)


  warnings.warn(

2022-12-25 15:24:13,399:WARNING:/Library/Frameworks/Python.framework/Versions/3.10/lib/python3.10/site-packages/sklearn/linear_model/_base.py:133: FutureWarning: The default of 'normalize' will be set to False in version 1.2 and deprecated in version 1.4.
If you wish to scale the data, use Pipeline with a StandardScaler in a preprocessing stage. To reproduce the previous behavior:

from sklearn.pipeline import make_pipeline

model = make_pipeline(StandardScaler(with_mean=False), OrthogonalMatchingPursuit())

If you wish to pass a sample_weight parameter, you need to pass it as a fit parameter to each step of the pipeline as follows:

kwargs = {s[0] + '__sample_weight': sample_weight for s in model.steps}
model.fit(X, y, **kwargs)


  warnings.warn(

2022-12-25 15:24:13,444:WARNING:/Library/Frameworks/Python.framework/Versions/3.10/lib/python3.10/site-packages/sklearn/base.py:493: FutureWarning: The feature names should match those that were passed during fit. Starting version 1.2, an error will be raised.
Feature names unseen at fit time:
- target
Feature names seen at fit time, yet now missing:
- Price

  warnings.warn(message, FutureWarning)

2022-12-25 15:24:13,460:WARNING:/Library/Frameworks/Python.framework/Versions/3.10/lib/python3.10/site-packages/sklearn/base.py:493: FutureWarning: The feature names should match those that were passed during fit. Starting version 1.2, an error will be raised.
Feature names unseen at fit time:
- target
Feature names seen at fit time, yet now missing:
- Price

  warnings.warn(message, FutureWarning)

2022-12-25 15:24:13,465:INFO:Calculating mean and std
2022-12-25 15:24:13,466:INFO:Creating metrics dataframe
2022-12-25 15:24:13,471:INFO:Uploading results into container
2022-12-25 15:24:13,472:INFO:Uploading model into container now
2022-12-25 15:24:13,473:INFO:_master_model_container: 7
2022-12-25 15:24:13,473:INFO:_display_container: 2
2022-12-25 15:24:13,473:INFO:OrthogonalMatchingPursuit()
2022-12-25 15:24:13,473:INFO:create_model() successfully completed......................................
2022-12-25 15:24:13,587:INFO:SubProcess create_model() end ==================================
2022-12-25 15:24:13,588:INFO:Creating metrics dataframe
2022-12-25 15:24:13,608:INFO:Initializing Bayesian Ridge
2022-12-25 15:24:13,609:INFO:Total runtime is 0.4027362505594889 minutes
2022-12-25 15:24:13,614:INFO:SubProcess create_model() called ==================================
2022-12-25 15:24:13,615:INFO:Initializing create_model()
2022-12-25 15:24:13,615:INFO:create_model(self=<pycaret.regression.oop.RegressionExperiment object at 0x127ed2b60>, estimator=br, fold=KFold(n_splits=10, random_state=None, shuffle=False), round=4, cross_validation=True, predict=True, fit_kwargs={}, groups=None, refit=False, probability_threshold=None, experiment_custom_tags=None, verbose=False, system=False, add_to_model_list=True, metrics=None, display=<pycaret.internal.display.display.CommonDisplay object at 0x10b1bc9a0>, model_only=True, return_train_score=False, kwargs={})
2022-12-25 15:24:13,615:INFO:Checking exceptions
2022-12-25 15:24:13,616:INFO:Importing libraries
2022-12-25 15:24:13,616:INFO:Copying training dataset
2022-12-25 15:24:13,626:INFO:Defining folds
2022-12-25 15:24:13,626:INFO:Declaring metric variables
2022-12-25 15:24:13,641:INFO:Importing untrained model
2022-12-25 15:24:13,649:INFO:Bayesian Ridge Imported successfully
2022-12-25 15:24:13,669:INFO:Starting cross validation
2022-12-25 15:24:13,673:INFO:Cross validating with KFold(n_splits=10, random_state=None, shuffle=False), n_jobs=-1
2022-12-25 15:24:14,201:WARNING:/Library/Frameworks/Python.framework/Versions/3.10/lib/python3.10/site-packages/sklearn/base.py:493: FutureWarning: The feature names should match those that were passed during fit. Starting version 1.2, an error will be raised.
Feature names unseen at fit time:
- target
Feature names seen at fit time, yet now missing:
- Price

  warnings.warn(message, FutureWarning)

2022-12-25 15:24:14,247:WARNING:/Library/Frameworks/Python.framework/Versions/3.10/lib/python3.10/site-packages/sklearn/base.py:493: FutureWarning: The feature names should match those that were passed during fit. Starting version 1.2, an error will be raised.
Feature names unseen at fit time:
- target
Feature names seen at fit time, yet now missing:
- Price

  warnings.warn(message, FutureWarning)

2022-12-25 15:24:14,289:WARNING:/Library/Frameworks/Python.framework/Versions/3.10/lib/python3.10/site-packages/sklearn/base.py:493: FutureWarning: The feature names should match those that were passed during fit. Starting version 1.2, an error will be raised.
Feature names unseen at fit time:
- target
Feature names seen at fit time, yet now missing:
- Price

  warnings.warn(message, FutureWarning)

2022-12-25 15:24:14,299:WARNING:/Library/Frameworks/Python.framework/Versions/3.10/lib/python3.10/site-packages/sklearn/base.py:493: FutureWarning: The feature names should match those that were passed during fit. Starting version 1.2, an error will be raised.
Feature names unseen at fit time:
- target
Feature names seen at fit time, yet now missing:
- Price

  warnings.warn(message, FutureWarning)

2022-12-25 15:24:14,760:WARNING:/Library/Frameworks/Python.framework/Versions/3.10/lib/python3.10/site-packages/sklearn/base.py:493: FutureWarning: The feature names should match those that were passed during fit. Starting version 1.2, an error will be raised.
Feature names unseen at fit time:
- target
Feature names seen at fit time, yet now missing:
- Price

  warnings.warn(message, FutureWarning)

2022-12-25 15:24:14,797:WARNING:/Library/Frameworks/Python.framework/Versions/3.10/lib/python3.10/site-packages/sklearn/base.py:493: FutureWarning: The feature names should match those that were passed during fit. Starting version 1.2, an error will be raised.
Feature names unseen at fit time:
- target
Feature names seen at fit time, yet now missing:
- Price

  warnings.warn(message, FutureWarning)

2022-12-25 15:24:14,830:WARNING:/Library/Frameworks/Python.framework/Versions/3.10/lib/python3.10/site-packages/sklearn/base.py:493: FutureWarning: The feature names should match those that were passed during fit. Starting version 1.2, an error will be raised.
Feature names unseen at fit time:
- target
Feature names seen at fit time, yet now missing:
- Price

  warnings.warn(message, FutureWarning)

2022-12-25 15:24:14,852:WARNING:/Library/Frameworks/Python.framework/Versions/3.10/lib/python3.10/site-packages/sklearn/base.py:493: FutureWarning: The feature names should match those that were passed during fit. Starting version 1.2, an error will be raised.
Feature names unseen at fit time:
- target
Feature names seen at fit time, yet now missing:
- Price

  warnings.warn(message, FutureWarning)

2022-12-25 15:24:15,077:WARNING:/Library/Frameworks/Python.framework/Versions/3.10/lib/python3.10/site-packages/sklearn/base.py:493: FutureWarning: The feature names should match those that were passed during fit. Starting version 1.2, an error will be raised.
Feature names unseen at fit time:
- target
Feature names seen at fit time, yet now missing:
- Price

  warnings.warn(message, FutureWarning)

2022-12-25 15:24:15,103:WARNING:/Library/Frameworks/Python.framework/Versions/3.10/lib/python3.10/site-packages/sklearn/base.py:493: FutureWarning: The feature names should match those that were passed during fit. Starting version 1.2, an error will be raised.
Feature names unseen at fit time:
- target
Feature names seen at fit time, yet now missing:
- Price

  warnings.warn(message, FutureWarning)

2022-12-25 15:24:15,108:INFO:Calculating mean and std
2022-12-25 15:24:15,110:INFO:Creating metrics dataframe
2022-12-25 15:24:15,114:INFO:Uploading results into container
2022-12-25 15:24:15,115:INFO:Uploading model into container now
2022-12-25 15:24:15,116:INFO:_master_model_container: 8
2022-12-25 15:24:15,116:INFO:_display_container: 2
2022-12-25 15:24:15,117:INFO:BayesianRidge()
2022-12-25 15:24:15,117:INFO:create_model() successfully completed......................................
2022-12-25 15:24:15,231:INFO:SubProcess create_model() end ==================================
2022-12-25 15:24:15,232:INFO:Creating metrics dataframe
2022-12-25 15:24:15,247:INFO:Initializing Passive Aggressive Regressor
2022-12-25 15:24:15,247:INFO:Total runtime is 0.4300421833992004 minutes
2022-12-25 15:24:15,253:INFO:SubProcess create_model() called ==================================
2022-12-25 15:24:15,253:INFO:Initializing create_model()
2022-12-25 15:24:15,254:INFO:create_model(self=<pycaret.regression.oop.RegressionExperiment object at 0x127ed2b60>, estimator=par, fold=KFold(n_splits=10, random_state=None, shuffle=False), round=4, cross_validation=True, predict=True, fit_kwargs={}, groups=None, refit=False, probability_threshold=None, experiment_custom_tags=None, verbose=False, system=False, add_to_model_list=True, metrics=None, display=<pycaret.internal.display.display.CommonDisplay object at 0x10b1bc9a0>, model_only=True, return_train_score=False, kwargs={})
2022-12-25 15:24:15,254:INFO:Checking exceptions
2022-12-25 15:24:15,254:INFO:Importing libraries
2022-12-25 15:24:15,254:INFO:Copying training dataset
2022-12-25 15:24:15,263:INFO:Defining folds
2022-12-25 15:24:15,263:INFO:Declaring metric variables
2022-12-25 15:24:15,279:INFO:Importing untrained model
2022-12-25 15:24:15,286:INFO:Passive Aggressive Regressor Imported successfully
2022-12-25 15:24:15,308:INFO:Starting cross validation
2022-12-25 15:24:15,311:INFO:Cross validating with KFold(n_splits=10, random_state=None, shuffle=False), n_jobs=-1
2022-12-25 15:24:15,847:WARNING:/Library/Frameworks/Python.framework/Versions/3.10/lib/python3.10/site-packages/sklearn/base.py:493: FutureWarning: The feature names should match those that were passed during fit. Starting version 1.2, an error will be raised.
Feature names unseen at fit time:
- target
Feature names seen at fit time, yet now missing:
- Price

  warnings.warn(message, FutureWarning)

2022-12-25 15:24:15,860:WARNING:/Library/Frameworks/Python.framework/Versions/3.10/lib/python3.10/site-packages/sklearn/model_selection/_validation.py:776: UserWarning: Scoring failed. The score on this train-test partition for these parameters will be set to 0. Details: 
Traceback (most recent call last):
  File "/Library/Frameworks/Python.framework/Versions/3.10/lib/python3.10/site-packages/sklearn/model_selection/_validation.py", line 767, in _score
    scores = scorer(estimator, X_test, y_test)
  File "/Library/Frameworks/Python.framework/Versions/3.10/lib/python3.10/site-packages/sklearn/metrics/_scorer.py", line 106, in __call__
    score = scorer._score(cached_call, estimator, *args, **kwargs)
  File "/Library/Frameworks/Python.framework/Versions/3.10/lib/python3.10/site-packages/sklearn/metrics/_scorer.py", line 267, in _score
    return self._sign * self._score_func(y_true, y_pred, **self._kwargs)
  File "/Library/Frameworks/Python.framework/Versions/3.10/lib/python3.10/site-packages/sklearn/metrics/_regression.py", line 196, in mean_absolute_error
    y_type, y_true, y_pred, multioutput = _check_reg_targets(
  File "/Library/Frameworks/Python.framework/Versions/3.10/lib/python3.10/site-packages/sklearn/metrics/_regression.py", line 102, in _check_reg_targets
    y_pred = check_array(y_pred, ensure_2d=False, dtype=dtype)
  File "/Library/Frameworks/Python.framework/Versions/3.10/lib/python3.10/site-packages/sklearn/utils/validation.py", line 899, in check_array
    _assert_all_finite(
  File "/Library/Frameworks/Python.framework/Versions/3.10/lib/python3.10/site-packages/sklearn/utils/validation.py", line 146, in _assert_all_finite
    raise ValueError(msg_err)
ValueError: Input contains NaN.

  warnings.warn(

2022-12-25 15:24:15,875:WARNING:/Library/Frameworks/Python.framework/Versions/3.10/lib/python3.10/site-packages/sklearn/base.py:493: FutureWarning: The feature names should match those that were passed during fit. Starting version 1.2, an error will be raised.
Feature names unseen at fit time:
- target
Feature names seen at fit time, yet now missing:
- Price

  warnings.warn(message, FutureWarning)

2022-12-25 15:24:15,885:WARNING:/Library/Frameworks/Python.framework/Versions/3.10/lib/python3.10/site-packages/sklearn/model_selection/_validation.py:776: UserWarning: Scoring failed. The score on this train-test partition for these parameters will be set to 0. Details: 
Traceback (most recent call last):
  File "/Library/Frameworks/Python.framework/Versions/3.10/lib/python3.10/site-packages/sklearn/model_selection/_validation.py", line 767, in _score
    scores = scorer(estimator, X_test, y_test)
  File "/Library/Frameworks/Python.framework/Versions/3.10/lib/python3.10/site-packages/sklearn/metrics/_scorer.py", line 106, in __call__
    score = scorer._score(cached_call, estimator, *args, **kwargs)
  File "/Library/Frameworks/Python.framework/Versions/3.10/lib/python3.10/site-packages/sklearn/metrics/_scorer.py", line 267, in _score
    return self._sign * self._score_func(y_true, y_pred, **self._kwargs)
  File "/Library/Frameworks/Python.framework/Versions/3.10/lib/python3.10/site-packages/sklearn/metrics/_regression.py", line 196, in mean_absolute_error
    y_type, y_true, y_pred, multioutput = _check_reg_targets(
  File "/Library/Frameworks/Python.framework/Versions/3.10/lib/python3.10/site-packages/sklearn/metrics/_regression.py", line 102, in _check_reg_targets
    y_pred = check_array(y_pred, ensure_2d=False, dtype=dtype)
  File "/Library/Frameworks/Python.framework/Versions/3.10/lib/python3.10/site-packages/sklearn/utils/validation.py", line 899, in check_array
    _assert_all_finite(
  File "/Library/Frameworks/Python.framework/Versions/3.10/lib/python3.10/site-packages/sklearn/utils/validation.py", line 146, in _assert_all_finite
    raise ValueError(msg_err)
ValueError: Input contains NaN.

  warnings.warn(

2022-12-25 15:24:15,914:WARNING:/Library/Frameworks/Python.framework/Versions/3.10/lib/python3.10/site-packages/sklearn/base.py:493: FutureWarning: The feature names should match those that were passed during fit. Starting version 1.2, an error will be raised.
Feature names unseen at fit time:
- target
Feature names seen at fit time, yet now missing:
- Price

  warnings.warn(message, FutureWarning)

2022-12-25 15:24:15,920:WARNING:/Library/Frameworks/Python.framework/Versions/3.10/lib/python3.10/site-packages/sklearn/model_selection/_validation.py:776: UserWarning: Scoring failed. The score on this train-test partition for these parameters will be set to 0. Details: 
Traceback (most recent call last):
  File "/Library/Frameworks/Python.framework/Versions/3.10/lib/python3.10/site-packages/sklearn/model_selection/_validation.py", line 767, in _score
    scores = scorer(estimator, X_test, y_test)
  File "/Library/Frameworks/Python.framework/Versions/3.10/lib/python3.10/site-packages/sklearn/metrics/_scorer.py", line 106, in __call__
    score = scorer._score(cached_call, estimator, *args, **kwargs)
  File "/Library/Frameworks/Python.framework/Versions/3.10/lib/python3.10/site-packages/sklearn/metrics/_scorer.py", line 267, in _score
    return self._sign * self._score_func(y_true, y_pred, **self._kwargs)
  File "/Library/Frameworks/Python.framework/Versions/3.10/lib/python3.10/site-packages/sklearn/metrics/_regression.py", line 196, in mean_absolute_error
    y_type, y_true, y_pred, multioutput = _check_reg_targets(
  File "/Library/Frameworks/Python.framework/Versions/3.10/lib/python3.10/site-packages/sklearn/metrics/_regression.py", line 102, in _check_reg_targets
    y_pred = check_array(y_pred, ensure_2d=False, dtype=dtype)
  File "/Library/Frameworks/Python.framework/Versions/3.10/lib/python3.10/site-packages/sklearn/utils/validation.py", line 899, in check_array
    _assert_all_finite(
  File "/Library/Frameworks/Python.framework/Versions/3.10/lib/python3.10/site-packages/sklearn/utils/validation.py", line 146, in _assert_all_finite
    raise ValueError(msg_err)
ValueError: Input contains NaN.

  warnings.warn(

2022-12-25 15:24:15,961:WARNING:/Library/Frameworks/Python.framework/Versions/3.10/lib/python3.10/site-packages/sklearn/base.py:493: FutureWarning: The feature names should match those that were passed during fit. Starting version 1.2, an error will be raised.
Feature names unseen at fit time:
- target
Feature names seen at fit time, yet now missing:
- Price

  warnings.warn(message, FutureWarning)

2022-12-25 15:24:15,967:WARNING:/Library/Frameworks/Python.framework/Versions/3.10/lib/python3.10/site-packages/sklearn/model_selection/_validation.py:776: UserWarning: Scoring failed. The score on this train-test partition for these parameters will be set to 0. Details: 
Traceback (most recent call last):
  File "/Library/Frameworks/Python.framework/Versions/3.10/lib/python3.10/site-packages/sklearn/model_selection/_validation.py", line 767, in _score
    scores = scorer(estimator, X_test, y_test)
  File "/Library/Frameworks/Python.framework/Versions/3.10/lib/python3.10/site-packages/sklearn/metrics/_scorer.py", line 106, in __call__
    score = scorer._score(cached_call, estimator, *args, **kwargs)
  File "/Library/Frameworks/Python.framework/Versions/3.10/lib/python3.10/site-packages/sklearn/metrics/_scorer.py", line 267, in _score
    return self._sign * self._score_func(y_true, y_pred, **self._kwargs)
  File "/Library/Frameworks/Python.framework/Versions/3.10/lib/python3.10/site-packages/sklearn/metrics/_regression.py", line 196, in mean_absolute_error
    y_type, y_true, y_pred, multioutput = _check_reg_targets(
  File "/Library/Frameworks/Python.framework/Versions/3.10/lib/python3.10/site-packages/sklearn/metrics/_regression.py", line 102, in _check_reg_targets
    y_pred = check_array(y_pred, ensure_2d=False, dtype=dtype)
  File "/Library/Frameworks/Python.framework/Versions/3.10/lib/python3.10/site-packages/sklearn/utils/validation.py", line 899, in check_array
    _assert_all_finite(
  File "/Library/Frameworks/Python.framework/Versions/3.10/lib/python3.10/site-packages/sklearn/utils/validation.py", line 146, in _assert_all_finite
    raise ValueError(msg_err)
ValueError: Input contains NaN.

  warnings.warn(

2022-12-25 15:24:16,411:WARNING:/Library/Frameworks/Python.framework/Versions/3.10/lib/python3.10/site-packages/sklearn/base.py:493: FutureWarning: The feature names should match those that were passed during fit. Starting version 1.2, an error will be raised.
Feature names unseen at fit time:
- target
Feature names seen at fit time, yet now missing:
- Price

  warnings.warn(message, FutureWarning)

2022-12-25 15:24:16,415:WARNING:/Library/Frameworks/Python.framework/Versions/3.10/lib/python3.10/site-packages/sklearn/model_selection/_validation.py:776: UserWarning: Scoring failed. The score on this train-test partition for these parameters will be set to 0. Details: 
Traceback (most recent call last):
  File "/Library/Frameworks/Python.framework/Versions/3.10/lib/python3.10/site-packages/sklearn/model_selection/_validation.py", line 767, in _score
    scores = scorer(estimator, X_test, y_test)
  File "/Library/Frameworks/Python.framework/Versions/3.10/lib/python3.10/site-packages/sklearn/metrics/_scorer.py", line 106, in __call__
    score = scorer._score(cached_call, estimator, *args, **kwargs)
  File "/Library/Frameworks/Python.framework/Versions/3.10/lib/python3.10/site-packages/sklearn/metrics/_scorer.py", line 267, in _score
    return self._sign * self._score_func(y_true, y_pred, **self._kwargs)
  File "/Library/Frameworks/Python.framework/Versions/3.10/lib/python3.10/site-packages/sklearn/metrics/_regression.py", line 196, in mean_absolute_error
    y_type, y_true, y_pred, multioutput = _check_reg_targets(
  File "/Library/Frameworks/Python.framework/Versions/3.10/lib/python3.10/site-packages/sklearn/metrics/_regression.py", line 102, in _check_reg_targets
    y_pred = check_array(y_pred, ensure_2d=False, dtype=dtype)
  File "/Library/Frameworks/Python.framework/Versions/3.10/lib/python3.10/site-packages/sklearn/utils/validation.py", line 899, in check_array
    _assert_all_finite(
  File "/Library/Frameworks/Python.framework/Versions/3.10/lib/python3.10/site-packages/sklearn/utils/validation.py", line 146, in _assert_all_finite
    raise ValueError(msg_err)
ValueError: Input contains NaN.

  warnings.warn(

2022-12-25 15:24:16,436:WARNING:/Library/Frameworks/Python.framework/Versions/3.10/lib/python3.10/site-packages/sklearn/base.py:493: FutureWarning: The feature names should match those that were passed during fit. Starting version 1.2, an error will be raised.
Feature names unseen at fit time:
- target
Feature names seen at fit time, yet now missing:
- Price

  warnings.warn(message, FutureWarning)

2022-12-25 15:24:16,440:WARNING:/Library/Frameworks/Python.framework/Versions/3.10/lib/python3.10/site-packages/sklearn/model_selection/_validation.py:776: UserWarning: Scoring failed. The score on this train-test partition for these parameters will be set to 0. Details: 
Traceback (most recent call last):
  File "/Library/Frameworks/Python.framework/Versions/3.10/lib/python3.10/site-packages/sklearn/model_selection/_validation.py", line 767, in _score
    scores = scorer(estimator, X_test, y_test)
  File "/Library/Frameworks/Python.framework/Versions/3.10/lib/python3.10/site-packages/sklearn/metrics/_scorer.py", line 106, in __call__
    score = scorer._score(cached_call, estimator, *args, **kwargs)
  File "/Library/Frameworks/Python.framework/Versions/3.10/lib/python3.10/site-packages/sklearn/metrics/_scorer.py", line 267, in _score
    return self._sign * self._score_func(y_true, y_pred, **self._kwargs)
  File "/Library/Frameworks/Python.framework/Versions/3.10/lib/python3.10/site-packages/sklearn/metrics/_regression.py", line 196, in mean_absolute_error
    y_type, y_true, y_pred, multioutput = _check_reg_targets(
  File "/Library/Frameworks/Python.framework/Versions/3.10/lib/python3.10/site-packages/sklearn/metrics/_regression.py", line 102, in _check_reg_targets
    y_pred = check_array(y_pred, ensure_2d=False, dtype=dtype)
  File "/Library/Frameworks/Python.framework/Versions/3.10/lib/python3.10/site-packages/sklearn/utils/validation.py", line 899, in check_array
    _assert_all_finite(
  File "/Library/Frameworks/Python.framework/Versions/3.10/lib/python3.10/site-packages/sklearn/utils/validation.py", line 146, in _assert_all_finite
    raise ValueError(msg_err)
ValueError: Input contains NaN.

  warnings.warn(

2022-12-25 15:24:16,453:WARNING:/Library/Frameworks/Python.framework/Versions/3.10/lib/python3.10/site-packages/sklearn/base.py:493: FutureWarning: The feature names should match those that were passed during fit. Starting version 1.2, an error will be raised.
Feature names unseen at fit time:
- target
Feature names seen at fit time, yet now missing:
- Price

  warnings.warn(message, FutureWarning)

2022-12-25 15:24:16,458:WARNING:/Library/Frameworks/Python.framework/Versions/3.10/lib/python3.10/site-packages/sklearn/model_selection/_validation.py:776: UserWarning: Scoring failed. The score on this train-test partition for these parameters will be set to 0. Details: 
Traceback (most recent call last):
  File "/Library/Frameworks/Python.framework/Versions/3.10/lib/python3.10/site-packages/sklearn/model_selection/_validation.py", line 767, in _score
    scores = scorer(estimator, X_test, y_test)
  File "/Library/Frameworks/Python.framework/Versions/3.10/lib/python3.10/site-packages/sklearn/metrics/_scorer.py", line 106, in __call__
    score = scorer._score(cached_call, estimator, *args, **kwargs)
  File "/Library/Frameworks/Python.framework/Versions/3.10/lib/python3.10/site-packages/sklearn/metrics/_scorer.py", line 267, in _score
    return self._sign * self._score_func(y_true, y_pred, **self._kwargs)
  File "/Library/Frameworks/Python.framework/Versions/3.10/lib/python3.10/site-packages/sklearn/metrics/_regression.py", line 196, in mean_absolute_error
    y_type, y_true, y_pred, multioutput = _check_reg_targets(
  File "/Library/Frameworks/Python.framework/Versions/3.10/lib/python3.10/site-packages/sklearn/metrics/_regression.py", line 102, in _check_reg_targets
    y_pred = check_array(y_pred, ensure_2d=False, dtype=dtype)
  File "/Library/Frameworks/Python.framework/Versions/3.10/lib/python3.10/site-packages/sklearn/utils/validation.py", line 899, in check_array
    _assert_all_finite(
  File "/Library/Frameworks/Python.framework/Versions/3.10/lib/python3.10/site-packages/sklearn/utils/validation.py", line 146, in _assert_all_finite
    raise ValueError(msg_err)
ValueError: Input contains NaN.

  warnings.warn(

2022-12-25 15:24:16,499:WARNING:/Library/Frameworks/Python.framework/Versions/3.10/lib/python3.10/site-packages/sklearn/base.py:493: FutureWarning: The feature names should match those that were passed during fit. Starting version 1.2, an error will be raised.
Feature names unseen at fit time:
- target
Feature names seen at fit time, yet now missing:
- Price

  warnings.warn(message, FutureWarning)

2022-12-25 15:24:16,502:WARNING:/Library/Frameworks/Python.framework/Versions/3.10/lib/python3.10/site-packages/sklearn/model_selection/_validation.py:776: UserWarning: Scoring failed. The score on this train-test partition for these parameters will be set to 0. Details: 
Traceback (most recent call last):
  File "/Library/Frameworks/Python.framework/Versions/3.10/lib/python3.10/site-packages/sklearn/model_selection/_validation.py", line 767, in _score
    scores = scorer(estimator, X_test, y_test)
  File "/Library/Frameworks/Python.framework/Versions/3.10/lib/python3.10/site-packages/sklearn/metrics/_scorer.py", line 106, in __call__
    score = scorer._score(cached_call, estimator, *args, **kwargs)
  File "/Library/Frameworks/Python.framework/Versions/3.10/lib/python3.10/site-packages/sklearn/metrics/_scorer.py", line 267, in _score
    return self._sign * self._score_func(y_true, y_pred, **self._kwargs)
  File "/Library/Frameworks/Python.framework/Versions/3.10/lib/python3.10/site-packages/sklearn/metrics/_regression.py", line 196, in mean_absolute_error
    y_type, y_true, y_pred, multioutput = _check_reg_targets(
  File "/Library/Frameworks/Python.framework/Versions/3.10/lib/python3.10/site-packages/sklearn/metrics/_regression.py", line 102, in _check_reg_targets
    y_pred = check_array(y_pred, ensure_2d=False, dtype=dtype)
  File "/Library/Frameworks/Python.framework/Versions/3.10/lib/python3.10/site-packages/sklearn/utils/validation.py", line 899, in check_array
    _assert_all_finite(
  File "/Library/Frameworks/Python.framework/Versions/3.10/lib/python3.10/site-packages/sklearn/utils/validation.py", line 146, in _assert_all_finite
    raise ValueError(msg_err)
ValueError: Input contains NaN.

  warnings.warn(

2022-12-25 15:24:16,723:WARNING:/Library/Frameworks/Python.framework/Versions/3.10/lib/python3.10/site-packages/sklearn/base.py:493: FutureWarning: The feature names should match those that were passed during fit. Starting version 1.2, an error will be raised.
Feature names unseen at fit time:
- target
Feature names seen at fit time, yet now missing:
- Price

  warnings.warn(message, FutureWarning)

2022-12-25 15:24:16,725:WARNING:/Library/Frameworks/Python.framework/Versions/3.10/lib/python3.10/site-packages/sklearn/model_selection/_validation.py:776: UserWarning: Scoring failed. The score on this train-test partition for these parameters will be set to 0. Details: 
Traceback (most recent call last):
  File "/Library/Frameworks/Python.framework/Versions/3.10/lib/python3.10/site-packages/sklearn/model_selection/_validation.py", line 767, in _score
    scores = scorer(estimator, X_test, y_test)
  File "/Library/Frameworks/Python.framework/Versions/3.10/lib/python3.10/site-packages/sklearn/metrics/_scorer.py", line 106, in __call__
    score = scorer._score(cached_call, estimator, *args, **kwargs)
  File "/Library/Frameworks/Python.framework/Versions/3.10/lib/python3.10/site-packages/sklearn/metrics/_scorer.py", line 267, in _score
    return self._sign * self._score_func(y_true, y_pred, **self._kwargs)
  File "/Library/Frameworks/Python.framework/Versions/3.10/lib/python3.10/site-packages/sklearn/metrics/_regression.py", line 196, in mean_absolute_error
    y_type, y_true, y_pred, multioutput = _check_reg_targets(
  File "/Library/Frameworks/Python.framework/Versions/3.10/lib/python3.10/site-packages/sklearn/metrics/_regression.py", line 102, in _check_reg_targets
    y_pred = check_array(y_pred, ensure_2d=False, dtype=dtype)
  File "/Library/Frameworks/Python.framework/Versions/3.10/lib/python3.10/site-packages/sklearn/utils/validation.py", line 899, in check_array
    _assert_all_finite(
  File "/Library/Frameworks/Python.framework/Versions/3.10/lib/python3.10/site-packages/sklearn/utils/validation.py", line 146, in _assert_all_finite
    raise ValueError(msg_err)
ValueError: Input contains NaN.

  warnings.warn(

2022-12-25 15:24:16,735:WARNING:/Library/Frameworks/Python.framework/Versions/3.10/lib/python3.10/site-packages/sklearn/base.py:493: FutureWarning: The feature names should match those that were passed during fit. Starting version 1.2, an error will be raised.
Feature names unseen at fit time:
- target
Feature names seen at fit time, yet now missing:
- Price

  warnings.warn(message, FutureWarning)

2022-12-25 15:24:16,737:WARNING:/Library/Frameworks/Python.framework/Versions/3.10/lib/python3.10/site-packages/sklearn/model_selection/_validation.py:776: UserWarning: Scoring failed. The score on this train-test partition for these parameters will be set to 0. Details: 
Traceback (most recent call last):
  File "/Library/Frameworks/Python.framework/Versions/3.10/lib/python3.10/site-packages/sklearn/model_selection/_validation.py", line 767, in _score
    scores = scorer(estimator, X_test, y_test)
  File "/Library/Frameworks/Python.framework/Versions/3.10/lib/python3.10/site-packages/sklearn/metrics/_scorer.py", line 106, in __call__
    score = scorer._score(cached_call, estimator, *args, **kwargs)
  File "/Library/Frameworks/Python.framework/Versions/3.10/lib/python3.10/site-packages/sklearn/metrics/_scorer.py", line 267, in _score
    return self._sign * self._score_func(y_true, y_pred, **self._kwargs)
  File "/Library/Frameworks/Python.framework/Versions/3.10/lib/python3.10/site-packages/sklearn/metrics/_regression.py", line 196, in mean_absolute_error
    y_type, y_true, y_pred, multioutput = _check_reg_targets(
  File "/Library/Frameworks/Python.framework/Versions/3.10/lib/python3.10/site-packages/sklearn/metrics/_regression.py", line 102, in _check_reg_targets
    y_pred = check_array(y_pred, ensure_2d=False, dtype=dtype)
  File "/Library/Frameworks/Python.framework/Versions/3.10/lib/python3.10/site-packages/sklearn/utils/validation.py", line 899, in check_array
    _assert_all_finite(
  File "/Library/Frameworks/Python.framework/Versions/3.10/lib/python3.10/site-packages/sklearn/utils/validation.py", line 146, in _assert_all_finite
    raise ValueError(msg_err)
ValueError: Input contains NaN.

  warnings.warn(

2022-12-25 15:24:16,738:INFO:Calculating mean and std
2022-12-25 15:24:16,739:INFO:Creating metrics dataframe
2022-12-25 15:24:16,744:INFO:Uploading results into container
2022-12-25 15:24:16,745:INFO:Uploading model into container now
2022-12-25 15:24:16,746:INFO:_master_model_container: 9
2022-12-25 15:24:16,746:INFO:_display_container: 2
2022-12-25 15:24:16,746:INFO:PassiveAggressiveRegressor(random_state=8916)
2022-12-25 15:24:16,746:INFO:create_model() successfully completed......................................
2022-12-25 15:24:16,862:WARNING:create_model() for PassiveAggressiveRegressor(random_state=8916) raised an exception or returned all 0.0, trying without fit_kwargs:
2022-12-25 15:24:16,868:WARNING:Traceback (most recent call last):
  File "/Library/Frameworks/Python.framework/Versions/3.10/lib/python3.10/site-packages/pycaret/internal/pycaret_experiment/supervised_experiment.py", line 795, in compare_models
    assert (
AssertionError

2022-12-25 15:24:16,869:INFO:Initializing create_model()
2022-12-25 15:24:16,869:INFO:create_model(self=<pycaret.regression.oop.RegressionExperiment object at 0x127ed2b60>, estimator=par, fold=KFold(n_splits=10, random_state=None, shuffle=False), round=4, cross_validation=True, predict=True, fit_kwargs={}, groups=None, refit=False, probability_threshold=None, experiment_custom_tags=None, verbose=False, system=False, add_to_model_list=True, metrics=None, display=<pycaret.internal.display.display.CommonDisplay object at 0x10b1bc9a0>, model_only=True, return_train_score=False, kwargs={})
2022-12-25 15:24:16,869:INFO:Checking exceptions
2022-12-25 15:24:16,869:INFO:Importing libraries
2022-12-25 15:24:16,869:INFO:Copying training dataset
2022-12-25 15:24:16,877:INFO:Defining folds
2022-12-25 15:24:16,878:INFO:Declaring metric variables
2022-12-25 15:24:16,885:INFO:Importing untrained model
2022-12-25 15:24:16,897:INFO:Passive Aggressive Regressor Imported successfully
2022-12-25 15:24:16,910:INFO:Starting cross validation
2022-12-25 15:24:16,913:INFO:Cross validating with KFold(n_splits=10, random_state=None, shuffle=False), n_jobs=-1
2022-12-25 15:24:17,478:WARNING:/Library/Frameworks/Python.framework/Versions/3.10/lib/python3.10/site-packages/sklearn/base.py:493: FutureWarning: The feature names should match those that were passed during fit. Starting version 1.2, an error will be raised.
Feature names unseen at fit time:
- target
Feature names seen at fit time, yet now missing:
- Price

  warnings.warn(message, FutureWarning)

2022-12-25 15:24:17,482:WARNING:/Library/Frameworks/Python.framework/Versions/3.10/lib/python3.10/site-packages/sklearn/model_selection/_validation.py:776: UserWarning: Scoring failed. The score on this train-test partition for these parameters will be set to 0. Details: 
Traceback (most recent call last):
  File "/Library/Frameworks/Python.framework/Versions/3.10/lib/python3.10/site-packages/sklearn/model_selection/_validation.py", line 767, in _score
    scores = scorer(estimator, X_test, y_test)
  File "/Library/Frameworks/Python.framework/Versions/3.10/lib/python3.10/site-packages/sklearn/metrics/_scorer.py", line 106, in __call__
    score = scorer._score(cached_call, estimator, *args, **kwargs)
  File "/Library/Frameworks/Python.framework/Versions/3.10/lib/python3.10/site-packages/sklearn/metrics/_scorer.py", line 267, in _score
    return self._sign * self._score_func(y_true, y_pred, **self._kwargs)
  File "/Library/Frameworks/Python.framework/Versions/3.10/lib/python3.10/site-packages/sklearn/metrics/_regression.py", line 196, in mean_absolute_error
    y_type, y_true, y_pred, multioutput = _check_reg_targets(
  File "/Library/Frameworks/Python.framework/Versions/3.10/lib/python3.10/site-packages/sklearn/metrics/_regression.py", line 102, in _check_reg_targets
    y_pred = check_array(y_pred, ensure_2d=False, dtype=dtype)
  File "/Library/Frameworks/Python.framework/Versions/3.10/lib/python3.10/site-packages/sklearn/utils/validation.py", line 899, in check_array
    _assert_all_finite(
  File "/Library/Frameworks/Python.framework/Versions/3.10/lib/python3.10/site-packages/sklearn/utils/validation.py", line 146, in _assert_all_finite
    raise ValueError(msg_err)
ValueError: Input contains NaN.

  warnings.warn(

2022-12-25 15:24:17,491:WARNING:/Library/Frameworks/Python.framework/Versions/3.10/lib/python3.10/site-packages/sklearn/base.py:493: FutureWarning: The feature names should match those that were passed during fit. Starting version 1.2, an error will be raised.
Feature names unseen at fit time:
- target
Feature names seen at fit time, yet now missing:
- Price

  warnings.warn(message, FutureWarning)

2022-12-25 15:24:17,494:WARNING:/Library/Frameworks/Python.framework/Versions/3.10/lib/python3.10/site-packages/sklearn/model_selection/_validation.py:776: UserWarning: Scoring failed. The score on this train-test partition for these parameters will be set to 0. Details: 
Traceback (most recent call last):
  File "/Library/Frameworks/Python.framework/Versions/3.10/lib/python3.10/site-packages/sklearn/model_selection/_validation.py", line 767, in _score
    scores = scorer(estimator, X_test, y_test)
  File "/Library/Frameworks/Python.framework/Versions/3.10/lib/python3.10/site-packages/sklearn/metrics/_scorer.py", line 106, in __call__
    score = scorer._score(cached_call, estimator, *args, **kwargs)
  File "/Library/Frameworks/Python.framework/Versions/3.10/lib/python3.10/site-packages/sklearn/metrics/_scorer.py", line 267, in _score
    return self._sign * self._score_func(y_true, y_pred, **self._kwargs)
  File "/Library/Frameworks/Python.framework/Versions/3.10/lib/python3.10/site-packages/sklearn/metrics/_regression.py", line 196, in mean_absolute_error
    y_type, y_true, y_pred, multioutput = _check_reg_targets(
  File "/Library/Frameworks/Python.framework/Versions/3.10/lib/python3.10/site-packages/sklearn/metrics/_regression.py", line 102, in _check_reg_targets
    y_pred = check_array(y_pred, ensure_2d=False, dtype=dtype)
  File "/Library/Frameworks/Python.framework/Versions/3.10/lib/python3.10/site-packages/sklearn/utils/validation.py", line 899, in check_array
    _assert_all_finite(
  File "/Library/Frameworks/Python.framework/Versions/3.10/lib/python3.10/site-packages/sklearn/utils/validation.py", line 146, in _assert_all_finite
    raise ValueError(msg_err)
ValueError: Input contains NaN.

  warnings.warn(

2022-12-25 15:24:17,505:WARNING:/Library/Frameworks/Python.framework/Versions/3.10/lib/python3.10/site-packages/sklearn/base.py:493: FutureWarning: The feature names should match those that were passed during fit. Starting version 1.2, an error will be raised.
Feature names unseen at fit time:
- target
Feature names seen at fit time, yet now missing:
- Price

  warnings.warn(message, FutureWarning)

2022-12-25 15:24:17,509:WARNING:/Library/Frameworks/Python.framework/Versions/3.10/lib/python3.10/site-packages/sklearn/model_selection/_validation.py:776: UserWarning: Scoring failed. The score on this train-test partition for these parameters will be set to 0. Details: 
Traceback (most recent call last):
  File "/Library/Frameworks/Python.framework/Versions/3.10/lib/python3.10/site-packages/sklearn/model_selection/_validation.py", line 767, in _score
    scores = scorer(estimator, X_test, y_test)
  File "/Library/Frameworks/Python.framework/Versions/3.10/lib/python3.10/site-packages/sklearn/metrics/_scorer.py", line 106, in __call__
    score = scorer._score(cached_call, estimator, *args, **kwargs)
  File "/Library/Frameworks/Python.framework/Versions/3.10/lib/python3.10/site-packages/sklearn/metrics/_scorer.py", line 267, in _score
    return self._sign * self._score_func(y_true, y_pred, **self._kwargs)
  File "/Library/Frameworks/Python.framework/Versions/3.10/lib/python3.10/site-packages/sklearn/metrics/_regression.py", line 196, in mean_absolute_error
    y_type, y_true, y_pred, multioutput = _check_reg_targets(
  File "/Library/Frameworks/Python.framework/Versions/3.10/lib/python3.10/site-packages/sklearn/metrics/_regression.py", line 102, in _check_reg_targets
    y_pred = check_array(y_pred, ensure_2d=False, dtype=dtype)
  File "/Library/Frameworks/Python.framework/Versions/3.10/lib/python3.10/site-packages/sklearn/utils/validation.py", line 899, in check_array
    _assert_all_finite(
  File "/Library/Frameworks/Python.framework/Versions/3.10/lib/python3.10/site-packages/sklearn/utils/validation.py", line 146, in _assert_all_finite
    raise ValueError(msg_err)
ValueError: Input contains NaN.

  warnings.warn(

2022-12-25 15:24:17,531:WARNING:/Library/Frameworks/Python.framework/Versions/3.10/lib/python3.10/site-packages/sklearn/base.py:493: FutureWarning: The feature names should match those that were passed during fit. Starting version 1.2, an error will be raised.
Feature names unseen at fit time:
- target
Feature names seen at fit time, yet now missing:
- Price

  warnings.warn(message, FutureWarning)

2022-12-25 15:24:17,535:WARNING:/Library/Frameworks/Python.framework/Versions/3.10/lib/python3.10/site-packages/sklearn/model_selection/_validation.py:776: UserWarning: Scoring failed. The score on this train-test partition for these parameters will be set to 0. Details: 
Traceback (most recent call last):
  File "/Library/Frameworks/Python.framework/Versions/3.10/lib/python3.10/site-packages/sklearn/model_selection/_validation.py", line 767, in _score
    scores = scorer(estimator, X_test, y_test)
  File "/Library/Frameworks/Python.framework/Versions/3.10/lib/python3.10/site-packages/sklearn/metrics/_scorer.py", line 106, in __call__
    score = scorer._score(cached_call, estimator, *args, **kwargs)
  File "/Library/Frameworks/Python.framework/Versions/3.10/lib/python3.10/site-packages/sklearn/metrics/_scorer.py", line 267, in _score
    return self._sign * self._score_func(y_true, y_pred, **self._kwargs)
  File "/Library/Frameworks/Python.framework/Versions/3.10/lib/python3.10/site-packages/sklearn/metrics/_regression.py", line 196, in mean_absolute_error
    y_type, y_true, y_pred, multioutput = _check_reg_targets(
  File "/Library/Frameworks/Python.framework/Versions/3.10/lib/python3.10/site-packages/sklearn/metrics/_regression.py", line 102, in _check_reg_targets
    y_pred = check_array(y_pred, ensure_2d=False, dtype=dtype)
  File "/Library/Frameworks/Python.framework/Versions/3.10/lib/python3.10/site-packages/sklearn/utils/validation.py", line 899, in check_array
    _assert_all_finite(
  File "/Library/Frameworks/Python.framework/Versions/3.10/lib/python3.10/site-packages/sklearn/utils/validation.py", line 146, in _assert_all_finite
    raise ValueError(msg_err)
ValueError: Input contains NaN.

  warnings.warn(

2022-12-25 15:24:18,018:WARNING:/Library/Frameworks/Python.framework/Versions/3.10/lib/python3.10/site-packages/sklearn/base.py:493: FutureWarning: The feature names should match those that were passed during fit. Starting version 1.2, an error will be raised.
Feature names unseen at fit time:
- target
Feature names seen at fit time, yet now missing:
- Price

  warnings.warn(message, FutureWarning)

2022-12-25 15:24:18,022:WARNING:/Library/Frameworks/Python.framework/Versions/3.10/lib/python3.10/site-packages/sklearn/model_selection/_validation.py:776: UserWarning: Scoring failed. The score on this train-test partition for these parameters will be set to 0. Details: 
Traceback (most recent call last):
  File "/Library/Frameworks/Python.framework/Versions/3.10/lib/python3.10/site-packages/sklearn/model_selection/_validation.py", line 767, in _score
    scores = scorer(estimator, X_test, y_test)
  File "/Library/Frameworks/Python.framework/Versions/3.10/lib/python3.10/site-packages/sklearn/metrics/_scorer.py", line 106, in __call__
    score = scorer._score(cached_call, estimator, *args, **kwargs)
  File "/Library/Frameworks/Python.framework/Versions/3.10/lib/python3.10/site-packages/sklearn/metrics/_scorer.py", line 267, in _score
    return self._sign * self._score_func(y_true, y_pred, **self._kwargs)
  File "/Library/Frameworks/Python.framework/Versions/3.10/lib/python3.10/site-packages/sklearn/metrics/_regression.py", line 196, in mean_absolute_error
    y_type, y_true, y_pred, multioutput = _check_reg_targets(
  File "/Library/Frameworks/Python.framework/Versions/3.10/lib/python3.10/site-packages/sklearn/metrics/_regression.py", line 102, in _check_reg_targets
    y_pred = check_array(y_pred, ensure_2d=False, dtype=dtype)
  File "/Library/Frameworks/Python.framework/Versions/3.10/lib/python3.10/site-packages/sklearn/utils/validation.py", line 899, in check_array
    _assert_all_finite(
  File "/Library/Frameworks/Python.framework/Versions/3.10/lib/python3.10/site-packages/sklearn/utils/validation.py", line 146, in _assert_all_finite
    raise ValueError(msg_err)
ValueError: Input contains NaN.

  warnings.warn(

2022-12-25 15:24:18,064:WARNING:/Library/Frameworks/Python.framework/Versions/3.10/lib/python3.10/site-packages/sklearn/base.py:493: FutureWarning: The feature names should match those that were passed during fit. Starting version 1.2, an error will be raised.
Feature names unseen at fit time:
- target
Feature names seen at fit time, yet now missing:
- Price

  warnings.warn(message, FutureWarning)

2022-12-25 15:24:18,068:WARNING:/Library/Frameworks/Python.framework/Versions/3.10/lib/python3.10/site-packages/sklearn/model_selection/_validation.py:776: UserWarning: Scoring failed. The score on this train-test partition for these parameters will be set to 0. Details: 
Traceback (most recent call last):
  File "/Library/Frameworks/Python.framework/Versions/3.10/lib/python3.10/site-packages/sklearn/model_selection/_validation.py", line 767, in _score
    scores = scorer(estimator, X_test, y_test)
  File "/Library/Frameworks/Python.framework/Versions/3.10/lib/python3.10/site-packages/sklearn/metrics/_scorer.py", line 106, in __call__
    score = scorer._score(cached_call, estimator, *args, **kwargs)
  File "/Library/Frameworks/Python.framework/Versions/3.10/lib/python3.10/site-packages/sklearn/metrics/_scorer.py", line 267, in _score
    return self._sign * self._score_func(y_true, y_pred, **self._kwargs)
  File "/Library/Frameworks/Python.framework/Versions/3.10/lib/python3.10/site-packages/sklearn/metrics/_regression.py", line 196, in mean_absolute_error
    y_type, y_true, y_pred, multioutput = _check_reg_targets(
  File "/Library/Frameworks/Python.framework/Versions/3.10/lib/python3.10/site-packages/sklearn/metrics/_regression.py", line 102, in _check_reg_targets
    y_pred = check_array(y_pred, ensure_2d=False, dtype=dtype)
  File "/Library/Frameworks/Python.framework/Versions/3.10/lib/python3.10/site-packages/sklearn/utils/validation.py", line 899, in check_array
    _assert_all_finite(
  File "/Library/Frameworks/Python.framework/Versions/3.10/lib/python3.10/site-packages/sklearn/utils/validation.py", line 146, in _assert_all_finite
    raise ValueError(msg_err)
ValueError: Input contains NaN.

  warnings.warn(

2022-12-25 15:24:18,077:WARNING:/Library/Frameworks/Python.framework/Versions/3.10/lib/python3.10/site-packages/sklearn/base.py:493: FutureWarning: The feature names should match those that were passed during fit. Starting version 1.2, an error will be raised.
Feature names unseen at fit time:
- target
Feature names seen at fit time, yet now missing:
- Price

  warnings.warn(message, FutureWarning)

2022-12-25 15:24:18,078:WARNING:/Library/Frameworks/Python.framework/Versions/3.10/lib/python3.10/site-packages/sklearn/base.py:493: FutureWarning: The feature names should match those that were passed during fit. Starting version 1.2, an error will be raised.
Feature names unseen at fit time:
- target
Feature names seen at fit time, yet now missing:
- Price

  warnings.warn(message, FutureWarning)

2022-12-25 15:24:18,081:WARNING:/Library/Frameworks/Python.framework/Versions/3.10/lib/python3.10/site-packages/sklearn/model_selection/_validation.py:776: UserWarning: Scoring failed. The score on this train-test partition for these parameters will be set to 0. Details: 
Traceback (most recent call last):
  File "/Library/Frameworks/Python.framework/Versions/3.10/lib/python3.10/site-packages/sklearn/model_selection/_validation.py", line 767, in _score
    scores = scorer(estimator, X_test, y_test)
  File "/Library/Frameworks/Python.framework/Versions/3.10/lib/python3.10/site-packages/sklearn/metrics/_scorer.py", line 106, in __call__
    score = scorer._score(cached_call, estimator, *args, **kwargs)
  File "/Library/Frameworks/Python.framework/Versions/3.10/lib/python3.10/site-packages/sklearn/metrics/_scorer.py", line 267, in _score
    return self._sign * self._score_func(y_true, y_pred, **self._kwargs)
  File "/Library/Frameworks/Python.framework/Versions/3.10/lib/python3.10/site-packages/sklearn/metrics/_regression.py", line 196, in mean_absolute_error
    y_type, y_true, y_pred, multioutput = _check_reg_targets(
  File "/Library/Frameworks/Python.framework/Versions/3.10/lib/python3.10/site-packages/sklearn/metrics/_regression.py", line 102, in _check_reg_targets
    y_pred = check_array(y_pred, ensure_2d=False, dtype=dtype)
  File "/Library/Frameworks/Python.framework/Versions/3.10/lib/python3.10/site-packages/sklearn/utils/validation.py", line 899, in check_array
    _assert_all_finite(
  File "/Library/Frameworks/Python.framework/Versions/3.10/lib/python3.10/site-packages/sklearn/utils/validation.py", line 146, in _assert_all_finite
    raise ValueError(msg_err)
ValueError: Input contains NaN.

  warnings.warn(

2022-12-25 15:24:18,082:WARNING:/Library/Frameworks/Python.framework/Versions/3.10/lib/python3.10/site-packages/sklearn/model_selection/_validation.py:776: UserWarning: Scoring failed. The score on this train-test partition for these parameters will be set to 0. Details: 
Traceback (most recent call last):
  File "/Library/Frameworks/Python.framework/Versions/3.10/lib/python3.10/site-packages/sklearn/model_selection/_validation.py", line 767, in _score
    scores = scorer(estimator, X_test, y_test)
  File "/Library/Frameworks/Python.framework/Versions/3.10/lib/python3.10/site-packages/sklearn/metrics/_scorer.py", line 106, in __call__
    score = scorer._score(cached_call, estimator, *args, **kwargs)
  File "/Library/Frameworks/Python.framework/Versions/3.10/lib/python3.10/site-packages/sklearn/metrics/_scorer.py", line 267, in _score
    return self._sign * self._score_func(y_true, y_pred, **self._kwargs)
  File "/Library/Frameworks/Python.framework/Versions/3.10/lib/python3.10/site-packages/sklearn/metrics/_regression.py", line 196, in mean_absolute_error
    y_type, y_true, y_pred, multioutput = _check_reg_targets(
  File "/Library/Frameworks/Python.framework/Versions/3.10/lib/python3.10/site-packages/sklearn/metrics/_regression.py", line 102, in _check_reg_targets
    y_pred = check_array(y_pred, ensure_2d=False, dtype=dtype)
  File "/Library/Frameworks/Python.framework/Versions/3.10/lib/python3.10/site-packages/sklearn/utils/validation.py", line 899, in check_array
    _assert_all_finite(
  File "/Library/Frameworks/Python.framework/Versions/3.10/lib/python3.10/site-packages/sklearn/utils/validation.py", line 146, in _assert_all_finite
    raise ValueError(msg_err)
ValueError: Input contains NaN.

  warnings.warn(

2022-12-25 15:24:18,336:WARNING:/Library/Frameworks/Python.framework/Versions/3.10/lib/python3.10/site-packages/sklearn/base.py:493: FutureWarning: The feature names should match those that were passed during fit. Starting version 1.2, an error will be raised.
Feature names unseen at fit time:
- target
Feature names seen at fit time, yet now missing:
- Price

  warnings.warn(message, FutureWarning)

2022-12-25 15:24:18,338:WARNING:/Library/Frameworks/Python.framework/Versions/3.10/lib/python3.10/site-packages/sklearn/model_selection/_validation.py:776: UserWarning: Scoring failed. The score on this train-test partition for these parameters will be set to 0. Details: 
Traceback (most recent call last):
  File "/Library/Frameworks/Python.framework/Versions/3.10/lib/python3.10/site-packages/sklearn/model_selection/_validation.py", line 767, in _score
    scores = scorer(estimator, X_test, y_test)
  File "/Library/Frameworks/Python.framework/Versions/3.10/lib/python3.10/site-packages/sklearn/metrics/_scorer.py", line 106, in __call__
    score = scorer._score(cached_call, estimator, *args, **kwargs)
  File "/Library/Frameworks/Python.framework/Versions/3.10/lib/python3.10/site-packages/sklearn/metrics/_scorer.py", line 267, in _score
    return self._sign * self._score_func(y_true, y_pred, **self._kwargs)
  File "/Library/Frameworks/Python.framework/Versions/3.10/lib/python3.10/site-packages/sklearn/metrics/_regression.py", line 196, in mean_absolute_error
    y_type, y_true, y_pred, multioutput = _check_reg_targets(
  File "/Library/Frameworks/Python.framework/Versions/3.10/lib/python3.10/site-packages/sklearn/metrics/_regression.py", line 102, in _check_reg_targets
    y_pred = check_array(y_pred, ensure_2d=False, dtype=dtype)
  File "/Library/Frameworks/Python.framework/Versions/3.10/lib/python3.10/site-packages/sklearn/utils/validation.py", line 899, in check_array
    _assert_all_finite(
  File "/Library/Frameworks/Python.framework/Versions/3.10/lib/python3.10/site-packages/sklearn/utils/validation.py", line 146, in _assert_all_finite
    raise ValueError(msg_err)
ValueError: Input contains NaN.

  warnings.warn(

2022-12-25 15:24:18,352:WARNING:/Library/Frameworks/Python.framework/Versions/3.10/lib/python3.10/site-packages/sklearn/base.py:493: FutureWarning: The feature names should match those that were passed during fit. Starting version 1.2, an error will be raised.
Feature names unseen at fit time:
- target
Feature names seen at fit time, yet now missing:
- Price

  warnings.warn(message, FutureWarning)

2022-12-25 15:24:18,356:WARNING:/Library/Frameworks/Python.framework/Versions/3.10/lib/python3.10/site-packages/sklearn/model_selection/_validation.py:776: UserWarning: Scoring failed. The score on this train-test partition for these parameters will be set to 0. Details: 
Traceback (most recent call last):
  File "/Library/Frameworks/Python.framework/Versions/3.10/lib/python3.10/site-packages/sklearn/model_selection/_validation.py", line 767, in _score
    scores = scorer(estimator, X_test, y_test)
  File "/Library/Frameworks/Python.framework/Versions/3.10/lib/python3.10/site-packages/sklearn/metrics/_scorer.py", line 106, in __call__
    score = scorer._score(cached_call, estimator, *args, **kwargs)
  File "/Library/Frameworks/Python.framework/Versions/3.10/lib/python3.10/site-packages/sklearn/metrics/_scorer.py", line 267, in _score
    return self._sign * self._score_func(y_true, y_pred, **self._kwargs)
  File "/Library/Frameworks/Python.framework/Versions/3.10/lib/python3.10/site-packages/sklearn/metrics/_regression.py", line 196, in mean_absolute_error
    y_type, y_true, y_pred, multioutput = _check_reg_targets(
  File "/Library/Frameworks/Python.framework/Versions/3.10/lib/python3.10/site-packages/sklearn/metrics/_regression.py", line 102, in _check_reg_targets
    y_pred = check_array(y_pred, ensure_2d=False, dtype=dtype)
  File "/Library/Frameworks/Python.framework/Versions/3.10/lib/python3.10/site-packages/sklearn/utils/validation.py", line 899, in check_array
    _assert_all_finite(
  File "/Library/Frameworks/Python.framework/Versions/3.10/lib/python3.10/site-packages/sklearn/utils/validation.py", line 146, in _assert_all_finite
    raise ValueError(msg_err)
ValueError: Input contains NaN.

  warnings.warn(

2022-12-25 15:24:18,357:INFO:Calculating mean and std
2022-12-25 15:24:18,359:INFO:Creating metrics dataframe
2022-12-25 15:24:18,363:INFO:Uploading results into container
2022-12-25 15:24:18,364:INFO:Uploading model into container now
2022-12-25 15:24:18,365:INFO:_master_model_container: 10
2022-12-25 15:24:18,365:INFO:_display_container: 2
2022-12-25 15:24:18,365:INFO:PassiveAggressiveRegressor(random_state=8916)
2022-12-25 15:24:18,366:INFO:create_model() successfully completed......................................
2022-12-25 15:24:18,486:ERROR:create_model() for PassiveAggressiveRegressor(random_state=8916) raised an exception or returned all 0.0:
2022-12-25 15:24:18,487:ERROR:Traceback (most recent call last):
  File "/Library/Frameworks/Python.framework/Versions/3.10/lib/python3.10/site-packages/pycaret/internal/pycaret_experiment/supervised_experiment.py", line 795, in compare_models
    assert (
AssertionError

During handling of the above exception, another exception occurred:

Traceback (most recent call last):
  File "/Library/Frameworks/Python.framework/Versions/3.10/lib/python3.10/site-packages/pycaret/internal/pycaret_experiment/supervised_experiment.py", line 811, in compare_models
    assert (
AssertionError

2022-12-25 15:24:18,487:INFO:Initializing Huber Regressor
2022-12-25 15:24:18,487:INFO:Total runtime is 0.4840435187021891 minutes
2022-12-25 15:24:18,493:INFO:SubProcess create_model() called ==================================
2022-12-25 15:24:18,493:INFO:Initializing create_model()
2022-12-25 15:24:18,493:INFO:create_model(self=<pycaret.regression.oop.RegressionExperiment object at 0x127ed2b60>, estimator=huber, fold=KFold(n_splits=10, random_state=None, shuffle=False), round=4, cross_validation=True, predict=True, fit_kwargs={}, groups=None, refit=False, probability_threshold=None, experiment_custom_tags=None, verbose=False, system=False, add_to_model_list=True, metrics=None, display=<pycaret.internal.display.display.CommonDisplay object at 0x10b1bc9a0>, model_only=True, return_train_score=False, kwargs={})
2022-12-25 15:24:18,494:INFO:Checking exceptions
2022-12-25 15:24:18,494:INFO:Importing libraries
2022-12-25 15:24:18,494:INFO:Copying training dataset
2022-12-25 15:24:18,502:INFO:Defining folds
2022-12-25 15:24:18,503:INFO:Declaring metric variables
2022-12-25 15:24:18,510:INFO:Importing untrained model
2022-12-25 15:24:18,519:INFO:Huber Regressor Imported successfully
2022-12-25 15:24:18,536:INFO:Starting cross validation
2022-12-25 15:24:18,542:INFO:Cross validating with KFold(n_splits=10, random_state=None, shuffle=False), n_jobs=-1
2022-12-25 15:24:19,250:WARNING:/Library/Frameworks/Python.framework/Versions/3.10/lib/python3.10/site-packages/sklearn/linear_model/_huber.py:335: ConvergenceWarning: lbfgs failed to converge (status=1):
STOP: TOTAL NO. of ITERATIONS REACHED LIMIT.

Increase the number of iterations (max_iter) or scale the data as shown in:
    https://scikit-learn.org/stable/modules/preprocessing.html
  self.n_iter_ = _check_optimize_result("lbfgs", opt_res, self.max_iter)

2022-12-25 15:24:19,253:WARNING:/Library/Frameworks/Python.framework/Versions/3.10/lib/python3.10/site-packages/sklearn/linear_model/_huber.py:335: ConvergenceWarning: lbfgs failed to converge (status=1):
STOP: TOTAL NO. of ITERATIONS REACHED LIMIT.

Increase the number of iterations (max_iter) or scale the data as shown in:
    https://scikit-learn.org/stable/modules/preprocessing.html
  self.n_iter_ = _check_optimize_result("lbfgs", opt_res, self.max_iter)

2022-12-25 15:24:19,306:WARNING:/Library/Frameworks/Python.framework/Versions/3.10/lib/python3.10/site-packages/sklearn/linear_model/_huber.py:335: ConvergenceWarning: lbfgs failed to converge (status=1):
STOP: TOTAL NO. of ITERATIONS REACHED LIMIT.

Increase the number of iterations (max_iter) or scale the data as shown in:
    https://scikit-learn.org/stable/modules/preprocessing.html
  self.n_iter_ = _check_optimize_result("lbfgs", opt_res, self.max_iter)

2022-12-25 15:24:19,320:WARNING:/Library/Frameworks/Python.framework/Versions/3.10/lib/python3.10/site-packages/sklearn/linear_model/_huber.py:335: ConvergenceWarning: lbfgs failed to converge (status=1):
STOP: TOTAL NO. of ITERATIONS REACHED LIMIT.

Increase the number of iterations (max_iter) or scale the data as shown in:
    https://scikit-learn.org/stable/modules/preprocessing.html
  self.n_iter_ = _check_optimize_result("lbfgs", opt_res, self.max_iter)

2022-12-25 15:24:19,360:WARNING:/Library/Frameworks/Python.framework/Versions/3.10/lib/python3.10/site-packages/sklearn/base.py:493: FutureWarning: The feature names should match those that were passed during fit. Starting version 1.2, an error will be raised.
Feature names unseen at fit time:
- target
Feature names seen at fit time, yet now missing:
- Price

  warnings.warn(message, FutureWarning)

2022-12-25 15:24:19,389:WARNING:/Library/Frameworks/Python.framework/Versions/3.10/lib/python3.10/site-packages/sklearn/base.py:493: FutureWarning: The feature names should match those that were passed during fit. Starting version 1.2, an error will be raised.
Feature names unseen at fit time:
- target
Feature names seen at fit time, yet now missing:
- Price

  warnings.warn(message, FutureWarning)

2022-12-25 15:24:19,401:WARNING:/Library/Frameworks/Python.framework/Versions/3.10/lib/python3.10/site-packages/sklearn/base.py:493: FutureWarning: The feature names should match those that were passed during fit. Starting version 1.2, an error will be raised.
Feature names unseen at fit time:
- target
Feature names seen at fit time, yet now missing:
- Price

  warnings.warn(message, FutureWarning)

2022-12-25 15:24:19,487:WARNING:/Library/Frameworks/Python.framework/Versions/3.10/lib/python3.10/site-packages/sklearn/base.py:493: FutureWarning: The feature names should match those that were passed during fit. Starting version 1.2, an error will be raised.
Feature names unseen at fit time:
- target
Feature names seen at fit time, yet now missing:
- Price

  warnings.warn(message, FutureWarning)

2022-12-25 15:24:20,040:WARNING:/Library/Frameworks/Python.framework/Versions/3.10/lib/python3.10/site-packages/sklearn/linear_model/_huber.py:335: ConvergenceWarning: lbfgs failed to converge (status=1):
STOP: TOTAL NO. of ITERATIONS REACHED LIMIT.

Increase the number of iterations (max_iter) or scale the data as shown in:
    https://scikit-learn.org/stable/modules/preprocessing.html
  self.n_iter_ = _check_optimize_result("lbfgs", opt_res, self.max_iter)

2022-12-25 15:24:20,120:WARNING:/Library/Frameworks/Python.framework/Versions/3.10/lib/python3.10/site-packages/sklearn/linear_model/_huber.py:335: ConvergenceWarning: lbfgs failed to converge (status=1):
STOP: TOTAL NO. of ITERATIONS REACHED LIMIT.

Increase the number of iterations (max_iter) or scale the data as shown in:
    https://scikit-learn.org/stable/modules/preprocessing.html
  self.n_iter_ = _check_optimize_result("lbfgs", opt_res, self.max_iter)

2022-12-25 15:24:20,130:WARNING:/Library/Frameworks/Python.framework/Versions/3.10/lib/python3.10/site-packages/sklearn/linear_model/_huber.py:335: ConvergenceWarning: lbfgs failed to converge (status=1):
STOP: TOTAL NO. of ITERATIONS REACHED LIMIT.

Increase the number of iterations (max_iter) or scale the data as shown in:
    https://scikit-learn.org/stable/modules/preprocessing.html
  self.n_iter_ = _check_optimize_result("lbfgs", opt_res, self.max_iter)

2022-12-25 15:24:20,166:WARNING:/Library/Frameworks/Python.framework/Versions/3.10/lib/python3.10/site-packages/sklearn/base.py:493: FutureWarning: The feature names should match those that were passed during fit. Starting version 1.2, an error will be raised.
Feature names unseen at fit time:
- target
Feature names seen at fit time, yet now missing:
- Price

  warnings.warn(message, FutureWarning)

2022-12-25 15:24:20,209:WARNING:/Library/Frameworks/Python.framework/Versions/3.10/lib/python3.10/site-packages/sklearn/linear_model/_huber.py:335: ConvergenceWarning: lbfgs failed to converge (status=1):
STOP: TOTAL NO. of ITERATIONS REACHED LIMIT.

Increase the number of iterations (max_iter) or scale the data as shown in:
    https://scikit-learn.org/stable/modules/preprocessing.html
  self.n_iter_ = _check_optimize_result("lbfgs", opt_res, self.max_iter)

2022-12-25 15:24:20,237:WARNING:/Library/Frameworks/Python.framework/Versions/3.10/lib/python3.10/site-packages/sklearn/base.py:493: FutureWarning: The feature names should match those that were passed during fit. Starting version 1.2, an error will be raised.
Feature names unseen at fit time:
- target
Feature names seen at fit time, yet now missing:
- Price

  warnings.warn(message, FutureWarning)

2022-12-25 15:24:20,254:WARNING:/Library/Frameworks/Python.framework/Versions/3.10/lib/python3.10/site-packages/sklearn/base.py:493: FutureWarning: The feature names should match those that were passed during fit. Starting version 1.2, an error will be raised.
Feature names unseen at fit time:
- target
Feature names seen at fit time, yet now missing:
- Price

  warnings.warn(message, FutureWarning)

2022-12-25 15:24:20,299:WARNING:/Library/Frameworks/Python.framework/Versions/3.10/lib/python3.10/site-packages/sklearn/base.py:493: FutureWarning: The feature names should match those that were passed during fit. Starting version 1.2, an error will be raised.
Feature names unseen at fit time:
- target
Feature names seen at fit time, yet now missing:
- Price

  warnings.warn(message, FutureWarning)

2022-12-25 15:24:20,580:WARNING:/Library/Frameworks/Python.framework/Versions/3.10/lib/python3.10/site-packages/sklearn/linear_model/_huber.py:335: ConvergenceWarning: lbfgs failed to converge (status=1):
STOP: TOTAL NO. of ITERATIONS REACHED LIMIT.

Increase the number of iterations (max_iter) or scale the data as shown in:
    https://scikit-learn.org/stable/modules/preprocessing.html
  self.n_iter_ = _check_optimize_result("lbfgs", opt_res, self.max_iter)

2022-12-25 15:24:20,623:WARNING:/Library/Frameworks/Python.framework/Versions/3.10/lib/python3.10/site-packages/sklearn/linear_model/_huber.py:335: ConvergenceWarning: lbfgs failed to converge (status=1):
STOP: TOTAL NO. of ITERATIONS REACHED LIMIT.

Increase the number of iterations (max_iter) or scale the data as shown in:
    https://scikit-learn.org/stable/modules/preprocessing.html
  self.n_iter_ = _check_optimize_result("lbfgs", opt_res, self.max_iter)

2022-12-25 15:24:20,642:WARNING:/Library/Frameworks/Python.framework/Versions/3.10/lib/python3.10/site-packages/sklearn/base.py:493: FutureWarning: The feature names should match those that were passed during fit. Starting version 1.2, an error will be raised.
Feature names unseen at fit time:
- target
Feature names seen at fit time, yet now missing:
- Price

  warnings.warn(message, FutureWarning)

2022-12-25 15:24:20,678:WARNING:/Library/Frameworks/Python.framework/Versions/3.10/lib/python3.10/site-packages/sklearn/base.py:493: FutureWarning: The feature names should match those that were passed during fit. Starting version 1.2, an error will be raised.
Feature names unseen at fit time:
- target
Feature names seen at fit time, yet now missing:
- Price

  warnings.warn(message, FutureWarning)

2022-12-25 15:24:20,683:INFO:Calculating mean and std
2022-12-25 15:24:20,684:INFO:Creating metrics dataframe
2022-12-25 15:24:20,689:INFO:Uploading results into container
2022-12-25 15:24:20,690:INFO:Uploading model into container now
2022-12-25 15:24:20,691:INFO:_master_model_container: 11
2022-12-25 15:24:20,691:INFO:_display_container: 2
2022-12-25 15:24:20,691:INFO:HuberRegressor()
2022-12-25 15:24:20,692:INFO:create_model() successfully completed......................................
2022-12-25 15:24:20,807:INFO:SubProcess create_model() end ==================================
2022-12-25 15:24:20,807:INFO:Creating metrics dataframe
2022-12-25 15:24:20,822:INFO:Initializing K Neighbors Regressor
2022-12-25 15:24:20,822:INFO:Total runtime is 0.5229683637619018 minutes
2022-12-25 15:24:20,829:INFO:SubProcess create_model() called ==================================
2022-12-25 15:24:20,829:INFO:Initializing create_model()
2022-12-25 15:24:20,829:INFO:create_model(self=<pycaret.regression.oop.RegressionExperiment object at 0x127ed2b60>, estimator=knn, fold=KFold(n_splits=10, random_state=None, shuffle=False), round=4, cross_validation=True, predict=True, fit_kwargs={}, groups=None, refit=False, probability_threshold=None, experiment_custom_tags=None, verbose=False, system=False, add_to_model_list=True, metrics=None, display=<pycaret.internal.display.display.CommonDisplay object at 0x10b1bc9a0>, model_only=True, return_train_score=False, kwargs={})
2022-12-25 15:24:20,830:INFO:Checking exceptions
2022-12-25 15:24:20,830:INFO:Importing libraries
2022-12-25 15:24:20,830:INFO:Copying training dataset
2022-12-25 15:24:20,837:INFO:Defining folds
2022-12-25 15:24:20,838:INFO:Declaring metric variables
2022-12-25 15:24:20,847:INFO:Importing untrained model
2022-12-25 15:24:20,854:INFO:K Neighbors Regressor Imported successfully
2022-12-25 15:24:20,873:INFO:Starting cross validation
2022-12-25 15:24:20,877:INFO:Cross validating with KFold(n_splits=10, random_state=None, shuffle=False), n_jobs=-1
2022-12-25 15:24:21,463:WARNING:/Library/Frameworks/Python.framework/Versions/3.10/lib/python3.10/site-packages/sklearn/base.py:493: FutureWarning: The feature names should match those that were passed during fit. Starting version 1.2, an error will be raised.
Feature names unseen at fit time:
- target
Feature names seen at fit time, yet now missing:
- Price

  warnings.warn(message, FutureWarning)

2022-12-25 15:24:21,527:WARNING:/Library/Frameworks/Python.framework/Versions/3.10/lib/python3.10/site-packages/sklearn/base.py:493: FutureWarning: The feature names should match those that were passed during fit. Starting version 1.2, an error will be raised.
Feature names unseen at fit time:
- target
Feature names seen at fit time, yet now missing:
- Price

  warnings.warn(message, FutureWarning)

2022-12-25 15:24:21,529:WARNING:/Library/Frameworks/Python.framework/Versions/3.10/lib/python3.10/site-packages/sklearn/base.py:493: FutureWarning: The feature names should match those that were passed during fit. Starting version 1.2, an error will be raised.
Feature names unseen at fit time:
- target
Feature names seen at fit time, yet now missing:
- Price

  warnings.warn(message, FutureWarning)

2022-12-25 15:24:21,656:WARNING:/Library/Frameworks/Python.framework/Versions/3.10/lib/python3.10/site-packages/sklearn/base.py:493: FutureWarning: The feature names should match those that were passed during fit. Starting version 1.2, an error will be raised.
Feature names unseen at fit time:
- target
Feature names seen at fit time, yet now missing:
- Price

  warnings.warn(message, FutureWarning)

2022-12-25 15:24:22,025:WARNING:/Library/Frameworks/Python.framework/Versions/3.10/lib/python3.10/site-packages/sklearn/base.py:493: FutureWarning: The feature names should match those that were passed during fit. Starting version 1.2, an error will be raised.
Feature names unseen at fit time:
- target
Feature names seen at fit time, yet now missing:
- Price

  warnings.warn(message, FutureWarning)

2022-12-25 15:24:22,117:WARNING:/Library/Frameworks/Python.framework/Versions/3.10/lib/python3.10/site-packages/sklearn/base.py:493: FutureWarning: The feature names should match those that were passed during fit. Starting version 1.2, an error will be raised.
Feature names unseen at fit time:
- target
Feature names seen at fit time, yet now missing:
- Price

  warnings.warn(message, FutureWarning)

2022-12-25 15:24:22,119:WARNING:/Library/Frameworks/Python.framework/Versions/3.10/lib/python3.10/site-packages/sklearn/base.py:493: FutureWarning: The feature names should match those that were passed during fit. Starting version 1.2, an error will be raised.
Feature names unseen at fit time:
- target
Feature names seen at fit time, yet now missing:
- Price

  warnings.warn(message, FutureWarning)

2022-12-25 15:24:22,196:WARNING:/Library/Frameworks/Python.framework/Versions/3.10/lib/python3.10/site-packages/sklearn/base.py:493: FutureWarning: The feature names should match those that were passed during fit. Starting version 1.2, an error will be raised.
Feature names unseen at fit time:
- target
Feature names seen at fit time, yet now missing:
- Price

  warnings.warn(message, FutureWarning)

2022-12-25 15:24:22,386:WARNING:/Library/Frameworks/Python.framework/Versions/3.10/lib/python3.10/site-packages/sklearn/base.py:493: FutureWarning: The feature names should match those that were passed during fit. Starting version 1.2, an error will be raised.
Feature names unseen at fit time:
- target
Feature names seen at fit time, yet now missing:
- Price

  warnings.warn(message, FutureWarning)

2022-12-25 15:24:22,440:WARNING:/Library/Frameworks/Python.framework/Versions/3.10/lib/python3.10/site-packages/sklearn/base.py:493: FutureWarning: The feature names should match those that were passed during fit. Starting version 1.2, an error will be raised.
Feature names unseen at fit time:
- target
Feature names seen at fit time, yet now missing:
- Price

  warnings.warn(message, FutureWarning)

2022-12-25 15:24:22,444:INFO:Calculating mean and std
2022-12-25 15:24:22,446:INFO:Creating metrics dataframe
2022-12-25 15:24:22,450:INFO:Uploading results into container
2022-12-25 15:24:22,451:INFO:Uploading model into container now
2022-12-25 15:24:22,452:INFO:_master_model_container: 12
2022-12-25 15:24:22,452:INFO:_display_container: 2
2022-12-25 15:24:22,453:INFO:KNeighborsRegressor(n_jobs=-1)
2022-12-25 15:24:22,453:INFO:create_model() successfully completed......................................
2022-12-25 15:24:22,571:INFO:SubProcess create_model() end ==================================
2022-12-25 15:24:22,571:INFO:Creating metrics dataframe
2022-12-25 15:24:22,587:INFO:Initializing Decision Tree Regressor
2022-12-25 15:24:22,587:INFO:Total runtime is 0.5523848017056783 minutes
2022-12-25 15:24:22,596:INFO:SubProcess create_model() called ==================================
2022-12-25 15:24:22,597:INFO:Initializing create_model()
2022-12-25 15:24:22,597:INFO:create_model(self=<pycaret.regression.oop.RegressionExperiment object at 0x127ed2b60>, estimator=dt, fold=KFold(n_splits=10, random_state=None, shuffle=False), round=4, cross_validation=True, predict=True, fit_kwargs={}, groups=None, refit=False, probability_threshold=None, experiment_custom_tags=None, verbose=False, system=False, add_to_model_list=True, metrics=None, display=<pycaret.internal.display.display.CommonDisplay object at 0x10b1bc9a0>, model_only=True, return_train_score=False, kwargs={})
2022-12-25 15:24:22,597:INFO:Checking exceptions
2022-12-25 15:24:22,598:INFO:Importing libraries
2022-12-25 15:24:22,598:INFO:Copying training dataset
2022-12-25 15:24:22,619:INFO:Defining folds
2022-12-25 15:24:22,619:INFO:Declaring metric variables
2022-12-25 15:24:22,631:INFO:Importing untrained model
2022-12-25 15:24:22,642:INFO:Decision Tree Regressor Imported successfully
2022-12-25 15:24:22,663:INFO:Starting cross validation
2022-12-25 15:24:22,669:INFO:Cross validating with KFold(n_splits=10, random_state=None, shuffle=False), n_jobs=-1
2022-12-25 15:24:23,249:WARNING:/Library/Frameworks/Python.framework/Versions/3.10/lib/python3.10/site-packages/sklearn/base.py:493: FutureWarning: The feature names should match those that were passed during fit. Starting version 1.2, an error will be raised.
Feature names unseen at fit time:
- target
Feature names seen at fit time, yet now missing:
- Price

  warnings.warn(message, FutureWarning)

2022-12-25 15:24:23,269:WARNING:/Library/Frameworks/Python.framework/Versions/3.10/lib/python3.10/site-packages/sklearn/base.py:493: FutureWarning: The feature names should match those that were passed during fit. Starting version 1.2, an error will be raised.
Feature names unseen at fit time:
- target
Feature names seen at fit time, yet now missing:
- Price

  warnings.warn(message, FutureWarning)

2022-12-25 15:24:23,270:WARNING:/Library/Frameworks/Python.framework/Versions/3.10/lib/python3.10/site-packages/sklearn/base.py:493: FutureWarning: The feature names should match those that were passed during fit. Starting version 1.2, an error will be raised.
Feature names unseen at fit time:
- target
Feature names seen at fit time, yet now missing:
- Price

  warnings.warn(message, FutureWarning)

2022-12-25 15:24:23,286:WARNING:/Library/Frameworks/Python.framework/Versions/3.10/lib/python3.10/site-packages/sklearn/base.py:493: FutureWarning: The feature names should match those that were passed during fit. Starting version 1.2, an error will be raised.
Feature names unseen at fit time:
- target
Feature names seen at fit time, yet now missing:
- Price

  warnings.warn(message, FutureWarning)

2022-12-25 15:24:23,806:WARNING:/Library/Frameworks/Python.framework/Versions/3.10/lib/python3.10/site-packages/sklearn/base.py:493: FutureWarning: The feature names should match those that were passed during fit. Starting version 1.2, an error will be raised.
Feature names unseen at fit time:
- target
Feature names seen at fit time, yet now missing:
- Price

  warnings.warn(message, FutureWarning)

2022-12-25 15:24:23,840:WARNING:/Library/Frameworks/Python.framework/Versions/3.10/lib/python3.10/site-packages/sklearn/base.py:493: FutureWarning: The feature names should match those that were passed during fit. Starting version 1.2, an error will be raised.
Feature names unseen at fit time:
- target
Feature names seen at fit time, yet now missing:
- Price

  warnings.warn(message, FutureWarning)

2022-12-25 15:24:23,856:WARNING:/Library/Frameworks/Python.framework/Versions/3.10/lib/python3.10/site-packages/sklearn/base.py:493: FutureWarning: The feature names should match those that were passed during fit. Starting version 1.2, an error will be raised.
Feature names unseen at fit time:
- target
Feature names seen at fit time, yet now missing:
- Price

  warnings.warn(message, FutureWarning)

2022-12-25 15:24:23,884:WARNING:/Library/Frameworks/Python.framework/Versions/3.10/lib/python3.10/site-packages/sklearn/base.py:493: FutureWarning: The feature names should match those that were passed during fit. Starting version 1.2, an error will be raised.
Feature names unseen at fit time:
- target
Feature names seen at fit time, yet now missing:
- Price

  warnings.warn(message, FutureWarning)

2022-12-25 15:24:24,136:WARNING:/Library/Frameworks/Python.framework/Versions/3.10/lib/python3.10/site-packages/sklearn/base.py:493: FutureWarning: The feature names should match those that were passed during fit. Starting version 1.2, an error will be raised.
Feature names unseen at fit time:
- target
Feature names seen at fit time, yet now missing:
- Price

  warnings.warn(message, FutureWarning)

2022-12-25 15:24:24,167:WARNING:/Library/Frameworks/Python.framework/Versions/3.10/lib/python3.10/site-packages/sklearn/base.py:493: FutureWarning: The feature names should match those that were passed during fit. Starting version 1.2, an error will be raised.
Feature names unseen at fit time:
- target
Feature names seen at fit time, yet now missing:
- Price

  warnings.warn(message, FutureWarning)

2022-12-25 15:24:24,173:INFO:Calculating mean and std
2022-12-25 15:24:24,175:INFO:Creating metrics dataframe
2022-12-25 15:24:24,179:INFO:Uploading results into container
2022-12-25 15:24:24,180:INFO:Uploading model into container now
2022-12-25 15:24:24,181:INFO:_master_model_container: 13
2022-12-25 15:24:24,181:INFO:_display_container: 2
2022-12-25 15:24:24,181:INFO:DecisionTreeRegressor(random_state=8916)
2022-12-25 15:24:24,181:INFO:create_model() successfully completed......................................
2022-12-25 15:24:24,302:INFO:SubProcess create_model() end ==================================
2022-12-25 15:24:24,303:INFO:Creating metrics dataframe
2022-12-25 15:24:24,319:INFO:Initializing Random Forest Regressor
2022-12-25 15:24:24,319:INFO:Total runtime is 0.5812521338462829 minutes
2022-12-25 15:24:24,328:INFO:SubProcess create_model() called ==================================
2022-12-25 15:24:24,329:INFO:Initializing create_model()
2022-12-25 15:24:24,329:INFO:create_model(self=<pycaret.regression.oop.RegressionExperiment object at 0x127ed2b60>, estimator=rf, fold=KFold(n_splits=10, random_state=None, shuffle=False), round=4, cross_validation=True, predict=True, fit_kwargs={}, groups=None, refit=False, probability_threshold=None, experiment_custom_tags=None, verbose=False, system=False, add_to_model_list=True, metrics=None, display=<pycaret.internal.display.display.CommonDisplay object at 0x10b1bc9a0>, model_only=True, return_train_score=False, kwargs={})
2022-12-25 15:24:24,330:INFO:Checking exceptions
2022-12-25 15:24:24,330:INFO:Importing libraries
2022-12-25 15:24:24,330:INFO:Copying training dataset
2022-12-25 15:24:24,338:INFO:Defining folds
2022-12-25 15:24:24,403:INFO:Declaring metric variables
2022-12-25 15:24:24,409:INFO:Importing untrained model
2022-12-25 15:24:24,427:INFO:Random Forest Regressor Imported successfully
2022-12-25 15:24:24,472:INFO:Starting cross validation
2022-12-25 15:24:24,476:INFO:Cross validating with KFold(n_splits=10, random_state=None, shuffle=False), n_jobs=-1
2022-12-25 15:24:26,975:WARNING:/Library/Frameworks/Python.framework/Versions/3.10/lib/python3.10/site-packages/sklearn/base.py:493: FutureWarning: The feature names should match those that were passed during fit. Starting version 1.2, an error will be raised.
Feature names unseen at fit time:
- target
Feature names seen at fit time, yet now missing:
- Price

  warnings.warn(message, FutureWarning)

2022-12-25 15:24:27,026:WARNING:/Library/Frameworks/Python.framework/Versions/3.10/lib/python3.10/site-packages/sklearn/base.py:493: FutureWarning: The feature names should match those that were passed during fit. Starting version 1.2, an error will be raised.
Feature names unseen at fit time:
- target
Feature names seen at fit time, yet now missing:
- Price

  warnings.warn(message, FutureWarning)

2022-12-25 15:24:27,182:WARNING:/Library/Frameworks/Python.framework/Versions/3.10/lib/python3.10/site-packages/sklearn/base.py:493: FutureWarning: The feature names should match those that were passed during fit. Starting version 1.2, an error will be raised.
Feature names unseen at fit time:
- target
Feature names seen at fit time, yet now missing:
- Price

  warnings.warn(message, FutureWarning)

2022-12-25 15:24:27,214:WARNING:/Library/Frameworks/Python.framework/Versions/3.10/lib/python3.10/site-packages/sklearn/base.py:493: FutureWarning: The feature names should match those that were passed during fit. Starting version 1.2, an error will be raised.
Feature names unseen at fit time:
- target
Feature names seen at fit time, yet now missing:
- Price

  warnings.warn(message, FutureWarning)

2022-12-25 15:24:29,519:WARNING:/Library/Frameworks/Python.framework/Versions/3.10/lib/python3.10/site-packages/sklearn/base.py:493: FutureWarning: The feature names should match those that were passed during fit. Starting version 1.2, an error will be raised.
Feature names unseen at fit time:
- target
Feature names seen at fit time, yet now missing:
- Price

  warnings.warn(message, FutureWarning)

2022-12-25 15:24:29,612:WARNING:/Library/Frameworks/Python.framework/Versions/3.10/lib/python3.10/site-packages/sklearn/base.py:493: FutureWarning: The feature names should match those that were passed during fit. Starting version 1.2, an error will be raised.
Feature names unseen at fit time:
- target
Feature names seen at fit time, yet now missing:
- Price

  warnings.warn(message, FutureWarning)

2022-12-25 15:24:29,730:WARNING:/Library/Frameworks/Python.framework/Versions/3.10/lib/python3.10/site-packages/sklearn/base.py:493: FutureWarning: The feature names should match those that were passed during fit. Starting version 1.2, an error will be raised.
Feature names unseen at fit time:
- target
Feature names seen at fit time, yet now missing:
- Price

  warnings.warn(message, FutureWarning)

2022-12-25 15:24:29,798:WARNING:/Library/Frameworks/Python.framework/Versions/3.10/lib/python3.10/site-packages/sklearn/base.py:493: FutureWarning: The feature names should match those that were passed during fit. Starting version 1.2, an error will be raised.
Feature names unseen at fit time:
- target
Feature names seen at fit time, yet now missing:
- Price

  warnings.warn(message, FutureWarning)

2022-12-25 15:24:30,996:WARNING:/Library/Frameworks/Python.framework/Versions/3.10/lib/python3.10/site-packages/sklearn/base.py:493: FutureWarning: The feature names should match those that were passed during fit. Starting version 1.2, an error will be raised.
Feature names unseen at fit time:
- target
Feature names seen at fit time, yet now missing:
- Price

  warnings.warn(message, FutureWarning)

2022-12-25 15:24:31,041:WARNING:/Library/Frameworks/Python.framework/Versions/3.10/lib/python3.10/site-packages/sklearn/base.py:493: FutureWarning: The feature names should match those that were passed during fit. Starting version 1.2, an error will be raised.
Feature names unseen at fit time:
- target
Feature names seen at fit time, yet now missing:
- Price

  warnings.warn(message, FutureWarning)

2022-12-25 15:24:31,046:INFO:Calculating mean and std
2022-12-25 15:24:31,048:INFO:Creating metrics dataframe
2022-12-25 15:24:31,052:INFO:Uploading results into container
2022-12-25 15:24:31,053:INFO:Uploading model into container now
2022-12-25 15:24:31,054:INFO:_master_model_container: 14
2022-12-25 15:24:31,054:INFO:_display_container: 2
2022-12-25 15:24:31,055:INFO:RandomForestRegressor(n_jobs=-1, random_state=8916)
2022-12-25 15:24:31,055:INFO:create_model() successfully completed......................................
2022-12-25 15:24:31,170:INFO:SubProcess create_model() end ==================================
2022-12-25 15:24:31,171:INFO:Creating metrics dataframe
2022-12-25 15:24:31,194:INFO:Initializing Extra Trees Regressor
2022-12-25 15:24:31,194:INFO:Total runtime is 0.6958311676979064 minutes
2022-12-25 15:24:31,201:INFO:SubProcess create_model() called ==================================
2022-12-25 15:24:31,201:INFO:Initializing create_model()
2022-12-25 15:24:31,201:INFO:create_model(self=<pycaret.regression.oop.RegressionExperiment object at 0x127ed2b60>, estimator=et, fold=KFold(n_splits=10, random_state=None, shuffle=False), round=4, cross_validation=True, predict=True, fit_kwargs={}, groups=None, refit=False, probability_threshold=None, experiment_custom_tags=None, verbose=False, system=False, add_to_model_list=True, metrics=None, display=<pycaret.internal.display.display.CommonDisplay object at 0x10b1bc9a0>, model_only=True, return_train_score=False, kwargs={})
2022-12-25 15:24:31,202:INFO:Checking exceptions
2022-12-25 15:24:31,203:INFO:Importing libraries
2022-12-25 15:24:31,203:INFO:Copying training dataset
2022-12-25 15:24:31,211:INFO:Defining folds
2022-12-25 15:24:31,211:INFO:Declaring metric variables
2022-12-25 15:24:31,230:INFO:Importing untrained model
2022-12-25 15:24:31,238:INFO:Extra Trees Regressor Imported successfully
2022-12-25 15:24:31,255:INFO:Starting cross validation
2022-12-25 15:24:31,259:INFO:Cross validating with KFold(n_splits=10, random_state=None, shuffle=False), n_jobs=-1
2022-12-25 15:24:33,957:WARNING:/Library/Frameworks/Python.framework/Versions/3.10/lib/python3.10/site-packages/sklearn/base.py:493: FutureWarning: The feature names should match those that were passed during fit. Starting version 1.2, an error will be raised.
Feature names unseen at fit time:
- target
Feature names seen at fit time, yet now missing:
- Price

  warnings.warn(message, FutureWarning)

2022-12-25 15:24:34,203:WARNING:/Library/Frameworks/Python.framework/Versions/3.10/lib/python3.10/site-packages/sklearn/base.py:493: FutureWarning: The feature names should match those that were passed during fit. Starting version 1.2, an error will be raised.
Feature names unseen at fit time:
- target
Feature names seen at fit time, yet now missing:
- Price

  warnings.warn(message, FutureWarning)

2022-12-25 15:24:34,322:WARNING:/Library/Frameworks/Python.framework/Versions/3.10/lib/python3.10/site-packages/sklearn/base.py:493: FutureWarning: The feature names should match those that were passed during fit. Starting version 1.2, an error will be raised.
Feature names unseen at fit time:
- target
Feature names seen at fit time, yet now missing:
- Price

  warnings.warn(message, FutureWarning)

2022-12-25 15:24:34,431:WARNING:/Library/Frameworks/Python.framework/Versions/3.10/lib/python3.10/site-packages/sklearn/base.py:493: FutureWarning: The feature names should match those that were passed during fit. Starting version 1.2, an error will be raised.
Feature names unseen at fit time:
- target
Feature names seen at fit time, yet now missing:
- Price

  warnings.warn(message, FutureWarning)

2022-12-25 15:24:37,177:WARNING:/Library/Frameworks/Python.framework/Versions/3.10/lib/python3.10/site-packages/sklearn/base.py:493: FutureWarning: The feature names should match those that were passed during fit. Starting version 1.2, an error will be raised.
Feature names unseen at fit time:
- target
Feature names seen at fit time, yet now missing:
- Price

  warnings.warn(message, FutureWarning)

2022-12-25 15:24:37,436:WARNING:/Library/Frameworks/Python.framework/Versions/3.10/lib/python3.10/site-packages/sklearn/base.py:493: FutureWarning: The feature names should match those that were passed during fit. Starting version 1.2, an error will be raised.
Feature names unseen at fit time:
- target
Feature names seen at fit time, yet now missing:
- Price

  warnings.warn(message, FutureWarning)

2022-12-25 15:24:37,559:WARNING:/Library/Frameworks/Python.framework/Versions/3.10/lib/python3.10/site-packages/sklearn/base.py:493: FutureWarning: The feature names should match those that were passed during fit. Starting version 1.2, an error will be raised.
Feature names unseen at fit time:
- target
Feature names seen at fit time, yet now missing:
- Price

  warnings.warn(message, FutureWarning)

2022-12-25 15:24:37,733:WARNING:/Library/Frameworks/Python.framework/Versions/3.10/lib/python3.10/site-packages/sklearn/base.py:493: FutureWarning: The feature names should match those that were passed during fit. Starting version 1.2, an error will be raised.
Feature names unseen at fit time:
- target
Feature names seen at fit time, yet now missing:
- Price

  warnings.warn(message, FutureWarning)

2022-12-25 15:24:39,027:WARNING:/Library/Frameworks/Python.framework/Versions/3.10/lib/python3.10/site-packages/sklearn/base.py:493: FutureWarning: The feature names should match those that were passed during fit. Starting version 1.2, an error will be raised.
Feature names unseen at fit time:
- target
Feature names seen at fit time, yet now missing:
- Price

  warnings.warn(message, FutureWarning)

2022-12-25 15:24:39,105:WARNING:/Library/Frameworks/Python.framework/Versions/3.10/lib/python3.10/site-packages/sklearn/base.py:493: FutureWarning: The feature names should match those that were passed during fit. Starting version 1.2, an error will be raised.
Feature names unseen at fit time:
- target
Feature names seen at fit time, yet now missing:
- Price

  warnings.warn(message, FutureWarning)

2022-12-25 15:24:39,110:INFO:Calculating mean and std
2022-12-25 15:24:39,112:INFO:Creating metrics dataframe
2022-12-25 15:24:39,116:INFO:Uploading results into container
2022-12-25 15:24:39,117:INFO:Uploading model into container now
2022-12-25 15:24:39,118:INFO:_master_model_container: 15
2022-12-25 15:24:39,119:INFO:_display_container: 2
2022-12-25 15:24:39,119:INFO:ExtraTreesRegressor(n_jobs=-1, random_state=8916)
2022-12-25 15:24:39,119:INFO:create_model() successfully completed......................................
2022-12-25 15:24:39,241:INFO:SubProcess create_model() end ==================================
2022-12-25 15:24:39,241:INFO:Creating metrics dataframe
2022-12-25 15:24:39,257:INFO:Initializing AdaBoost Regressor
2022-12-25 15:24:39,258:INFO:Total runtime is 0.8302207628885905 minutes
2022-12-25 15:24:39,264:INFO:SubProcess create_model() called ==================================
2022-12-25 15:24:39,265:INFO:Initializing create_model()
2022-12-25 15:24:39,265:INFO:create_model(self=<pycaret.regression.oop.RegressionExperiment object at 0x127ed2b60>, estimator=ada, fold=KFold(n_splits=10, random_state=None, shuffle=False), round=4, cross_validation=True, predict=True, fit_kwargs={}, groups=None, refit=False, probability_threshold=None, experiment_custom_tags=None, verbose=False, system=False, add_to_model_list=True, metrics=None, display=<pycaret.internal.display.display.CommonDisplay object at 0x10b1bc9a0>, model_only=True, return_train_score=False, kwargs={})
2022-12-25 15:24:39,265:INFO:Checking exceptions
2022-12-25 15:24:39,266:INFO:Importing libraries
2022-12-25 15:24:39,266:INFO:Copying training dataset
2022-12-25 15:24:39,275:INFO:Defining folds
2022-12-25 15:24:39,275:INFO:Declaring metric variables
2022-12-25 15:24:39,283:INFO:Importing untrained model
2022-12-25 15:24:39,303:INFO:AdaBoost Regressor Imported successfully
2022-12-25 15:24:39,329:INFO:Starting cross validation
2022-12-25 15:24:39,333:INFO:Cross validating with KFold(n_splits=10, random_state=None, shuffle=False), n_jobs=-1
2022-12-25 15:24:40,373:WARNING:/Library/Frameworks/Python.framework/Versions/3.10/lib/python3.10/site-packages/sklearn/base.py:493: FutureWarning: The feature names should match those that were passed during fit. Starting version 1.2, an error will be raised.
Feature names unseen at fit time:
- target
Feature names seen at fit time, yet now missing:
- Price

  warnings.warn(message, FutureWarning)

2022-12-25 15:24:40,443:WARNING:/Library/Frameworks/Python.framework/Versions/3.10/lib/python3.10/site-packages/sklearn/base.py:493: FutureWarning: The feature names should match those that were passed during fit. Starting version 1.2, an error will be raised.
Feature names unseen at fit time:
- target
Feature names seen at fit time, yet now missing:
- Price

  warnings.warn(message, FutureWarning)

2022-12-25 15:24:40,470:WARNING:/Library/Frameworks/Python.framework/Versions/3.10/lib/python3.10/site-packages/sklearn/base.py:493: FutureWarning: The feature names should match those that were passed during fit. Starting version 1.2, an error will be raised.
Feature names unseen at fit time:
- target
Feature names seen at fit time, yet now missing:
- Price

  warnings.warn(message, FutureWarning)

2022-12-25 15:24:40,498:WARNING:/Library/Frameworks/Python.framework/Versions/3.10/lib/python3.10/site-packages/sklearn/base.py:493: FutureWarning: The feature names should match those that were passed during fit. Starting version 1.2, an error will be raised.
Feature names unseen at fit time:
- target
Feature names seen at fit time, yet now missing:
- Price

  warnings.warn(message, FutureWarning)

2022-12-25 15:24:41,471:WARNING:/Library/Frameworks/Python.framework/Versions/3.10/lib/python3.10/site-packages/sklearn/base.py:493: FutureWarning: The feature names should match those that were passed during fit. Starting version 1.2, an error will be raised.
Feature names unseen at fit time:
- target
Feature names seen at fit time, yet now missing:
- Price

  warnings.warn(message, FutureWarning)

2022-12-25 15:24:41,517:WARNING:/Library/Frameworks/Python.framework/Versions/3.10/lib/python3.10/site-packages/sklearn/base.py:493: FutureWarning: The feature names should match those that were passed during fit. Starting version 1.2, an error will be raised.
Feature names unseen at fit time:
- target
Feature names seen at fit time, yet now missing:
- Price

  warnings.warn(message, FutureWarning)

2022-12-25 15:24:41,527:WARNING:/Library/Frameworks/Python.framework/Versions/3.10/lib/python3.10/site-packages/sklearn/base.py:493: FutureWarning: The feature names should match those that were passed during fit. Starting version 1.2, an error will be raised.
Feature names unseen at fit time:
- target
Feature names seen at fit time, yet now missing:
- Price

  warnings.warn(message, FutureWarning)

2022-12-25 15:24:41,549:WARNING:/Library/Frameworks/Python.framework/Versions/3.10/lib/python3.10/site-packages/sklearn/base.py:493: FutureWarning: The feature names should match those that were passed during fit. Starting version 1.2, an error will be raised.
Feature names unseen at fit time:
- target
Feature names seen at fit time, yet now missing:
- Price

  warnings.warn(message, FutureWarning)

2022-12-25 15:24:42,127:WARNING:/Library/Frameworks/Python.framework/Versions/3.10/lib/python3.10/site-packages/sklearn/base.py:493: FutureWarning: The feature names should match those that were passed during fit. Starting version 1.2, an error will be raised.
Feature names unseen at fit time:
- target
Feature names seen at fit time, yet now missing:
- Price

  warnings.warn(message, FutureWarning)

2022-12-25 15:24:42,143:WARNING:/Library/Frameworks/Python.framework/Versions/3.10/lib/python3.10/site-packages/sklearn/base.py:493: FutureWarning: The feature names should match those that were passed during fit. Starting version 1.2, an error will be raised.
Feature names unseen at fit time:
- target
Feature names seen at fit time, yet now missing:
- Price

  warnings.warn(message, FutureWarning)

2022-12-25 15:24:42,147:INFO:Calculating mean and std
2022-12-25 15:24:42,149:INFO:Creating metrics dataframe
2022-12-25 15:24:42,153:INFO:Uploading results into container
2022-12-25 15:24:42,154:INFO:Uploading model into container now
2022-12-25 15:24:42,155:INFO:_master_model_container: 16
2022-12-25 15:24:42,155:INFO:_display_container: 2
2022-12-25 15:24:42,155:INFO:AdaBoostRegressor(random_state=8916)
2022-12-25 15:24:42,155:INFO:create_model() successfully completed......................................
2022-12-25 15:24:42,273:INFO:SubProcess create_model() end ==================================
2022-12-25 15:24:42,274:INFO:Creating metrics dataframe
2022-12-25 15:24:42,295:INFO:Initializing Gradient Boosting Regressor
2022-12-25 15:24:42,295:INFO:Total runtime is 0.8808419307072958 minutes
2022-12-25 15:24:42,301:INFO:SubProcess create_model() called ==================================
2022-12-25 15:24:42,301:INFO:Initializing create_model()
2022-12-25 15:24:42,302:INFO:create_model(self=<pycaret.regression.oop.RegressionExperiment object at 0x127ed2b60>, estimator=gbr, fold=KFold(n_splits=10, random_state=None, shuffle=False), round=4, cross_validation=True, predict=True, fit_kwargs={}, groups=None, refit=False, probability_threshold=None, experiment_custom_tags=None, verbose=False, system=False, add_to_model_list=True, metrics=None, display=<pycaret.internal.display.display.CommonDisplay object at 0x10b1bc9a0>, model_only=True, return_train_score=False, kwargs={})
2022-12-25 15:24:42,302:INFO:Checking exceptions
2022-12-25 15:24:42,302:INFO:Importing libraries
2022-12-25 15:24:42,303:INFO:Copying training dataset
2022-12-25 15:24:42,311:INFO:Defining folds
2022-12-25 15:24:42,311:INFO:Declaring metric variables
2022-12-25 15:24:42,330:INFO:Importing untrained model
2022-12-25 15:24:42,344:INFO:Gradient Boosting Regressor Imported successfully
2022-12-25 15:24:42,362:INFO:Starting cross validation
2022-12-25 15:24:42,370:INFO:Cross validating with KFold(n_splits=10, random_state=None, shuffle=False), n_jobs=-1
2022-12-25 15:24:43,348:WARNING:/Library/Frameworks/Python.framework/Versions/3.10/lib/python3.10/site-packages/sklearn/base.py:493: FutureWarning: The feature names should match those that were passed during fit. Starting version 1.2, an error will be raised.
Feature names unseen at fit time:
- target
Feature names seen at fit time, yet now missing:
- Price

  warnings.warn(message, FutureWarning)

2022-12-25 15:24:43,430:WARNING:/Library/Frameworks/Python.framework/Versions/3.10/lib/python3.10/site-packages/sklearn/base.py:493: FutureWarning: The feature names should match those that were passed during fit. Starting version 1.2, an error will be raised.
Feature names unseen at fit time:
- target
Feature names seen at fit time, yet now missing:
- Price

  warnings.warn(message, FutureWarning)

2022-12-25 15:24:43,436:WARNING:/Library/Frameworks/Python.framework/Versions/3.10/lib/python3.10/site-packages/sklearn/base.py:493: FutureWarning: The feature names should match those that were passed during fit. Starting version 1.2, an error will be raised.
Feature names unseen at fit time:
- target
Feature names seen at fit time, yet now missing:
- Price

  warnings.warn(message, FutureWarning)

2022-12-25 15:24:43,570:WARNING:/Library/Frameworks/Python.framework/Versions/3.10/lib/python3.10/site-packages/sklearn/base.py:493: FutureWarning: The feature names should match those that were passed during fit. Starting version 1.2, an error will be raised.
Feature names unseen at fit time:
- target
Feature names seen at fit time, yet now missing:
- Price

  warnings.warn(message, FutureWarning)

2022-12-25 15:24:44,387:WARNING:/Library/Frameworks/Python.framework/Versions/3.10/lib/python3.10/site-packages/sklearn/base.py:493: FutureWarning: The feature names should match those that were passed during fit. Starting version 1.2, an error will be raised.
Feature names unseen at fit time:
- target
Feature names seen at fit time, yet now missing:
- Price

  warnings.warn(message, FutureWarning)

2022-12-25 15:24:44,466:WARNING:/Library/Frameworks/Python.framework/Versions/3.10/lib/python3.10/site-packages/sklearn/base.py:493: FutureWarning: The feature names should match those that were passed during fit. Starting version 1.2, an error will be raised.
Feature names unseen at fit time:
- target
Feature names seen at fit time, yet now missing:
- Price

  warnings.warn(message, FutureWarning)

2022-12-25 15:24:44,470:WARNING:/Library/Frameworks/Python.framework/Versions/3.10/lib/python3.10/site-packages/sklearn/base.py:493: FutureWarning: The feature names should match those that were passed during fit. Starting version 1.2, an error will be raised.
Feature names unseen at fit time:
- target
Feature names seen at fit time, yet now missing:
- Price

  warnings.warn(message, FutureWarning)

2022-12-25 15:24:44,566:WARNING:/Library/Frameworks/Python.framework/Versions/3.10/lib/python3.10/site-packages/sklearn/base.py:493: FutureWarning: The feature names should match those that were passed during fit. Starting version 1.2, an error will be raised.
Feature names unseen at fit time:
- target
Feature names seen at fit time, yet now missing:
- Price

  warnings.warn(message, FutureWarning)

2022-12-25 15:24:45,116:WARNING:/Library/Frameworks/Python.framework/Versions/3.10/lib/python3.10/site-packages/sklearn/base.py:493: FutureWarning: The feature names should match those that were passed during fit. Starting version 1.2, an error will be raised.
Feature names unseen at fit time:
- target
Feature names seen at fit time, yet now missing:
- Price

  warnings.warn(message, FutureWarning)

2022-12-25 15:24:45,160:WARNING:/Library/Frameworks/Python.framework/Versions/3.10/lib/python3.10/site-packages/sklearn/base.py:493: FutureWarning: The feature names should match those that were passed during fit. Starting version 1.2, an error will be raised.
Feature names unseen at fit time:
- target
Feature names seen at fit time, yet now missing:
- Price

  warnings.warn(message, FutureWarning)

2022-12-25 15:24:45,164:INFO:Calculating mean and std
2022-12-25 15:24:45,166:INFO:Creating metrics dataframe
2022-12-25 15:24:45,170:INFO:Uploading results into container
2022-12-25 15:24:45,171:INFO:Uploading model into container now
2022-12-25 15:24:45,172:INFO:_master_model_container: 17
2022-12-25 15:24:45,172:INFO:_display_container: 2
2022-12-25 15:24:45,173:INFO:GradientBoostingRegressor(random_state=8916)
2022-12-25 15:24:45,173:INFO:create_model() successfully completed......................................
2022-12-25 15:24:45,282:INFO:SubProcess create_model() end ==================================
2022-12-25 15:24:45,282:INFO:Creating metrics dataframe
2022-12-25 15:24:45,302:INFO:Initializing Light Gradient Boosting Machine
2022-12-25 15:24:45,303:INFO:Total runtime is 0.9309722979863485 minutes
2022-12-25 15:24:45,309:INFO:SubProcess create_model() called ==================================
2022-12-25 15:24:45,309:INFO:Initializing create_model()
2022-12-25 15:24:45,309:INFO:create_model(self=<pycaret.regression.oop.RegressionExperiment object at 0x127ed2b60>, estimator=lightgbm, fold=KFold(n_splits=10, random_state=None, shuffle=False), round=4, cross_validation=True, predict=True, fit_kwargs={}, groups=None, refit=False, probability_threshold=None, experiment_custom_tags=None, verbose=False, system=False, add_to_model_list=True, metrics=None, display=<pycaret.internal.display.display.CommonDisplay object at 0x10b1bc9a0>, model_only=True, return_train_score=False, kwargs={})
2022-12-25 15:24:45,309:INFO:Checking exceptions
2022-12-25 15:24:45,309:INFO:Importing libraries
2022-12-25 15:24:45,310:INFO:Copying training dataset
2022-12-25 15:24:45,316:INFO:Defining folds
2022-12-25 15:24:45,316:INFO:Declaring metric variables
2022-12-25 15:24:45,325:INFO:Importing untrained model
2022-12-25 15:24:45,334:INFO:Light Gradient Boosting Machine Imported successfully
2022-12-25 15:24:45,356:INFO:Starting cross validation
2022-12-25 15:24:45,360:INFO:Cross validating with KFold(n_splits=10, random_state=None, shuffle=False), n_jobs=-1
2022-12-25 15:24:46,265:WARNING:/Library/Frameworks/Python.framework/Versions/3.10/lib/python3.10/site-packages/sklearn/base.py:493: FutureWarning: The feature names should match those that were passed during fit. Starting version 1.2, an error will be raised.
Feature names unseen at fit time:
- target
Feature names seen at fit time, yet now missing:
- Price

  warnings.warn(message, FutureWarning)

2022-12-25 15:24:46,301:WARNING:/Library/Frameworks/Python.framework/Versions/3.10/lib/python3.10/site-packages/sklearn/base.py:493: FutureWarning: The feature names should match those that were passed during fit. Starting version 1.2, an error will be raised.
Feature names unseen at fit time:
- target
Feature names seen at fit time, yet now missing:
- Price

  warnings.warn(message, FutureWarning)

2022-12-25 15:24:46,315:WARNING:/Library/Frameworks/Python.framework/Versions/3.10/lib/python3.10/site-packages/sklearn/base.py:493: FutureWarning: The feature names should match those that were passed during fit. Starting version 1.2, an error will be raised.
Feature names unseen at fit time:
- target
Feature names seen at fit time, yet now missing:
- Price

  warnings.warn(message, FutureWarning)

2022-12-25 15:24:46,345:WARNING:/Library/Frameworks/Python.framework/Versions/3.10/lib/python3.10/site-packages/sklearn/base.py:493: FutureWarning: The feature names should match those that were passed during fit. Starting version 1.2, an error will be raised.
Feature names unseen at fit time:
- target
Feature names seen at fit time, yet now missing:
- Price

  warnings.warn(message, FutureWarning)

2022-12-25 15:24:46,949:WARNING:/Library/Frameworks/Python.framework/Versions/3.10/lib/python3.10/site-packages/sklearn/base.py:493: FutureWarning: The feature names should match those that were passed during fit. Starting version 1.2, an error will be raised.
Feature names unseen at fit time:
- target
Feature names seen at fit time, yet now missing:
- Price

  warnings.warn(message, FutureWarning)

2022-12-25 15:24:46,969:WARNING:/Library/Frameworks/Python.framework/Versions/3.10/lib/python3.10/site-packages/sklearn/base.py:493: FutureWarning: The feature names should match those that were passed during fit. Starting version 1.2, an error will be raised.
Feature names unseen at fit time:
- target
Feature names seen at fit time, yet now missing:
- Price

  warnings.warn(message, FutureWarning)

2022-12-25 15:24:47,021:WARNING:/Library/Frameworks/Python.framework/Versions/3.10/lib/python3.10/site-packages/sklearn/base.py:493: FutureWarning: The feature names should match those that were passed during fit. Starting version 1.2, an error will be raised.
Feature names unseen at fit time:
- target
Feature names seen at fit time, yet now missing:
- Price

  warnings.warn(message, FutureWarning)

2022-12-25 15:24:47,052:WARNING:/Library/Frameworks/Python.framework/Versions/3.10/lib/python3.10/site-packages/sklearn/base.py:493: FutureWarning: The feature names should match those that were passed during fit. Starting version 1.2, an error will be raised.
Feature names unseen at fit time:
- target
Feature names seen at fit time, yet now missing:
- Price

  warnings.warn(message, FutureWarning)

2022-12-25 15:24:47,353:WARNING:/Library/Frameworks/Python.framework/Versions/3.10/lib/python3.10/site-packages/sklearn/base.py:493: FutureWarning: The feature names should match those that were passed during fit. Starting version 1.2, an error will be raised.
Feature names unseen at fit time:
- target
Feature names seen at fit time, yet now missing:
- Price

  warnings.warn(message, FutureWarning)

2022-12-25 15:24:47,361:WARNING:/Library/Frameworks/Python.framework/Versions/3.10/lib/python3.10/site-packages/sklearn/base.py:493: FutureWarning: The feature names should match those that were passed during fit. Starting version 1.2, an error will be raised.
Feature names unseen at fit time:
- target
Feature names seen at fit time, yet now missing:
- Price

  warnings.warn(message, FutureWarning)

2022-12-25 15:24:47,366:INFO:Calculating mean and std
2022-12-25 15:24:47,367:INFO:Creating metrics dataframe
2022-12-25 15:24:47,372:INFO:Uploading results into container
2022-12-25 15:24:47,372:INFO:Uploading model into container now
2022-12-25 15:24:47,374:INFO:_master_model_container: 18
2022-12-25 15:24:47,374:INFO:_display_container: 2
2022-12-25 15:24:47,375:INFO:LGBMRegressor(random_state=8916)
2022-12-25 15:24:47,375:INFO:create_model() successfully completed......................................
2022-12-25 15:24:47,484:INFO:SubProcess create_model() end ==================================
2022-12-25 15:24:47,484:INFO:Creating metrics dataframe
2022-12-25 15:24:47,502:INFO:Initializing Dummy Regressor
2022-12-25 15:24:47,502:INFO:Total runtime is 0.9676336844762167 minutes
2022-12-25 15:24:47,510:INFO:SubProcess create_model() called ==================================
2022-12-25 15:24:47,510:INFO:Initializing create_model()
2022-12-25 15:24:47,511:INFO:create_model(self=<pycaret.regression.oop.RegressionExperiment object at 0x127ed2b60>, estimator=dummy, fold=KFold(n_splits=10, random_state=None, shuffle=False), round=4, cross_validation=True, predict=True, fit_kwargs={}, groups=None, refit=False, probability_threshold=None, experiment_custom_tags=None, verbose=False, system=False, add_to_model_list=True, metrics=None, display=<pycaret.internal.display.display.CommonDisplay object at 0x10b1bc9a0>, model_only=True, return_train_score=False, kwargs={})
2022-12-25 15:24:47,511:INFO:Checking exceptions
2022-12-25 15:24:47,511:INFO:Importing libraries
2022-12-25 15:24:47,512:INFO:Copying training dataset
2022-12-25 15:24:47,519:INFO:Defining folds
2022-12-25 15:24:47,519:INFO:Declaring metric variables
2022-12-25 15:24:47,538:INFO:Importing untrained model
2022-12-25 15:24:47,551:INFO:Dummy Regressor Imported successfully
2022-12-25 15:24:47,570:INFO:Starting cross validation
2022-12-25 15:24:47,573:INFO:Cross validating with KFold(n_splits=10, random_state=None, shuffle=False), n_jobs=-1
2022-12-25 15:24:48,103:WARNING:/Library/Frameworks/Python.framework/Versions/3.10/lib/python3.10/site-packages/sklearn/base.py:493: FutureWarning: The feature names should match those that were passed during fit. Starting version 1.2, an error will be raised.
Feature names unseen at fit time:
- target
Feature names seen at fit time, yet now missing:
- Price

  warnings.warn(message, FutureWarning)

2022-12-25 15:24:48,126:WARNING:/Library/Frameworks/Python.framework/Versions/3.10/lib/python3.10/site-packages/sklearn/base.py:493: FutureWarning: The feature names should match those that were passed during fit. Starting version 1.2, an error will be raised.
Feature names unseen at fit time:
- target
Feature names seen at fit time, yet now missing:
- Price

  warnings.warn(message, FutureWarning)

2022-12-25 15:24:48,172:WARNING:/Library/Frameworks/Python.framework/Versions/3.10/lib/python3.10/site-packages/sklearn/base.py:493: FutureWarning: The feature names should match those that were passed during fit. Starting version 1.2, an error will be raised.
Feature names unseen at fit time:
- target
Feature names seen at fit time, yet now missing:
- Price

  warnings.warn(message, FutureWarning)

2022-12-25 15:24:48,172:WARNING:/Library/Frameworks/Python.framework/Versions/3.10/lib/python3.10/site-packages/sklearn/base.py:493: FutureWarning: The feature names should match those that were passed during fit. Starting version 1.2, an error will be raised.
Feature names unseen at fit time:
- target
Feature names seen at fit time, yet now missing:
- Price

  warnings.warn(message, FutureWarning)

2022-12-25 15:24:48,651:WARNING:/Library/Frameworks/Python.framework/Versions/3.10/lib/python3.10/site-packages/sklearn/base.py:493: FutureWarning: The feature names should match those that were passed during fit. Starting version 1.2, an error will be raised.
Feature names unseen at fit time:
- target
Feature names seen at fit time, yet now missing:
- Price

  warnings.warn(message, FutureWarning)

2022-12-25 15:24:48,671:WARNING:/Library/Frameworks/Python.framework/Versions/3.10/lib/python3.10/site-packages/sklearn/base.py:493: FutureWarning: The feature names should match those that were passed during fit. Starting version 1.2, an error will be raised.
Feature names unseen at fit time:
- target
Feature names seen at fit time, yet now missing:
- Price

  warnings.warn(message, FutureWarning)

2022-12-25 15:24:48,679:WARNING:/Library/Frameworks/Python.framework/Versions/3.10/lib/python3.10/site-packages/sklearn/base.py:493: FutureWarning: The feature names should match those that were passed during fit. Starting version 1.2, an error will be raised.
Feature names unseen at fit time:
- target
Feature names seen at fit time, yet now missing:
- Price

  warnings.warn(message, FutureWarning)

2022-12-25 15:24:48,704:WARNING:/Library/Frameworks/Python.framework/Versions/3.10/lib/python3.10/site-packages/sklearn/base.py:493: FutureWarning: The feature names should match those that were passed during fit. Starting version 1.2, an error will be raised.
Feature names unseen at fit time:
- target
Feature names seen at fit time, yet now missing:
- Price

  warnings.warn(message, FutureWarning)

2022-12-25 15:24:48,955:WARNING:/Library/Frameworks/Python.framework/Versions/3.10/lib/python3.10/site-packages/sklearn/base.py:493: FutureWarning: The feature names should match those that were passed during fit. Starting version 1.2, an error will be raised.
Feature names unseen at fit time:
- target
Feature names seen at fit time, yet now missing:
- Price

  warnings.warn(message, FutureWarning)

2022-12-25 15:24:48,956:WARNING:/Library/Frameworks/Python.framework/Versions/3.10/lib/python3.10/site-packages/sklearn/base.py:493: FutureWarning: The feature names should match those that were passed during fit. Starting version 1.2, an error will be raised.
Feature names unseen at fit time:
- target
Feature names seen at fit time, yet now missing:
- Price

  warnings.warn(message, FutureWarning)

2022-12-25 15:24:48,961:INFO:Calculating mean and std
2022-12-25 15:24:48,967:INFO:Creating metrics dataframe
2022-12-25 15:24:48,973:INFO:Uploading results into container
2022-12-25 15:24:48,975:INFO:Uploading model into container now
2022-12-25 15:24:48,976:INFO:_master_model_container: 19
2022-12-25 15:24:48,976:INFO:_display_container: 2
2022-12-25 15:24:48,976:INFO:DummyRegressor()
2022-12-25 15:24:48,977:INFO:create_model() successfully completed......................................
2022-12-25 15:24:49,100:INFO:SubProcess create_model() end ==================================
2022-12-25 15:24:49,101:INFO:Creating metrics dataframe
2022-12-25 15:24:49,138:INFO:Initializing create_model()
2022-12-25 15:24:49,138:INFO:create_model(self=<pycaret.regression.oop.RegressionExperiment object at 0x127ed2b60>, estimator=LGBMRegressor(random_state=8916), fold=KFold(n_splits=10, random_state=None, shuffle=False), round=4, cross_validation=False, predict=False, fit_kwargs={}, groups=None, refit=True, probability_threshold=None, experiment_custom_tags=None, verbose=False, system=False, add_to_model_list=True, metrics=None, display=None, model_only=True, return_train_score=False, kwargs={})
2022-12-25 15:24:49,138:INFO:Checking exceptions
2022-12-25 15:24:49,144:INFO:Importing libraries
2022-12-25 15:24:49,144:INFO:Copying training dataset
2022-12-25 15:24:49,152:INFO:Defining folds
2022-12-25 15:24:49,152:INFO:Declaring metric variables
2022-12-25 15:24:49,153:INFO:Importing untrained model
2022-12-25 15:24:49,153:INFO:Declaring custom model
2022-12-25 15:24:49,157:INFO:Light Gradient Boosting Machine Imported successfully
2022-12-25 15:24:49,161:INFO:Cross validation set to False
2022-12-25 15:24:49,161:INFO:Fitting Model
2022-12-25 15:24:49,513:WARNING:/Library/Frameworks/Python.framework/Versions/3.10/lib/python3.10/site-packages/category_encoders/one_hot.py:145: FutureWarning:

iteritems is deprecated and will be removed in a future version. Use .items instead.


2022-12-25 15:24:49,516:WARNING:/Library/Frameworks/Python.framework/Versions/3.10/lib/python3.10/site-packages/category_encoders/one_hot.py:145: FutureWarning:

iteritems is deprecated and will be removed in a future version. Use .items instead.


2022-12-25 15:24:49,519:WARNING:/Library/Frameworks/Python.framework/Versions/3.10/lib/python3.10/site-packages/category_encoders/one_hot.py:145: FutureWarning:

iteritems is deprecated and will be removed in a future version. Use .items instead.


2022-12-25 15:24:49,523:WARNING:/Library/Frameworks/Python.framework/Versions/3.10/lib/python3.10/site-packages/category_encoders/one_hot.py:145: FutureWarning:

iteritems is deprecated and will be removed in a future version. Use .items instead.


2022-12-25 15:24:49,526:WARNING:/Library/Frameworks/Python.framework/Versions/3.10/lib/python3.10/site-packages/category_encoders/one_hot.py:145: FutureWarning:

iteritems is deprecated and will be removed in a future version. Use .items instead.


2022-12-25 15:24:49,794:INFO:LGBMRegressor(random_state=8916)
2022-12-25 15:24:49,795:INFO:create_model() successfully completed......................................
2022-12-25 15:24:49,927:INFO:Creating Dashboard logs
2022-12-25 15:24:49,933:INFO:Model: Light Gradient Boosting Machine
2022-12-25 15:24:49,968:INFO:Logged params: {'boosting_type': 'gbdt', 'class_weight': None, 'colsample_bytree': 1.0, 'importance_type': 'split', 'learning_rate': 0.1, 'max_depth': -1, 'min_child_samples': 20, 'min_child_weight': 0.001, 'min_split_gain': 0.0, 'n_estimators': 100, 'n_jobs': -1, 'num_leaves': 31, 'objective': None, 'random_state': 8916, 'reg_alpha': 0.0, 'reg_lambda': 0.0, 'silent': 'warn', 'subsample': 1.0, 'subsample_for_bin': 200000, 'subsample_freq': 0}
2022-12-25 15:24:50,029:INFO:Initializing predict_model()
2022-12-25 15:24:50,029:INFO:predict_model(self=<pycaret.regression.oop.RegressionExperiment object at 0x127ed2b60>, estimator=LGBMRegressor(random_state=8916), probability_threshold=None, encoded_labels=False, raw_score=False, drift_report=False, round=4, verbose=False, ml_usecase=None, preprocess=True, replace_labels_in_column=<function _SupervisedExperiment.predict_model.<locals>.replace_labels_in_column at 0x12a662a70>)
2022-12-25 15:24:50,030:INFO:Checking exceptions
2022-12-25 15:24:50,030:INFO:Preloading libraries
2022-12-25 15:24:50,655:WARNING:/Library/Frameworks/Python.framework/Versions/3.10/lib/python3.10/site-packages/_distutils_hack/__init__.py:33: UserWarning:

Setuptools is replacing distutils.


2022-12-25 15:24:50,867:INFO:Creating Dashboard logs
2022-12-25 15:24:50,874:INFO:Model: Gradient Boosting Regressor
2022-12-25 15:24:50,907:INFO:Logged params: {'alpha': 0.9, 'ccp_alpha': 0.0, 'criterion': 'friedman_mse', 'init': None, 'learning_rate': 0.1, 'loss': 'squared_error', 'max_depth': 3, 'max_features': None, 'max_leaf_nodes': None, 'min_impurity_decrease': 0.0, 'min_samples_leaf': 1, 'min_samples_split': 2, 'min_weight_fraction_leaf': 0.0, 'n_estimators': 100, 'n_iter_no_change': None, 'random_state': 8916, 'subsample': 1.0, 'tol': 0.0001, 'validation_fraction': 0.1, 'verbose': 0, 'warm_start': False}
2022-12-25 15:24:51,167:INFO:Creating Dashboard logs
2022-12-25 15:24:51,176:INFO:Model: Extra Trees Regressor
2022-12-25 15:24:51,218:INFO:Logged params: {'bootstrap': False, 'ccp_alpha': 0.0, 'criterion': 'squared_error', 'max_depth': None, 'max_features': 1.0, 'max_leaf_nodes': None, 'max_samples': None, 'min_impurity_decrease': 0.0, 'min_samples_leaf': 1, 'min_samples_split': 2, 'min_weight_fraction_leaf': 0.0, 'n_estimators': 100, 'n_jobs': -1, 'oob_score': False, 'random_state': 8916, 'verbose': 0, 'warm_start': False}
2022-12-25 15:24:51,471:INFO:Creating Dashboard logs
2022-12-25 15:24:51,479:INFO:Model: Random Forest Regressor
2022-12-25 15:24:51,518:INFO:Logged params: {'bootstrap': True, 'ccp_alpha': 0.0, 'criterion': 'squared_error', 'max_depth': None, 'max_features': 1.0, 'max_leaf_nodes': None, 'max_samples': None, 'min_impurity_decrease': 0.0, 'min_samples_leaf': 1, 'min_samples_split': 2, 'min_weight_fraction_leaf': 0.0, 'n_estimators': 100, 'n_jobs': -1, 'oob_score': False, 'random_state': 8916, 'verbose': 0, 'warm_start': False}
2022-12-25 15:24:51,785:INFO:Creating Dashboard logs
2022-12-25 15:24:51,797:INFO:Model: Decision Tree Regressor
2022-12-25 15:24:51,854:INFO:Logged params: {'ccp_alpha': 0.0, 'criterion': 'squared_error', 'max_depth': None, 'max_features': None, 'max_leaf_nodes': None, 'min_impurity_decrease': 0.0, 'min_samples_leaf': 1, 'min_samples_split': 2, 'min_weight_fraction_leaf': 0.0, 'random_state': 8916, 'splitter': 'best'}
2022-12-25 15:24:52,167:INFO:Creating Dashboard logs
2022-12-25 15:24:52,178:INFO:Model: AdaBoost Regressor
2022-12-25 15:24:52,236:INFO:Logged params: {'base_estimator': None, 'learning_rate': 1.0, 'loss': 'linear', 'n_estimators': 50, 'random_state': 8916}
2022-12-25 15:24:52,525:INFO:Creating Dashboard logs
2022-12-25 15:24:52,536:INFO:Model: K Neighbors Regressor
2022-12-25 15:24:52,584:INFO:Logged params: {'algorithm': 'auto', 'leaf_size': 30, 'metric': 'minkowski', 'metric_params': None, 'n_jobs': -1, 'n_neighbors': 5, 'p': 2, 'weights': 'uniform'}
2022-12-25 15:24:52,865:INFO:Creating Dashboard logs
2022-12-25 15:24:52,874:INFO:Model: Orthogonal Matching Pursuit
2022-12-25 15:24:52,922:INFO:Logged params: {'fit_intercept': True, 'n_nonzero_coefs': None, 'normalize': 'deprecated', 'precompute': 'auto', 'tol': None}
2022-12-25 15:24:53,216:INFO:Creating Dashboard logs
2022-12-25 15:24:53,226:INFO:Model: Lasso Least Angle Regression
2022-12-25 15:24:53,268:INFO:Logged params: {'alpha': 1.0, 'copy_X': True, 'eps': 2.220446049250313e-16, 'fit_intercept': True, 'fit_path': True, 'jitter': None, 'max_iter': 500, 'normalize': 'deprecated', 'positive': False, 'precompute': 'auto', 'random_state': 8916, 'verbose': False}
2022-12-25 15:24:53,529:INFO:Creating Dashboard logs
2022-12-25 15:24:53,539:INFO:Model: Lasso Regression
2022-12-25 15:24:53,588:INFO:Logged params: {'alpha': 1.0, 'copy_X': True, 'fit_intercept': True, 'max_iter': 1000, 'normalize': 'deprecated', 'positive': False, 'precompute': False, 'random_state': 8916, 'selection': 'cyclic', 'tol': 0.0001, 'warm_start': False}
2022-12-25 15:24:53,843:INFO:Creating Dashboard logs
2022-12-25 15:24:53,852:INFO:Model: Elastic Net
2022-12-25 15:24:53,893:INFO:Logged params: {'alpha': 1.0, 'copy_X': True, 'fit_intercept': True, 'l1_ratio': 0.5, 'max_iter': 1000, 'normalize': 'deprecated', 'positive': False, 'precompute': False, 'random_state': 8916, 'selection': 'cyclic', 'tol': 0.0001, 'warm_start': False}
2022-12-25 15:24:54,141:INFO:Creating Dashboard logs
2022-12-25 15:24:54,151:INFO:Model: Dummy Regressor
2022-12-25 15:24:54,191:INFO:Logged params: {'constant': None, 'quantile': None, 'strategy': 'mean'}
2022-12-25 15:24:54,434:INFO:Creating Dashboard logs
2022-12-25 15:24:54,443:INFO:Model: Huber Regressor
2022-12-25 15:24:54,485:INFO:Logged params: {'alpha': 0.0001, 'epsilon': 1.35, 'fit_intercept': True, 'max_iter': 100, 'tol': 1e-05, 'warm_start': False}
2022-12-25 15:24:54,730:INFO:Creating Dashboard logs
2022-12-25 15:24:54,738:INFO:Model: Least Angle Regression
2022-12-25 15:24:54,777:INFO:Logged params: {'copy_X': True, 'eps': 2.220446049250313e-16, 'fit_intercept': True, 'fit_path': True, 'jitter': None, 'n_nonzero_coefs': 500, 'normalize': 'deprecated', 'precompute': 'auto', 'random_state': 8916, 'verbose': False}
2022-12-25 15:24:55,029:INFO:Creating Dashboard logs
2022-12-25 15:24:55,037:INFO:Model: Ridge Regression
2022-12-25 15:24:55,078:INFO:Logged params: {'alpha': 1.0, 'copy_X': True, 'fit_intercept': True, 'max_iter': None, 'normalize': 'deprecated', 'positive': False, 'random_state': 8916, 'solver': 'auto', 'tol': 0.001}
2022-12-25 15:24:55,326:INFO:Creating Dashboard logs
2022-12-25 15:24:55,335:INFO:Model: Bayesian Ridge
2022-12-25 15:24:55,372:INFO:Logged params: {'alpha_1': 1e-06, 'alpha_2': 1e-06, 'alpha_init': None, 'compute_score': False, 'copy_X': True, 'fit_intercept': True, 'lambda_1': 1e-06, 'lambda_2': 1e-06, 'lambda_init': None, 'n_iter': 300, 'normalize': 'deprecated', 'tol': 0.001, 'verbose': False}
2022-12-25 15:24:55,624:INFO:Creating Dashboard logs
2022-12-25 15:24:55,632:INFO:Model: Linear Regression
2022-12-25 15:24:55,671:INFO:Logged params: {'copy_X': True, 'fit_intercept': True, 'n_jobs': -1, 'normalize': 'deprecated', 'positive': False}
2022-12-25 15:24:55,951:INFO:_master_model_container: 19
2022-12-25 15:24:55,951:INFO:_display_container: 2
2022-12-25 15:24:55,952:INFO:LGBMRegressor(random_state=8916)
2022-12-25 15:24:55,953:INFO:compare_models() successfully completed......................................
2022-12-25 15:25:02,557:INFO:Initializing plot_model()
2022-12-25 15:25:02,558:INFO:plot_model(plot=residuals_interactive, fold=None, use_train_data=False, verbose=True, display=None, display_format=None, estimator=LGBMRegressor(random_state=8916), feature_name=None, fit_kwargs=None, groups=None, label=False, plot_kwargs=None, save=False, scale=1, self=<pycaret.regression.oop.RegressionExperiment object at 0x127ed2b60>, system=True)
2022-12-25 15:25:02,559:INFO:Checking exceptions
2022-12-25 15:25:02,568:INFO:Preloading libraries
2022-12-25 15:25:02,593:INFO:Copying training dataset
2022-12-25 15:25:02,593:INFO:Plot type: residuals_interactive
2022-12-25 15:25:03,357:INFO:Calculated model residuals
2022-12-25 15:25:04,666:WARNING:/Library/Frameworks/Python.framework/Versions/3.10/lib/python3.10/site-packages/pycaret/internal/plots/residual_plots.py:557: FutureWarning:

The behavior of `series[i:j]` with an integer-dtype index is deprecated. In a future version, this will be treated as *label-based* indexing, consistent with e.g. `series[i]` lookups. To retain the old behavior, use `series.iloc[i:j]`. To get the future behavior, use `series.loc[i:j]`.


2022-12-25 15:25:04,729:INFO:Calculated Tunkey-Anscombe Plot
2022-12-25 15:25:05,495:INFO:Calculated Normal QQ Plot
2022-12-25 15:25:06,731:WARNING:/Library/Frameworks/Python.framework/Versions/3.10/lib/python3.10/site-packages/pycaret/internal/plots/residual_plots.py:244: FutureWarning:

The behavior of `series[i:j]` with an integer-dtype index is deprecated. In a future version, this will be treated as *label-based* indexing, consistent with e.g. `series[i]` lookups. To retain the old behavior, use `series.iloc[i:j]`. To get the future behavior, use `series.loc[i:j]`.


2022-12-25 15:25:06,772:INFO:Calculated Scale-Location Plot
2022-12-25 15:25:08,190:WARNING:/Library/Frameworks/Python.framework/Versions/3.10/lib/python3.10/site-packages/pycaret/internal/plots/residual_plots.py:382: FutureWarning:

The behavior of `series[i:j]` with an integer-dtype index is deprecated. In a future version, this will be treated as *label-based* indexing, consistent with e.g. `series[i]` lookups. To retain the old behavior, use `series.iloc[i:j]`. To get the future behavior, use `series.loc[i:j]`.


2022-12-25 15:25:08,259:INFO:Calculated Residual vs Leverage Plot inc. Cook's distance
2022-12-25 15:25:08,356:INFO:Visual Rendered Successfully
2022-12-25 15:25:08,473:INFO:plot_model() successfully completed......................................
2022-12-25 15:25:13,372:INFO:Initializing plot_model()
2022-12-25 15:25:13,372:INFO:plot_model(plot=feature, fold=None, use_train_data=False, verbose=True, display=None, display_format=None, estimator=LGBMRegressor(random_state=8916), feature_name=None, fit_kwargs=None, groups=None, label=False, plot_kwargs=None, save=False, scale=1, self=<pycaret.regression.oop.RegressionExperiment object at 0x127ed2b60>, system=True)
2022-12-25 15:25:13,374:INFO:Checking exceptions
2022-12-25 15:25:13,384:INFO:Preloading libraries
2022-12-25 15:25:13,408:INFO:Copying training dataset
2022-12-25 15:25:13,408:INFO:Plot type: feature
2022-12-25 15:25:13,409:WARNING:No coef_ found. Trying feature_importances_
2022-12-25 15:25:13,992:INFO:Visual Rendered Successfully
2022-12-25 15:25:14,104:INFO:plot_model() successfully completed......................................
